2024-06-17 20:16:26,245 [INFO] Activator:176 - 


2024-06-17 20:16:26,245 [INFO] Activator:177 - !SESSION log4j initialized
2024-06-17 20:16:31,452 [INFO] LogOutputStream:77 - [STDOUT_REDIRECT] 
2024-06-17 20:16:34,030 [INFO] ApplicationProperties:184 - Using Application install path: D:\stm32\STM32CubeIDE_1.14.1\STM32CubeIDE\plugins\com.st.stm32cube.common.mx_6.10.0.202311202037
2024-06-17 20:16:34,072 [INFO] DbMcusXml:78 - Set database path to: D:\stm32\STM32CubeIDE_1.14.1\STM32CubeIDE\plugins\com.st.stm32cube.common.mx_6.10.0.202311202037\\db\/mcu/
2024-06-17 20:16:34,072 [INFO] ApiDb:274 - Set plugin database path to: D:\stm32\STM32CubeIDE_1.14.1\STM32CubeIDE\plugins\com.st.stm32cube.common.mx_6.10.0.202311202037\\db\/plugins/boardmanager/
2024-06-17 20:16:34,072 [WARN] ApiDb:259 - Overriding images path with different value:  => D:\stm32\STM32CubeIDE_1.14.1\STM32CubeIDE\plugins\com.st.stm32cube.common.mx_6.10.0.202311202037\\db\/plugins/mcufinder/images/
2024-06-17 20:16:34,079 [INFO] ApiDb:250 - Set database path to: C:\Users\srira\.stmcufinder\plugins\mcufinder//mcu/
2024-06-17 20:16:34,079 [INFO] DbMcusAds:125 - Set database path to: C:\Users\srira\.stmcufinder\plugins\mcufinder//mcu/
2024-06-17 20:16:34,079 [INFO] CrossReferenceDbSqlite:203 - Set database path to: C:\Users\srira\.stmcufinder\plugins\mcufinder//mcu/cs/
2024-06-17 20:16:34,278 [INFO] RulesReader:64 - Compatibility file has been processed (297 Rules)
2024-06-17 20:16:34,454 [INFO] DbMcusXml:78 - Set database path to: D:\stm32\STM32CubeIDE_1.14.1\STM32CubeIDE\plugins\com.st.stm32cube.common.mx_6.10.0.202311202037\\db\/mcu/
2024-06-17 20:16:34,454 [INFO] ApiDb:274 - Set plugin database path to: D:\stm32\STM32CubeIDE_1.14.1\STM32CubeIDE\plugins\com.st.stm32cube.common.mx_6.10.0.202311202037\\db\/plugins/boardmanager/
2024-06-17 20:16:34,454 [INFO] ApiDb:261 - Set plugin images path to: D:\stm32\STM32CubeIDE_1.14.1\STM32CubeIDE\plugins\com.st.stm32cube.common.mx_6.10.0.202311202037\\db\/plugins/mcufinder/images/
2024-06-17 20:16:34,454 [WARN] DbFile:41 - Overriding database path with different value: C:\Users\srira\.stmcufinder\plugins\mcufinder/ => C:\Users\srira\.stmcufinder\plugins\mcufinder
2024-06-17 20:16:34,454 [INFO] ApiDb:250 - Set database path to: C:\Users\srira\.stmcufinder\plugins\mcufinder//mcu/
2024-06-17 20:16:34,454 [WARN] DbFile:41 - Overriding database path with different value: C:\Users\srira\.stmcufinder\plugins\mcufinder/ => C:\Users\srira\.stmcufinder\plugins\mcufinder
2024-06-17 20:16:34,454 [INFO] DbMcusAds:125 - Set database path to: C:\Users\srira\.stmcufinder\plugins\mcufinder//mcu/
2024-06-17 20:16:34,454 [WARN] DbFile:41 - Overriding database path with different value: C:\Users\srira\.stmcufinder\plugins\mcufinder/ => C:\Users\srira\.stmcufinder\plugins\mcufinder
2024-06-17 20:16:34,454 [WARN] DbFile:41 - Overriding database path with different value: C:\Users\srira\.stmcufinder\plugins\mcufinder/ => C:\Users\srira\.stmcufinder\plugins\mcufinder
2024-06-17 20:16:34,454 [INFO] CrossReferenceDbSqlite:203 - Set database path to: C:\Users\srira\.stmcufinder\plugins\mcufinder//mcu/cs/
2024-06-17 20:16:34,623 [INFO] MainPanel:264 - HeapMemory: 268435456
2024-06-17 20:16:34,894 [INFO] DbMcusXml:78 - Set database path to: D:\stm32\STM32CubeIDE_1.14.1\STM32CubeIDE\plugins\com.st.stm32cube.common.mx_6.10.0.202311202037\\db\/mcu/
2024-06-17 20:16:34,894 [INFO] ApiDb:274 - Set plugin database path to: D:\stm32\STM32CubeIDE_1.14.1\STM32CubeIDE\plugins\com.st.stm32cube.common.mx_6.10.0.202311202037\\db\/plugins/boardmanager/
2024-06-17 20:16:34,894 [INFO] ApiDb:261 - Set plugin images path to: D:\stm32\STM32CubeIDE_1.14.1\STM32CubeIDE\plugins\com.st.stm32cube.common.mx_6.10.0.202311202037\\db\/plugins/mcufinder/images/
2024-06-17 20:16:34,894 [WARN] DbFile:41 - Overriding database path with different value: C:\Users\srira\.stmcufinder\plugins\mcufinder/ => C:\Users\srira\.stmcufinder\plugins\mcufinder
2024-06-17 20:16:34,894 [INFO] ApiDb:250 - Set database path to: C:\Users\srira\.stmcufinder\plugins\mcufinder//mcu/
2024-06-17 20:16:34,894 [WARN] DbFile:41 - Overriding database path with different value: C:\Users\srira\.stmcufinder\plugins\mcufinder/ => C:\Users\srira\.stmcufinder\plugins\mcufinder
2024-06-17 20:16:34,894 [INFO] DbMcusAds:125 - Set database path to: C:\Users\srira\.stmcufinder\plugins\mcufinder//mcu/
2024-06-17 20:16:34,894 [WARN] DbFile:41 - Overriding database path with different value: C:\Users\srira\.stmcufinder\plugins\mcufinder/ => C:\Users\srira\.stmcufinder\plugins\mcufinder
2024-06-17 20:16:34,894 [WARN] DbFile:41 - Overriding database path with different value: C:\Users\srira\.stmcufinder\plugins\mcufinder/ => C:\Users\srira\.stmcufinder\plugins\mcufinder
2024-06-17 20:16:34,894 [INFO] CrossReferenceDbSqlite:203 - Set database path to: C:\Users\srira\.stmcufinder\plugins\mcufinder//mcu/cs/
2024-06-17 20:16:34,942 [INFO] ApplicationProperties:184 - Using Application install path: D:\stm32\STM32CubeIDE_1.14.1\STM32CubeIDE\plugins\com.st.stm32cube.common.mx_6.10.0.202311202037
2024-06-17 20:16:34,942 [INFO] PluginManage:196 - Search for loadable plugins [exclusion list=, ]
2024-06-17 20:16:34,954 [INFO] PluginManage:310 - Check plugin analytics
2024-06-17 20:16:35,225 [INFO] AnalyticsPlugin:253 - Accepted Software Licenses: STM32CubeMX.6.10.0
2024-06-17 20:16:35,225 [INFO] AnalyticsPlugin:255 - Accepted CMSIS Pack Licenses: 
2024-06-17 20:16:35,225 [INFO] AnalyticsPlugin:257 - Accepted Firmware Licenses: FW.G0.1.6.0,FW.F4.1.28.0
2024-06-17 20:16:35,225 [INFO] PluginManage:359 - Loaded plugin analytics (category:tool,tabindex:-1)
2024-06-17 20:16:35,225 [INFO] PluginManage:310 - Check plugin cadmodel
2024-06-17 20:16:35,257 [INFO] CADModel:105 - Init CAD model plugin
2024-06-17 20:16:35,257 [INFO] PluginManage:359 - Loaded plugin cadmodel (category:power,tabindex:5)
2024-06-17 20:16:35,257 [INFO] PluginManage:310 - Check plugin clock
2024-06-17 20:16:35,273 [INFO] PluginManage:359 - Loaded plugin clock (category:base,tabindex:2)
2024-06-17 20:16:35,273 [INFO] PluginManage:310 - Check plugin ddr
2024-06-17 20:16:35,273 [INFO] PluginManage:359 - Loaded plugin ddr (category:tool,tabindex:6)
2024-06-17 20:16:35,273 [INFO] PluginManage:310 - Check plugin filemanager
2024-06-17 20:16:35,469 [INFO] PluginManage:359 - Loaded plugin filemanager (category:base,tabindex:10)
2024-06-17 20:16:35,469 [INFO] PluginManage:310 - Check plugin ipmanager
2024-06-17 20:16:35,491 [INFO] PluginManage:359 - Loaded plugin ipmanager (category:base,tabindex:5)
2024-06-17 20:16:35,491 [INFO] PluginManage:310 - Check plugin lpbam
2024-06-17 20:16:35,501 [INFO] PluginManage:359 - Loaded plugin lpbam (category:base,tabindex:0)
2024-06-17 20:16:35,501 [INFO] PluginManage:310 - Check plugin memorymap
2024-06-17 20:16:35,532 [INFO] PluginManage:359 - Loaded plugin memorymap (category:base,tabindex:4)
2024-06-17 20:16:35,532 [INFO] PluginManage:310 - Check plugin pinoutandconfiguration
2024-06-17 20:16:35,548 [INFO] PluginManage:359 - Loaded plugin pinoutandconfiguration (category:base,tabindex:1)
2024-06-17 20:16:35,548 [INFO] PluginManage:310 - Check plugin pinoutconfig
2024-06-17 20:16:35,634 [WARN] SupportedApi:132 - Cannot load RTOS API schema: s4s-elt-must-match.1: The content of 'definitions' must match (annotation?, (simpleType | complexType)?, (unique | key | keyref)*)). A problem was found starting at: attribute.
2024-06-17 20:16:35,855 [INFO] PluginManage:359 - Loaded plugin pinoutconfig (category:base,tabindex:0)
2024-06-17 20:16:35,855 [INFO] PluginManage:310 - Check plugin power
2024-06-17 20:16:35,886 [INFO] PluginManage:359 - Loaded plugin power (category:power,tabindex:4)
2024-06-17 20:16:35,886 [INFO] PluginManage:310 - Check plugin projectmanager
2024-06-17 20:16:35,902 [INFO] PluginManage:359 - Loaded plugin projectmanager (category:projectmanager,tabindex:3)
2024-06-17 20:16:35,902 [INFO] PluginManage:310 - Check plugin thirdparty
2024-06-17 20:16:36,092 [INFO] PluginManage:359 - Loaded plugin thirdparty (category:base,tabindex:-1)
2024-06-17 20:16:36,092 [INFO] PluginManage:310 - Check plugin tools
2024-06-17 20:16:36,092 [WARN] IntegrityCheckThread:84 - waiting for thirdparty lock release [integrity check]
2024-06-17 20:16:36,092 [INFO] IntegrityCheckThread:86 - entering critical section [integrity check]
2024-06-17 20:16:36,092 [INFO] PluginManage:359 - Loaded plugin tools (category:base,tabindex:7)
2024-06-17 20:16:36,092 [INFO] ThirdPartyUpdaterWithRetryManager:70 - Updater plugin not ready yet. [1/15]
2024-06-17 20:16:36,092 [INFO] PluginManage:310 - Check plugin tutovideos
2024-06-17 20:16:36,424 [INFO] PluginManage:359 - Loaded plugin tutovideos (category:base,tabindex:-1)
2024-06-17 20:16:36,424 [INFO] PluginManage:310 - Check plugin updater
2024-06-17 20:16:36,450 [INFO] PluginManage:359 - Loaded plugin updater (category:base,tabindex:12)
2024-06-17 20:16:36,450 [INFO] PluginManage:310 - Check plugin userauth
2024-06-17 20:16:36,455 [INFO] UserAuth:114 - Init User Auth plugin
2024-06-17 20:16:36,455 [INFO] PluginManage:359 - Loaded plugin userauth (category:base,tabindex:14)
2024-06-17 20:16:36,455 [INFO] PluginManage:283 - PluginManage : Loaded plugins [17]
2024-06-17 20:16:36,734 [INFO] PinOutPanel:1499 - setPackage(No Configuration,No Configuration)
2024-06-17 20:16:36,855 [INFO] CADModel:165 - CPN selected for project level
2024-06-17 20:16:36,855 [INFO] CADModel:114 - Register for checkConnection events
2024-06-17 20:16:36,876 [INFO] IPUIPlugin:80 - create IPUIPlugin
2024-06-17 20:16:36,876 [INFO] PluginManager:220 - loadIPPluginJar : add adc
2024-06-17 20:16:36,876 [INFO] IPUIPlugin:80 - create IPUIPlugin
2024-06-17 20:16:36,876 [INFO] PluginManager:220 - loadIPPluginJar : add aes
2024-06-17 20:16:36,876 [INFO] IPUIPlugin:80 - create IPUIPlugin
2024-06-17 20:16:36,876 [INFO] PluginManager:220 - loadIPPluginJar : add can
2024-06-17 20:16:36,876 [INFO] IPUIPlugin:80 - create IPUIPlugin
2024-06-17 20:16:36,876 [INFO] PluginManager:220 - loadIPPluginJar : add comp
2024-06-17 20:16:36,876 [INFO] IPUIPlugin:80 - create IPUIPlugin
2024-06-17 20:16:36,876 [INFO] PluginManager:220 - loadIPPluginJar : add cryp
2024-06-17 20:16:36,876 [INFO] IPUIPlugin:80 - create IPUIPlugin
2024-06-17 20:16:36,876 [INFO] PluginManager:220 - loadIPPluginJar : add dfsdm
2024-06-17 20:16:36,895 [INFO] IPUIPlugin:80 - create IPUIPlugin
2024-06-17 20:16:36,895 [INFO] PluginManager:220 - loadIPPluginJar : add dma
2024-06-17 20:16:36,895 [INFO] IPUIPlugin:80 - create IPUIPlugin
2024-06-17 20:16:36,895 [INFO] PluginManager:220 - loadIPPluginJar : add dma3
2024-06-17 20:16:36,895 [INFO] IPUIPlugin:80 - create IPUIPlugin
2024-06-17 20:16:36,895 [INFO] PluginManager:220 - loadIPPluginJar : add fatfs
2024-06-17 20:16:36,895 [INFO] IPUIPlugin:80 - create IPUIPlugin
2024-06-17 20:16:36,908 [INFO] PluginManager:220 - loadIPPluginJar : add fmc
2024-06-17 20:16:36,908 [INFO] IPUIPlugin:80 - create IPUIPlugin
2024-06-17 20:16:36,908 [INFO] PluginManager:220 - loadIPPluginJar : add freertos
2024-06-17 20:16:36,908 [INFO] IPUIPlugin:80 - create IPUIPlugin
2024-06-17 20:16:36,908 [INFO] PluginManager:220 - loadIPPluginJar : add genericplugin
2024-06-17 20:16:36,908 [INFO] IPUIPlugin:80 - create IPUIPlugin
2024-06-17 20:16:36,908 [INFO] PluginManager:220 - loadIPPluginJar : add gfxmmu
2024-06-17 20:16:36,908 [INFO] IPUIPlugin:80 - create IPUIPlugin
2024-06-17 20:16:36,908 [INFO] PluginManager:220 - loadIPPluginJar : add gic
2024-06-17 20:16:36,924 [INFO] IPUIPlugin:80 - create IPUIPlugin
2024-06-17 20:16:36,924 [INFO] PluginManager:220 - loadIPPluginJar : add gpio
2024-06-17 20:16:36,924 [INFO] IPUIPlugin:80 - create IPUIPlugin
2024-06-17 20:16:36,924 [INFO] PluginManager:220 - loadIPPluginJar : add gtzc
2024-06-17 20:16:36,924 [INFO] IPUIPlugin:80 - create IPUIPlugin
2024-06-17 20:16:36,924 [INFO] PluginManager:220 - loadIPPluginJar : add hash
2024-06-17 20:16:36,924 [INFO] IPUIPlugin:80 - create IPUIPlugin
2024-06-17 20:16:36,924 [INFO] PluginManager:220 - loadIPPluginJar : add i2c
2024-06-17 20:16:36,924 [INFO] IPUIPlugin:80 - create IPUIPlugin
2024-06-17 20:16:36,924 [INFO] PluginManager:220 - loadIPPluginJar : add i2s
2024-06-17 20:16:36,924 [INFO] IPUIPlugin:80 - create IPUIPlugin
2024-06-17 20:16:36,924 [INFO] PluginManager:220 - loadIPPluginJar : add i3c
2024-06-17 20:16:36,939 [INFO] IPUIPlugin:80 - create IPUIPlugin
2024-06-17 20:16:36,939 [INFO] PluginManager:220 - loadIPPluginJar : add ipddr
2024-06-17 20:16:36,955 [INFO] IPUIPlugin:80 - create IPUIPlugin
2024-06-17 20:16:36,955 [INFO] PluginManager:220 - loadIPPluginJar : add linkedlist
2024-06-17 20:16:36,955 [INFO] IPUIPlugin:80 - create IPUIPlugin
2024-06-17 20:16:36,955 [INFO] PluginManager:220 - loadIPPluginJar : add lorawan
2024-06-17 20:16:36,955 [INFO] IPUIPlugin:80 - create IPUIPlugin
2024-06-17 20:16:36,955 [INFO] PluginManager:220 - loadIPPluginJar : add ltdc
2024-06-17 20:16:36,955 [INFO] IPUIPlugin:80 - create IPUIPlugin
2024-06-17 20:16:36,955 [INFO] PluginManager:220 - loadIPPluginJar : add mdma
2024-06-17 20:16:36,955 [INFO] IPUIPlugin:80 - create IPUIPlugin
2024-06-17 20:16:36,955 [INFO] PluginManager:220 - loadIPPluginJar : add nvic
2024-06-17 20:16:36,955 [INFO] IPUIPlugin:80 - create IPUIPlugin
2024-06-17 20:16:36,955 [INFO] PluginManager:220 - loadIPPluginJar : add opamp
2024-06-17 20:16:36,971 [INFO] IPUIPlugin:80 - create IPUIPlugin
2024-06-17 20:16:36,971 [INFO] PluginManager:220 - loadIPPluginJar : add openamp
2024-06-17 20:16:36,971 [INFO] IPUIPlugin:80 - create IPUIPlugin
2024-06-17 20:16:36,971 [INFO] PluginManager:220 - loadIPPluginJar : add pdm2pcm
2024-06-17 20:16:36,971 [INFO] IPUIPlugin:80 - create IPUIPlugin
2024-06-17 20:16:36,971 [INFO] PluginManager:220 - loadIPPluginJar : add plateformsettings
2024-06-17 20:16:36,971 [INFO] IPUIPlugin:80 - create IPUIPlugin
2024-06-17 20:16:36,971 [INFO] PluginManager:220 - loadIPPluginJar : add quadspi
2024-06-17 20:16:36,971 [INFO] IPUIPlugin:80 - create IPUIPlugin
2024-06-17 20:16:36,971 [INFO] PluginManager:220 - loadIPPluginJar : add resmgrutility
2024-06-17 20:16:36,987 [INFO] IPUIPlugin:80 - create IPUIPlugin
2024-06-17 20:16:36,987 [INFO] PluginManager:220 - loadIPPluginJar : add sai
2024-06-17 20:16:36,987 [INFO] IPUIPlugin:80 - create IPUIPlugin
2024-06-17 20:16:36,987 [INFO] PluginManager:220 - loadIPPluginJar : add spi
2024-06-17 20:16:36,987 [INFO] IPUIPlugin:80 - create IPUIPlugin
2024-06-17 20:16:36,987 [INFO] PluginManager:220 - loadIPPluginJar : add stm32_wpan
2024-06-17 20:16:36,987 [INFO] IPUIPlugin:80 - create IPUIPlugin
2024-06-17 20:16:36,987 [INFO] PluginManager:220 - loadIPPluginJar : add tim
2024-06-17 20:16:36,987 [INFO] IPUIPlugin:80 - create IPUIPlugin
2024-06-17 20:16:36,987 [INFO] PluginManager:220 - loadIPPluginJar : add touchsensing
2024-06-17 20:16:37,002 [INFO] IPUIPlugin:80 - create IPUIPlugin
2024-06-17 20:16:37,002 [INFO] PluginManager:220 - loadIPPluginJar : add tracer_emb
2024-06-17 20:16:37,002 [INFO] IPUIPlugin:80 - create IPUIPlugin
2024-06-17 20:16:37,002 [INFO] PluginManager:220 - loadIPPluginJar : add ts
2024-06-17 20:16:37,002 [INFO] IPUIPlugin:80 - create IPUIPlugin
2024-06-17 20:16:37,002 [INFO] PluginManager:220 - loadIPPluginJar : add tsc
2024-06-17 20:16:37,002 [INFO] IPUIPlugin:80 - create IPUIPlugin
2024-06-17 20:16:37,002 [INFO] PluginManager:220 - loadIPPluginJar : add ucpd
2024-06-17 20:16:37,002 [INFO] IPUIPlugin:80 - create IPUIPlugin
2024-06-17 20:16:37,002 [INFO] PluginManager:220 - loadIPPluginJar : add usart
2024-06-17 20:16:37,002 [INFO] IPUIPlugin:80 - create IPUIPlugin
2024-06-17 20:16:37,002 [INFO] PluginManager:220 - loadIPPluginJar : add usbx
2024-06-17 20:16:37,137 [INFO] CADModel:165 - CPN selected for project level
2024-06-17 20:16:37,137 [INFO] CADModel:114 - Register for checkConnection events
2024-06-17 20:16:37,137 [FATAL] Updater:308 - Updater called before beeing initialized
2024-06-17 20:16:37,137 [ERROR] CADModel:125 - Updater not yet initialized, retry later 
2024-06-17 20:16:37,318 [INFO] CADModel:165 - CPN selected for project level
2024-06-17 20:16:37,318 [INFO] CADModel:114 - Register for checkConnection events
2024-06-17 20:16:37,318 [FATAL] Updater:308 - Updater called before beeing initialized
2024-06-17 20:16:37,318 [ERROR] CADModel:125 - Updater not yet initialized, retry later 
2024-06-17 20:16:37,318 [FATAL] Updater:308 - Updater called before beeing initialized
2024-06-17 20:16:37,412 [FATAL] Updater:308 - Updater called before beeing initialized
2024-06-17 20:16:37,412 [INFO] DbMcusAds:53 - JSON generation date=Thu May 16 14:52:00 IST 2024 (1715851320852)
2024-06-17 20:16:37,412 [FATAL] Updater:308 - Updater called before beeing initialized
2024-06-17 20:16:37,506 [WARN] DetailPanel:346 - Failed to get advertising image, set to default
2024-06-17 20:16:37,586 [FATAL] Updater:308 - Updater called before beeing initialized
2024-06-17 20:16:37,586 [FATAL] Updater:308 - Updater called before beeing initialized
2024-06-17 20:16:37,586 [FATAL] Updater:308 - Updater called before beeing initialized
2024-06-17 20:16:37,586 [WARN] DetailPanel:346 - Failed to get advertising image, set to default
2024-06-17 20:16:37,586 [FATAL] Updater:308 - Updater called before beeing initialized
2024-06-17 20:16:37,626 [ERROR] Updater:1120 - MainUpdater not yet initialized. External WinMGr cannot be set.
2024-06-17 20:16:37,626 [INFO] Updater:1056 - Updater Version found : 6.10.0
2024-06-17 20:16:37,658 [INFO] ApplicationProperties:184 - Using Application install path: D:\stm32\STM32CubeIDE_1.14.1\STM32CubeIDE\plugins\com.st.stm32cube.common.mx_6.10.0.202311202037
2024-06-17 20:16:39,100 [INFO] ThirdPartyUpdaterWithRetryManager:70 - Updater plugin not ready yet. [2/15]
2024-06-17 20:16:39,305 [ERROR] LogOutputStream:75 - [STDERR_REDIRECT] Jun 17, 2024 8:16:39 PM java.util.prefs.WindowsPreferences <init>
2024-06-17 20:16:39,305 [ERROR] LogOutputStream:75 - [STDERR_REDIRECT] WARNING: Could not open/create prefs root node Software\JavaSoft\Prefs at root 0xffffffff80000002. Windows RegCreateKeyEx(...) returned error code 5.
2024-06-17 20:16:39,305 [ERROR] LogOutputStream:75 - [STDERR_REDIRECT] 
2024-06-17 20:16:40,003 [INFO] MainUpdater:2873 - connection check result : 10
2024-06-17 20:16:40,003 [INFO] MainUpdater:290 - Updater Check For Update Now.
2024-06-17 20:16:40,005 [INFO] MicroXplorer:498 - Change Database Version : DB.6.0.100
2024-06-17 20:16:40,041 [INFO] McuFinderGlobals:63 - Set McuFinder mode to 2 (CubeIDE integrated)
2024-06-17 20:16:40,309 [INFO] CheckServerUpdateThread:120 - End of CheckServer Thread
2024-06-17 20:16:40,704 [INFO] UserAuth:404 - Internet connection configuration mode: 1
2024-06-17 20:16:40,846 [INFO] JxBrowserEngine:152 - Initiate JxBrowser Engine with user profile folder
2024-06-17 20:16:42,348 [WARN] PackLoader:240 - Cannot read IP mode file for STMicroelectronics.FP-SNS-MOTENVWB1.1.4.0
2024-06-17 20:16:42,381 [WARN] PackLoader:240 - Cannot read IP mode file for STMicroelectronics.X-CUBE-SMBUS.2.1.0
2024-06-17 20:16:42,396 [WARN] PackLoader:240 - Cannot read IP mode file for STMicroelectronics.X-CUBE-TOUCHGFX.4.23.0
2024-06-17 20:16:42,411 [WARN] PackLoader:240 - Cannot read IP mode file for STMicroelectronics.X-CUBE-TOUCHGFX.4.23.2
2024-06-17 20:16:42,481 [WARN] PackLoader:240 - Cannot read IP mode file for STMicroelectronics.X-CUBE-AZRTOS-F7.1.1.0
2024-06-17 20:16:42,507 [WARN] PackLoader:240 - Cannot read IP mode file for STMicroelectronics.FP-SNS-MOTENV1.4.3.2
2024-06-17 20:16:42,526 [WARN] PackLoader:240 - Cannot read IP mode file for STMicroelectronics.FP-SNS-FLIGHT1.5.0.2
2024-06-17 20:16:42,555 [WARN] PackLoader:240 - Cannot read IP mode file for STMicroelectronics.X-CUBE-DISPLAY.3.0.0
2024-06-17 20:16:42,587 [WARN] PackLoader:240 - Cannot read IP mode file for STMicroelectronics.X-CUBE-BLE1.7.0.0
2024-06-17 20:16:42,602 [WARN] PackLoader:240 - Cannot read IP mode file for emotas.I-CUBE-CANOPEN.1.3.0
2024-06-17 20:16:42,636 [WARN] PackLoader:240 - Cannot read IP mode file for STMicroelectronics.X-CUBE-BLEMGR.3.1.0
2024-06-17 20:16:42,659 [WARN] PackLoader:240 - Cannot read IP mode file for STMicroelectronics.FP-SNS-SMARTAG2.1.2.0
2024-06-17 20:16:42,681 [INFO] LogOutputStream:77 - [STDOUT_REDIRECT] 1 : Invalid condition id : UX_CORESTACK_Condition cause : null
2024-06-17 20:16:42,681 [INFO] LogOutputStream:77 - [STDOUT_REDIRECT] 1 : Invalid condition id : UX_CORESTACK_Condition cause : null
2024-06-17 20:16:42,681 [INFO] LogOutputStream:77 - [STDOUT_REDIRECT] 1 : Invalid condition id : UX_CORESTACK_Condition cause : null
2024-06-17 20:16:42,681 [INFO] LogOutputStream:77 - [STDOUT_REDIRECT] 1 : Invalid condition id : UX_CORESTACK_Condition cause : null
2024-06-17 20:16:42,681 [INFO] LogOutputStream:77 - [STDOUT_REDIRECT] 1 : Invalid condition id : UX_CORESTACK_Condition cause : null
2024-06-17 20:16:42,697 [WARN] PackLoader:240 - Cannot read IP mode file for STMicroelectronics.X-CUBE-AZRTOS-WL.2.0.0
2024-06-17 20:16:42,713 [WARN] PackLoader:240 - Cannot read IP mode file for STMicroelectronics.FP-SNS-MOTENV1.5.0.0
2024-06-17 20:16:42,728 [WARN] PackLoader:240 - Cannot read IP mode file for wolfSSL.I-CUBE-wolfMQTT.1.19.0
2024-06-17 20:16:42,760 [WARN] PackLoader:240 - Cannot read IP mode file for WES.I-CUBE-Cesium.1.3.0
2024-06-17 20:16:42,779 [WARN] PackLoader:240 - Cannot read IP mode file for STMicroelectronics.X-CUBE-BLE2.3.3.0
2024-06-17 20:16:42,795 [WARN] PackLoader:240 - Cannot read IP mode file for STMicroelectronics.X-CUBE-TCPP.4.1.0
2024-06-17 20:16:42,823 [WARN] PackLoader:240 - Cannot read IP mode file for STMicroelectronics.X-CUBE-ALGOBUILD.1.3.0
2024-06-17 20:16:42,843 [WARN] PackLoader:240 - Cannot read IP mode file for STMicroelectronics.X-CUBE-AZRTOS-G0.1.1.0
2024-06-17 20:16:42,875 [WARN] PackLoader:240 - Cannot read IP mode file for STMicroelectronics.X-CUBE-SAFEA1.1.2.2
2024-06-17 20:16:42,892 [WARN] PackLoader:240 - Cannot read IP mode file for STMicroelectronics.X-CUBE-NFC4.3.0.0
2024-06-17 20:16:42,920 [WARN] PackLoader:240 - Cannot read IP mode file for STMicroelectronics.FP-ATR-SIGFOX1.3.2.0
2024-06-17 20:16:42,937 [WARN] PackLoader:240 - Cannot read IP mode file for STMicroelectronics.X-CUBE-EEPRMA1.5.1.0
2024-06-17 20:16:43,001 [WARN] PackLoader:240 - Cannot read IP mode file for SEGGER.I-CUBE-embOS.1.3.1
2024-06-17 20:16:43,252 [WARN] PackLoader:240 - Cannot read IP mode file for STMicroelectronics.X-CUBE-ALGOBUILD.1.4.0
2024-06-17 20:16:43,315 [WARN] PackLoader:240 - Cannot read IP mode file for STMicroelectronics.X-CUBE-GNSS1.6.0.0
2024-06-17 20:16:43,363 [WARN] PackLoader:240 - Cannot read IP mode file for STMicroelectronics.X-CUBE-AZRTOS-F4.1.1.0
2024-06-17 20:16:43,379 [WARN] PackLoader:240 - Cannot read IP mode file for STMicroelectronics.X-CUBE-FREERTOS.1.2.0
2024-06-17 20:16:43,411 [WARN] PackLoader:240 - Cannot read IP mode file for wolfSSL.I-CUBE-wolfSSL.5.6.6
2024-06-17 20:16:43,463 [WARN] PackLoader:240 - Cannot read IP mode file for STMicroelectronics.X-CUBE-AZRTOS-L5.2.0.0
2024-06-17 20:16:43,528 [WARN] PackLoader:240 - Cannot read IP mode file for STMicroelectronics.X-CUBE-NFC6.3.1.0
2024-06-17 20:16:43,733 [WARN] PackLoader:240 - Cannot read IP mode file for ITTIA_DB.I-CUBE-ITTIADB.8.8.0
2024-06-17 20:16:43,742 [WARN] PackLoader:240 - Cannot read IP mode file for STMicroelectronics.X-CUBE-AI.9.0.0
2024-06-17 20:16:43,763 [WARN] PackLoader:240 - Cannot read IP mode file for STMicroelectronics.X-CUBE-NFC7.1.0.1
2024-06-17 20:16:43,786 [WARN] PackLoader:240 - Cannot read IP mode file for STMicroelectronics.X-CUBE-NFC6.3.0.0
2024-06-17 20:16:43,803 [WARN] PackLoader:240 - Cannot read IP mode file for STMicroelectronics.X-CUBE-AI.8.1.0
2024-06-17 20:16:43,838 [WARN] ConditionMgr:438 - getConditionDescription Invalid condition id : LAN8742 Phy interface Condition cause : null
2024-06-17 20:16:43,838 [WARN] PackLoader:240 - Cannot read IP mode file for STMicroelectronics.X-CUBE-AZRTOS-L4.2.0.0
2024-06-17 20:16:43,838 [WARN] ConditionMgr:1039 - genDependencies : Invalid condition id : LAN8742 Phy interface Condition cause : null
2024-06-17 20:16:43,838 [WARN] ConditionMgr:1039 - genDependencies : Invalid condition id : LAN8742 Phy interface Condition cause : null
2024-06-17 20:16:43,838 [WARN] ConditionMgr:1039 - genDependencies : Invalid condition id : LAN8742 Phy interface Condition cause : null
2024-06-17 20:16:43,885 [WARN] PackLoader:240 - Cannot read IP mode file for STMicroelectronics.X-CUBE-SFXS2LP1.4.0.0
2024-06-17 20:16:43,931 [WARN] ConditionMgr:438 - getConditionDescription Invalid condition id : UX DEVICE CLASS RTOS Condition cause : null
2024-06-17 20:16:43,931 [WARN] ConditionMgr:438 - getConditionDescription Invalid condition id : UX DEVICE CLASS RTOS Condition cause : null
2024-06-17 20:16:43,931 [WARN] PackLoader:240 - Cannot read IP mode file for STMicroelectronics.X-CUBE-AZRTOS-WB.2.0.0
2024-06-17 20:16:43,931 [WARN] ConditionMgr:1039 - genDependencies : Invalid condition id : UX DEVICE CLASS RTOS Condition cause : null
2024-06-17 20:16:43,931 [WARN] ConditionMgr:1039 - genDependencies : Invalid condition id : UX DEVICE CLASS RTOS Condition cause : null
2024-06-17 20:16:43,931 [WARN] ConditionMgr:1039 - genDependencies : Invalid condition id : UX DEVICE CLASS RTOS Condition cause : null
2024-06-17 20:16:43,931 [WARN] ConditionMgr:1039 - genDependencies : Invalid condition id : UX DEVICE CLASS RTOS Condition cause : null
2024-06-17 20:16:43,931 [WARN] ConditionMgr:1039 - genDependencies : Invalid condition id : UX DEVICE CLASS RTOS Condition cause : null
2024-06-17 20:16:44,021 [WARN] PackLoader:240 - Cannot read IP mode file for STMicroelectronics.X-CUBE-SUBG2.5.0.0
2024-06-17 20:16:44,138 [WARN] PackLoader:240 - Cannot read IP mode file for Cesanta.I-CUBE-Mongoose.7.13.0
2024-06-17 20:16:44,229 [WARN] PackLoader:240 - Cannot read IP mode file for STMicroelectronics.X-CUBE-AZRTOS-G4.2.0.0
2024-06-17 20:16:44,254 [WARN] PackLoader:240 - Cannot read IP mode file for Infineon.AIROC-Wi-Fi-Bluetooth-STM32.1.5.1
2024-06-17 20:16:44,284 [WARN] PackLoader:240 - Cannot read IP mode file for STMicroelectronics.FP-SNS-MOTENVWB1.1.3.1
2024-06-17 20:16:44,300 [WARN] PackLoader:240 - Cannot read IP mode file for STMicroelectronics.X-CUBE-ISPU.2.0.0
2024-06-17 20:16:44,314 [WARN] PackLoader:240 - Cannot read IP mode file for STMicroelectronics.X-CUBE-ALS.1.0.2
2024-06-17 20:16:44,380 [WARN] PackLoader:240 - Cannot read IP mode file for STMicroelectronics.X-CUBE-MEMS1.10.0.0
2024-06-17 20:16:44,541 [WARN] PackLoader:240 - Cannot read IP mode file for STMicroelectronics.X-CUBE-FREERTOS.1.1.0
2024-06-17 20:16:44,585 [WARN] PackLoader:240 - Cannot read IP mode file for portGmbH.I-Cube-SoM-uGOAL.1.1.0
2024-06-17 20:16:44,616 [WARN] PackLoader:240 - Cannot read IP mode file for STMicroelectronics.X-CUBE-ALS.1.0.1
2024-06-17 20:16:44,679 [WARN] PackLoader:240 - Cannot read IP mode file for STMicroelectronics.X-CUBE-AZRTOS-H7RS.1.0.0
2024-06-17 20:16:44,732 [WARN] PackLoader:240 - Cannot read IP mode file for STMicroelectronics.FP-ATR-ASTRA1.2.0.0
2024-06-17 20:16:44,789 [WARN] PackLoader:240 - Cannot read IP mode file for STMicroelectronics.X-CUBE-TOF1.3.4.0
2024-06-17 20:16:44,838 [WARN] PackLoader:240 - Cannot read IP mode file for STMicroelectronics.X-CUBE-TOF1.3.4.1
2024-06-17 20:16:44,980 [WARN] PackLoader:240 - Cannot read IP mode file for STMicroelectronics.X-CUBE-AZRTOS-H7.3.2.0
2024-06-17 20:16:44,980 [INFO] ThirdParty:978 - Integrity check success = true
2024-06-17 20:16:44,980 [INFO] IntegrityCheckThread:100 - exiting critical section [integrity check]
2024-06-17 20:16:44,980 [INFO] IntegrityCheckThread:103 - End integrity checks thread
2024-06-17 20:16:45,265 [INFO] WebApp:161 - Instantiating new browser for Auth
2024-06-17 20:16:46,192 [INFO] WebApp:780 - Register for checkConnection events
2024-06-17 20:16:46,192 [INFO] WebApp:414 - Apply proxy settings
2024-06-17 20:16:46,192 [INFO] WebApp:499 - Chromium requires no authentication
2024-06-17 20:16:46,206 [INFO] WebApp:442 - Direct internet connection detected
2024-06-17 20:16:46,407 [INFO] WebApp:192 - Starting web application
2024-06-17 20:16:46,407 [INFO] WebApp:544 - Web application path used D:\stm32\STM32CubeIDE_1.14.1\STM32CubeIDE\plugins\com.st.stm32cube.common.mx_6.10.0.202311202037\db\plugins\mcufinder\reactClient1\index.html
2024-06-17 20:16:53,939 [INFO] McuFinderGlobals:63 - Set McuFinder mode to 2 (CubeIDE integrated)
2024-06-17 20:16:54,045 [INFO] MainUpdater:2873 - connection check result : 10
2024-06-17 20:16:55,502 [INFO] ApiDb:581 - Connected to CubeFinder SQLite database (C:\Users\srira\.stmcufinder\plugins\mcufinder\mcu\cube-finder-db.db)
2024-06-17 20:16:55,645 [INFO] ApiDb:668 - CubeFinder database Data Model version=2.1
2024-06-17 20:16:55,646 [INFO] ApiDb:669 - CubeFinder database Configuration version=3.0.39
2024-06-17 20:16:55,646 [INFO] ApiDb:670 - CubeFinder database generation date=2024-06-06 (1717689626)
2024-06-17 20:16:55,646 [INFO] ApiDb:671 - CubeFinder database FW Pack versions=[FP-ATR-ASTRA1_V2.0.0, FP-SNS-FLIGHT1_V5.0.2, FP-SNS-MOTENV1_V5.0.0, FP-SNS-MOTENVWB1_V1.4.0, FP-SNS-SMARTAG2_V1.2.0, STM32Cube_FW_C0_V1.2.0, STM32Cube_FW_F4_V1.28.0, STM32Cube_FW_F7_V1.17.2, STM32Cube_FW_G0_V1.6.2, STM32Cube_FW_G4_V1.6.0, STM32Cube_FW_H5_V1.3.0, STM32Cube_FW_H7RS_V1.1.0, STM32Cube_FW_H7_V1.11.2, STM32Cube_FW_L0_V1.12.2, STM32Cube_FW_L5_V1.5.1, STM32Cube_FW_U0_V1.1.0, STM32Cube_FW_U5_V1.6.0, STM32Cube_FW_WB0_V1.0.0, STM32Cube_FW_WBA_V1.4.0, STM32Cube_FW_WB_V1.20.0, STM32Cube_FW_WL_V1.3.0, X-CUBE-ALGOBUILD_V1.4.0, X-CUBE-ALS_V1.0.2, X-CUBE-AZRTOS-F4_V1.1.0, X-CUBE-AZRTOS-F7_V1.1.0, X-CUBE-AZRTOS-G0_V1.1.0, X-CUBE-AZRTOS-G4_V2.0.0, X-CUBE-AZRTOS-H7RS_V1.0.0, X-CUBE-AZRTOS-H7_V3.2.0, X-CUBE-AZRTOS-L4_V2.0.0, X-CUBE-AZRTOS-L5_V1.1.0, X-CUBE-AZRTOS-WB_V2.0.0, X-CUBE-AZRTOS-WL_V2.0.0, X-CUBE-BLE1_V7.0.0, X-CUBE-BLE2_V3.3.0, X-CUBE-BLEMGR_V3.1.0, X-CUBE-EEPRMA1_V5.1.0, X-CUBE-FREERTOS_V1.2.0, X-CUBE-GNSS1_V6.0.0, X-CUBE-MEMS1_V10.0.0, X-CUBE-NFC4_V3.0.0, X-CUBE-NFC7_V1.0.1, X-CUBE-SFXS2LP1_V4.0.0, X-CUBE-SUBG2_V5.0.0, X-CUBE-TOF1_V3.4.1]
2024-06-17 20:16:55,821 [INFO] DbBoardsSqlite:226 - include board P-NUCLEO-WB55-NUCLEO as a kit item of type 'Nucleo-64'
2024-06-17 20:16:55,823 [INFO] DbBoardsSqlite:226 - include board P-NUCLEO-WB55-USBDONGLE as a kit item of type 'Nucleo USB Dongle'
2024-06-17 20:16:55,827 [INFO] DbBoardsSqlite:226 - include board STEVAL-IDP005V1 as a kit item of type 'Evaluation Board'
2024-06-17 20:16:55,828 [INFO] DbBoardsSqlite:226 - include board STEVAL-IDP005V2 as a kit item of type 'Evaluation Board'
2024-06-17 20:16:56,144 [INFO] ApiDb:240 - Found 371 in-development CPN: [B-G473E-ZEST1S, B-WB1M-WPAN1, B-WL5M-SUBG1, NUCLEO-C031C6, NUCLEO-H503RB, NUCLEO-H563ZI, NUCLEO-U545RE-Q, NUCLEO-U5A5ZJ-Q, NUCLEO-WBA52CG, NUCLEO-WBA55CG, STEVAL-MKBOXPRO, STEVAL-PROTEUS1, STEVAL-STWINBX1, STM320518-EVAL, STM32C0116-DK, STM32C011D6Y3TR, STM32C011D6Y6TR, STM32C011F4P3, STM32C011F4P6, STM32C011F4U3, STM32C011F4U6TR, STM32C011F6P3, STM32C011F6P6, STM32C011F6U3, STM32C011F6U6TR, STM32C011J4M3, STM32C011J4M6, STM32C011J6M3, STM32C011J6M6, STM32C0316-DK, STM32C031C4T3, STM32C031C4T6, STM32C031C4U3, STM32C031C4U6, STM32C031C6T3, STM32C031C6T6, STM32C031C6U3, STM32C031C6U6, STM32C031F4P3, STM32C031F4P6, STM32C031F6P3, STM32C031F6P6, STM32C031G4U3, STM32C031G4U6, STM32C031G6U3, STM32C031G6U6, STM32C031K4T3, STM32C031K4T6, STM32C031K4U3, STM32C031K4U6, STM32C031K6T3, STM32C031K6T6, STM32C031K6U3, STM32C031K6U6, STM32G071K8TXN, STM32G071K8UXN, STM32G081GBU6N, STM32G081KBT6N, STM32G081KBUXN, STM32G0B1CCT6N, STM32G0B1KCT6, STM32G0B1NEY6TR, STM32G0B1RCT6N, STM32G0C1CCT6, STM32G0C1CCT6N, STM32G0C1CCU6N, STM32G0C1CET6N, STM32G0C1CEU6N, STM32G0C1KCT6, STM32G0C1NEY6TR, STM32G0C1RCI6N, STM32G0C1RCT6N, STM32G0C1REI6N, STM32G0C1RET6N, STM32G0C1VCI6, STM32G0C1VEI6, STM32G471CCT6, STM32G471CCU6, STM32G471CET3, STM32G471CET6, STM32G471CEU3, STM32G471CEU6, STM32G471MCT6, STM32G471MET3, STM32G471MET6, STM32G471MEY6TR, STM32G471QCT6, STM32G471QET3, STM32G471RCT6, STM32G471RET3, STM32G471RET6, STM32G471VCH6, STM32G471VCI6, STM32G471VCT6, STM32G471VEH3, STM32G471VEH6, STM32G471VEI3, STM32G471VEI6, STM32G471VET3, STM32G471VET6, STM32G474CCT6, STM32H503CBT6, STM32H503CBU6, STM32H503EBY6TR, STM32H503KBU6, STM32H503RBT6, STM32H562AGI6, STM32H562AII6, STM32H562IGK6, STM32H562IGT6, STM32H562IIK6, STM32H562IIT6, STM32H562RGT6, STM32H562RGV6, STM32H562RIT6, STM32H562RIV6, STM32H562VGT6, STM32H562VIT6, STM32H562ZGT6, STM32H562ZIT6, STM32H563AGI6, STM32H563AII3Q, STM32H563AII6, STM32H563IGK6, STM32H563IGT6, STM32H563IIK3Q, STM32H563IIK6, STM32H563IIT3Q, STM32H563IIT6, STM32H563MIY3QTR, STM32H563RGT6, STM32H563RGV6, STM32H563RIT6, STM32H563RIV6, STM32H563VGT6, STM32H563VIT3Q, STM32H563VIT6, STM32H563ZGT6, STM32H563ZIT3Q, STM32H563ZIT6, STM32H573AII3Q, STM32H573AII6, STM32H573I-DK, STM32H573IIK3Q, STM32H573IIK6, STM32H573IIT3Q, STM32H573IIT6, STM32H573MIY3QTR, STM32H573RIT6, STM32H573RIV6, STM32H573VIT3Q, STM32H573VIT6, STM32H573ZIT3Q, STM32H573ZIT6, STM32L4R5QGI6STR, STM32MP131AAE3, STM32MP131AAF3, STM32MP131AAG3, STM32MP131CAE3, STM32MP131CAF3, STM32MP131CAG3, STM32MP131DAE7, STM32MP131DAF7, STM32MP131DAG7, STM32MP131FAE7, STM32MP131FAF7, STM32MP131FAG7, STM32MP133AAE3, STM32MP133AAF3, STM32MP133AAG3, STM32MP133CAE3, STM32MP133CAF3, STM32MP133CAG3, STM32MP133DAE7, STM32MP133DAF7, STM32MP133DAG7, STM32MP133FAE7, STM32MP133FAF7, STM32MP133FAG7, STM32MP135AAE3, STM32MP135AAF3, STM32MP135AAG3, STM32MP135CAE3, STM32MP135CAF3, STM32MP135CAG3, STM32MP135DAE7, STM32MP135DAF7, STM32MP135DAG7, STM32MP135F-DK, STM32MP135FAE7, STM32MP135FAF7, STM32MP135FAF7T, STM32MP135FAF7U, STM32MP135FAG7, STM32U535CBT6, STM32U535CBT6Q, STM32U535CBU6, STM32U535CBU6Q, STM32U535CCT6, STM32U535CCT6Q, STM32U535CCU6, STM32U535CCU6Q, STM32U535CET6, STM32U535CET6Q, STM32U535CEU6, STM32U535CEU6Q, STM32U535JEY6QTR, STM32U535NCY6QTR, STM32U535NEY6QTR, STM32U535RBI6, STM32U535RBI6Q, STM32U535RBT6, STM32U535RBT6Q, STM32U535RCI6, STM32U535RCI6Q, STM32U535RCT6, STM32U535RCT6Q, STM32U535REI6, STM32U535REI6Q, STM32U535RET6, STM32U535RET6Q, STM32U535VCI6, STM32U535VCI6Q, STM32U535VCT6, STM32U535VCT6Q, STM32U535VEI6, STM32U535VEI6Q, STM32U535VET6, STM32U535VET6Q, STM32U545CET6, STM32U545CET6Q, STM32U545CEU6, STM32U545CEU6Q, STM32U545JEY6QTR, STM32U545NEY6QTR, STM32U545REI6, STM32U545REI6Q, STM32U545RET6, STM32U545RET6Q, STM32U545VEI6, STM32U545VEI6Q, STM32U545VET6, STM32U545VET6Q, STM32U595AIH6, STM32U595AIH6Q, STM32U595AJH6, STM32U595AJH6Q, STM32U595QII6, STM32U595QII6Q, STM32U595QJI6, STM32U595QJI6Q, STM32U595RIT6, STM32U595RIT6Q, STM32U595RJT6, STM32U595RJT6Q, STM32U595VIT6, STM32U595VIT6Q, STM32U595VJT6, STM32U595VJT6Q, STM32U595ZIT6, STM32U595ZIT6Q, STM32U595ZIY6QTR, STM32U595ZJT6, STM32U595ZJT6Q, STM32U595ZJY6QTR, STM32U599BJY6QTR, STM32U599NIH6Q, STM32U599NJH6Q, STM32U599VIT6Q, STM32U599VJT6, STM32U599VJT6Q, STM32U599ZIT6Q, STM32U599ZIY6QTR, STM32U599ZJT6Q, STM32U599ZJY6QTR, STM32U5A5AJH6, STM32U5A5AJH6Q, STM32U5A5QJI6, STM32U5A5QJI6Q, STM32U5A5RJT6, STM32U5A5RJT6Q, STM32U5A5VJT6, STM32U5A5VJT6Q, STM32U5A5ZJT6, STM32U5A5ZJT6Q, STM32U5A5ZJY6QTR, STM32U5A9BJY6QTR, STM32U5A9J-DK, STM32U5A9NJH6Q, STM32U5A9VJT6Q, STM32U5A9ZJT6Q, STM32U5A9ZJY6QTR, STM32U5F7VIT6, STM32U5F7VIT6Q, STM32U5F7VJT6, STM32U5F7VJT6Q, STM32U5F9BJY6QTR, STM32U5F9NJH6Q, STM32U5F9VIT6Q, STM32U5F9VJT6Q, STM32U5F9ZIJ6QTR, STM32U5F9ZIT6Q, STM32U5F9ZJJ6QTR, STM32U5F9ZJT6Q, STM32U5G7VJT6, STM32U5G7VJT6Q, STM32U5G9BJY6QTR, STM32U5G9J-DK1, STM32U5G9J-DK2, STM32U5G9NJH6Q, STM32U5G9VJT6Q, STM32U5G9ZJJ6QTR, STM32U5G9ZJT6Q, STM32WB1MMCH6, STM32WBA50KEU6, STM32WBA50KEU6TR, STM32WBA50KGU6, STM32WBA50KGU6TR, STM32WBA52CEU6, STM32WBA52CEU6TR, STM32WBA52CEU7, STM32WBA52CEU7TR, STM32WBA52CGU6, STM32WBA52CGU6TR, STM32WBA52CGU6U, STM32WBA52CGU7, STM32WBA52CGU7TR, STM32WBA52KEU6, STM32WBA52KEU6TR, STM32WBA52KGU6, STM32WBA52KGU6TR, STM32WBA54CEU6, STM32WBA54CEU6TR, STM32WBA54CEU7, STM32WBA54CEU7TR, STM32WBA54CGU6, STM32WBA54CGU6TR, STM32WBA54CGU7, STM32WBA54CGU7TR, STM32WBA54KEU6, STM32WBA54KEU6TR, STM32WBA54KEU7, STM32WBA54KEU7TR, STM32WBA54KGU6, STM32WBA54KGU6TR, STM32WBA54KGU7, STM32WBA54KGU7TR, STM32WBA55CEU6, STM32WBA55CEU6TR, STM32WBA55CEU7, STM32WBA55CEU7TR, STM32WBA55CGU6, STM32WBA55CGU6TR, STM32WBA55CGU6U, STM32WBA55CGU7, STM32WBA55CGU7TR, STM32WBA55G-DK1, STM32WBA55HEF6, STM32WBA55HEF7, STM32WBA55HGF6, STM32WBA55HGF7, STM32WBA55UEI6, STM32WBA55UEI6TR, STM32WBA55UEI7, STM32WBA55UEI7TR, STM32WBA55UGI6, STM32WBA55UGI6TR, STM32WBA55UGI7, STM32WBA55UGI7TR, STM32WL5MOCH6, STM32WL5MOCH6TR]
2024-06-17 20:16:56,161 [INFO] ApiDb:668 - CubeFinder database Data Model version=2.1
2024-06-17 20:16:56,162 [INFO] ApiDb:669 - CubeFinder database Configuration version=3.0.39
2024-06-17 20:16:56,162 [INFO] ApiDb:670 - CubeFinder database generation date=2024-06-06 (1717689626)
2024-06-17 20:16:56,162 [INFO] ApiDb:671 - CubeFinder database FW Pack versions=[FP-ATR-ASTRA1_V2.0.0, FP-SNS-FLIGHT1_V5.0.2, FP-SNS-MOTENV1_V5.0.0, FP-SNS-MOTENVWB1_V1.4.0, FP-SNS-SMARTAG2_V1.2.0, STM32Cube_FW_C0_V1.2.0, STM32Cube_FW_F4_V1.28.0, STM32Cube_FW_F7_V1.17.2, STM32Cube_FW_G0_V1.6.2, STM32Cube_FW_G4_V1.6.0, STM32Cube_FW_H5_V1.3.0, STM32Cube_FW_H7RS_V1.1.0, STM32Cube_FW_H7_V1.11.2, STM32Cube_FW_L0_V1.12.2, STM32Cube_FW_L5_V1.5.1, STM32Cube_FW_U0_V1.1.0, STM32Cube_FW_U5_V1.6.0, STM32Cube_FW_WB0_V1.0.0, STM32Cube_FW_WBA_V1.4.0, STM32Cube_FW_WB_V1.20.0, STM32Cube_FW_WL_V1.3.0, X-CUBE-ALGOBUILD_V1.4.0, X-CUBE-ALS_V1.0.2, X-CUBE-AZRTOS-F4_V1.1.0, X-CUBE-AZRTOS-F7_V1.1.0, X-CUBE-AZRTOS-G0_V1.1.0, X-CUBE-AZRTOS-G4_V2.0.0, X-CUBE-AZRTOS-H7RS_V1.0.0, X-CUBE-AZRTOS-H7_V3.2.0, X-CUBE-AZRTOS-L4_V2.0.0, X-CUBE-AZRTOS-L5_V1.1.0, X-CUBE-AZRTOS-WB_V2.0.0, X-CUBE-AZRTOS-WL_V2.0.0, X-CUBE-BLE1_V7.0.0, X-CUBE-BLE2_V3.3.0, X-CUBE-BLEMGR_V3.1.0, X-CUBE-EEPRMA1_V5.1.0, X-CUBE-FREERTOS_V1.2.0, X-CUBE-GNSS1_V6.0.0, X-CUBE-MEMS1_V10.0.0, X-CUBE-NFC4_V3.0.0, X-CUBE-NFC7_V1.0.1, X-CUBE-SFXS2LP1_V4.0.0, X-CUBE-SUBG2_V5.0.0, X-CUBE-TOF1_V3.4.1]
2024-06-17 20:16:57,946 [INFO] ApiDb:240 - Found 371 in-development CPN: [B-G473E-ZEST1S, B-WB1M-WPAN1, B-WL5M-SUBG1, NUCLEO-C031C6, NUCLEO-H503RB, NUCLEO-H563ZI, NUCLEO-U545RE-Q, NUCLEO-U5A5ZJ-Q, NUCLEO-WBA52CG, NUCLEO-WBA55CG, STEVAL-MKBOXPRO, STEVAL-PROTEUS1, STEVAL-STWINBX1, STM320518-EVAL, STM32C0116-DK, STM32C011D6Y3TR, STM32C011D6Y6TR, STM32C011F4P3, STM32C011F4P6, STM32C011F4U3, STM32C011F4U6TR, STM32C011F6P3, STM32C011F6P6, STM32C011F6U3, STM32C011F6U6TR, STM32C011J4M3, STM32C011J4M6, STM32C011J6M3, STM32C011J6M6, STM32C0316-DK, STM32C031C4T3, STM32C031C4T6, STM32C031C4U3, STM32C031C4U6, STM32C031C6T3, STM32C031C6T6, STM32C031C6U3, STM32C031C6U6, STM32C031F4P3, STM32C031F4P6, STM32C031F6P3, STM32C031F6P6, STM32C031G4U3, STM32C031G4U6, STM32C031G6U3, STM32C031G6U6, STM32C031K4T3, STM32C031K4T6, STM32C031K4U3, STM32C031K4U6, STM32C031K6T3, STM32C031K6T6, STM32C031K6U3, STM32C031K6U6, STM32G071K8TXN, STM32G071K8UXN, STM32G081GBU6N, STM32G081KBT6N, STM32G081KBUXN, STM32G0B1CCT6N, STM32G0B1KCT6, STM32G0B1NEY6TR, STM32G0B1RCT6N, STM32G0C1CCT6, STM32G0C1CCT6N, STM32G0C1CCU6N, STM32G0C1CET6N, STM32G0C1CEU6N, STM32G0C1KCT6, STM32G0C1NEY6TR, STM32G0C1RCI6N, STM32G0C1RCT6N, STM32G0C1REI6N, STM32G0C1RET6N, STM32G0C1VCI6, STM32G0C1VEI6, STM32G471CCT6, STM32G471CCU6, STM32G471CET3, STM32G471CET6, STM32G471CEU3, STM32G471CEU6, STM32G471MCT6, STM32G471MET3, STM32G471MET6, STM32G471MEY6TR, STM32G471QCT6, STM32G471QET3, STM32G471RCT6, STM32G471RET3, STM32G471RET6, STM32G471VCH6, STM32G471VCI6, STM32G471VCT6, STM32G471VEH3, STM32G471VEH6, STM32G471VEI3, STM32G471VEI6, STM32G471VET3, STM32G471VET6, STM32G474CCT6, STM32H503CBT6, STM32H503CBU6, STM32H503EBY6TR, STM32H503KBU6, STM32H503RBT6, STM32H562AGI6, STM32H562AII6, STM32H562IGK6, STM32H562IGT6, STM32H562IIK6, STM32H562IIT6, STM32H562RGT6, STM32H562RGV6, STM32H562RIT6, STM32H562RIV6, STM32H562VGT6, STM32H562VIT6, STM32H562ZGT6, STM32H562ZIT6, STM32H563AGI6, STM32H563AII3Q, STM32H563AII6, STM32H563IGK6, STM32H563IGT6, STM32H563IIK3Q, STM32H563IIK6, STM32H563IIT3Q, STM32H563IIT6, STM32H563MIY3QTR, STM32H563RGT6, STM32H563RGV6, STM32H563RIT6, STM32H563RIV6, STM32H563VGT6, STM32H563VIT3Q, STM32H563VIT6, STM32H563ZGT6, STM32H563ZIT3Q, STM32H563ZIT6, STM32H573AII3Q, STM32H573AII6, STM32H573I-DK, STM32H573IIK3Q, STM32H573IIK6, STM32H573IIT3Q, STM32H573IIT6, STM32H573MIY3QTR, STM32H573RIT6, STM32H573RIV6, STM32H573VIT3Q, STM32H573VIT6, STM32H573ZIT3Q, STM32H573ZIT6, STM32L4R5QGI6STR, STM32MP131AAE3, STM32MP131AAF3, STM32MP131AAG3, STM32MP131CAE3, STM32MP131CAF3, STM32MP131CAG3, STM32MP131DAE7, STM32MP131DAF7, STM32MP131DAG7, STM32MP131FAE7, STM32MP131FAF7, STM32MP131FAG7, STM32MP133AAE3, STM32MP133AAF3, STM32MP133AAG3, STM32MP133CAE3, STM32MP133CAF3, STM32MP133CAG3, STM32MP133DAE7, STM32MP133DAF7, STM32MP133DAG7, STM32MP133FAE7, STM32MP133FAF7, STM32MP133FAG7, STM32MP135AAE3, STM32MP135AAF3, STM32MP135AAG3, STM32MP135CAE3, STM32MP135CAF3, STM32MP135CAG3, STM32MP135DAE7, STM32MP135DAF7, STM32MP135DAG7, STM32MP135F-DK, STM32MP135FAE7, STM32MP135FAF7, STM32MP135FAF7T, STM32MP135FAF7U, STM32MP135FAG7, STM32U535CBT6, STM32U535CBT6Q, STM32U535CBU6, STM32U535CBU6Q, STM32U535CCT6, STM32U535CCT6Q, STM32U535CCU6, STM32U535CCU6Q, STM32U535CET6, STM32U535CET6Q, STM32U535CEU6, STM32U535CEU6Q, STM32U535JEY6QTR, STM32U535NCY6QTR, STM32U535NEY6QTR, STM32U535RBI6, STM32U535RBI6Q, STM32U535RBT6, STM32U535RBT6Q, STM32U535RCI6, STM32U535RCI6Q, STM32U535RCT6, STM32U535RCT6Q, STM32U535REI6, STM32U535REI6Q, STM32U535RET6, STM32U535RET6Q, STM32U535VCI6, STM32U535VCI6Q, STM32U535VCT6, STM32U535VCT6Q, STM32U535VEI6, STM32U535VEI6Q, STM32U535VET6, STM32U535VET6Q, STM32U545CET6, STM32U545CET6Q, STM32U545CEU6, STM32U545CEU6Q, STM32U545JEY6QTR, STM32U545NEY6QTR, STM32U545REI6, STM32U545REI6Q, STM32U545RET6, STM32U545RET6Q, STM32U545VEI6, STM32U545VEI6Q, STM32U545VET6, STM32U545VET6Q, STM32U595AIH6, STM32U595AIH6Q, STM32U595AJH6, STM32U595AJH6Q, STM32U595QII6, STM32U595QII6Q, STM32U595QJI6, STM32U595QJI6Q, STM32U595RIT6, STM32U595RIT6Q, STM32U595RJT6, STM32U595RJT6Q, STM32U595VIT6, STM32U595VIT6Q, STM32U595VJT6, STM32U595VJT6Q, STM32U595ZIT6, STM32U595ZIT6Q, STM32U595ZIY6QTR, STM32U595ZJT6, STM32U595ZJT6Q, STM32U595ZJY6QTR, STM32U599BJY6QTR, STM32U599NIH6Q, STM32U599NJH6Q, STM32U599VIT6Q, STM32U599VJT6, STM32U599VJT6Q, STM32U599ZIT6Q, STM32U599ZIY6QTR, STM32U599ZJT6Q, STM32U599ZJY6QTR, STM32U5A5AJH6, STM32U5A5AJH6Q, STM32U5A5QJI6, STM32U5A5QJI6Q, STM32U5A5RJT6, STM32U5A5RJT6Q, STM32U5A5VJT6, STM32U5A5VJT6Q, STM32U5A5ZJT6, STM32U5A5ZJT6Q, STM32U5A5ZJY6QTR, STM32U5A9BJY6QTR, STM32U5A9J-DK, STM32U5A9NJH6Q, STM32U5A9VJT6Q, STM32U5A9ZJT6Q, STM32U5A9ZJY6QTR, STM32U5F7VIT6, STM32U5F7VIT6Q, STM32U5F7VJT6, STM32U5F7VJT6Q, STM32U5F9BJY6QTR, STM32U5F9NJH6Q, STM32U5F9VIT6Q, STM32U5F9VJT6Q, STM32U5F9ZIJ6QTR, STM32U5F9ZIT6Q, STM32U5F9ZJJ6QTR, STM32U5F9ZJT6Q, STM32U5G7VJT6, STM32U5G7VJT6Q, STM32U5G9BJY6QTR, STM32U5G9J-DK1, STM32U5G9J-DK2, STM32U5G9NJH6Q, STM32U5G9VJT6Q, STM32U5G9ZJJ6QTR, STM32U5G9ZJT6Q, STM32WB1MMCH6, STM32WBA50KEU6, STM32WBA50KEU6TR, STM32WBA50KGU6, STM32WBA50KGU6TR, STM32WBA52CEU6, STM32WBA52CEU6TR, STM32WBA52CEU7, STM32WBA52CEU7TR, STM32WBA52CGU6, STM32WBA52CGU6TR, STM32WBA52CGU6U, STM32WBA52CGU7, STM32WBA52CGU7TR, STM32WBA52KEU6, STM32WBA52KEU6TR, STM32WBA52KGU6, STM32WBA52KGU6TR, STM32WBA54CEU6, STM32WBA54CEU6TR, STM32WBA54CEU7, STM32WBA54CEU7TR, STM32WBA54CGU6, STM32WBA54CGU6TR, STM32WBA54CGU7, STM32WBA54CGU7TR, STM32WBA54KEU6, STM32WBA54KEU6TR, STM32WBA54KEU7, STM32WBA54KEU7TR, STM32WBA54KGU6, STM32WBA54KGU6TR, STM32WBA54KGU7, STM32WBA54KGU7TR, STM32WBA55CEU6, STM32WBA55CEU6TR, STM32WBA55CEU7, STM32WBA55CEU7TR, STM32WBA55CGU6, STM32WBA55CGU6TR, STM32WBA55CGU6U, STM32WBA55CGU7, STM32WBA55CGU7TR, STM32WBA55G-DK1, STM32WBA55HEF6, STM32WBA55HEF7, STM32WBA55HGF6, STM32WBA55HGF7, STM32WBA55UEI6, STM32WBA55UEI6TR, STM32WBA55UEI7, STM32WBA55UEI7TR, STM32WBA55UGI6, STM32WBA55UGI6TR, STM32WBA55UGI7, STM32WBA55UGI7TR, STM32WL5MOCH6, STM32WL5MOCH6TR]
2024-06-17 20:16:57,952 [INFO] DbMcus:218 - Found 4229 MCUs, 4229 are supported
2024-06-17 20:16:57,953 [INFO] ApiDb:423 - Load user favorites file C:\Users\srira/.stm32cubeide/favorites.mcus.txt: 0 item(s)
2024-06-17 20:16:57,953 [INFO] ApiDb:427 - User favorites MCUs=[]
2024-06-17 20:16:57,953 [INFO] DbMcus:224 - Set 0 / 0 favorites MCUs
2024-06-17 20:16:58,812 [INFO] BoardInfo:889 - No configuration file found for board NUCLEO-H533RE
2024-06-17 20:16:58,812 [INFO] DbBoards:161 - Board is not supported: NUCLEO-H533RE
2024-06-17 20:16:58,818 [INFO] BoardInfo:889 - No configuration file found for board NUCLEO-H7S3L8
2024-06-17 20:16:58,818 [INFO] DbBoards:161 - Board is not supported: NUCLEO-H7S3L8
2024-06-17 20:16:58,835 [INFO] BoardInfo:889 - No configuration file found for board NUCLEO-U031R8
2024-06-17 20:16:58,836 [INFO] DbBoards:161 - Board is not supported: NUCLEO-U031R8
2024-06-17 20:16:58,836 [INFO] BoardInfo:889 - No configuration file found for board NUCLEO-U083RC
2024-06-17 20:16:58,836 [INFO] DbBoards:161 - Board is not supported: NUCLEO-U083RC
2024-06-17 20:16:58,846 [INFO] BoardInfo:889 - No configuration file found for board P-NUCLEO-WB55
2024-06-17 20:16:58,846 [INFO] DbBoards:161 - Kit is not supported: P-NUCLEO-WB55
2024-06-17 20:16:58,849 [INFO] BoardInfo:889 - No configuration file found for board STEVAL-BFA001V1B
2024-06-17 20:16:58,849 [INFO] DbBoards:161 - Kit is not supported: STEVAL-BFA001V1B
2024-06-17 20:16:58,850 [INFO] BoardInfo:889 - No configuration file found for board STEVAL-BFA001V2B
2024-06-17 20:16:58,850 [INFO] DbBoards:161 - Kit is not supported: STEVAL-BFA001V2B
2024-06-17 20:16:58,926 [INFO] BoardInfo:889 - No configuration file found for board STM32H7S78-DK
2024-06-17 20:16:58,926 [INFO] DbBoards:161 - Board is not supported: STM32H7S78-DK
2024-06-17 20:16:58,943 [INFO] BoardInfo:889 - No configuration file found for board STM32U083C-DK
2024-06-17 20:16:58,943 [INFO] DbBoards:161 - Board is not supported: STM32U083C-DK
2024-06-17 20:16:58,952 [INFO] DbBoards:168 - Found 195 boards, 186 are supported
2024-06-17 20:16:58,953 [INFO] DbBoards:169 - Found 195 boards, 3 of them is supported for  Bsp
2024-06-17 20:16:58,958 [INFO] ApiDb:423 - Load user favorites file C:\Users\srira/.stm32cubeide/favorites.boards.txt: 0 item(s)
2024-06-17 20:16:58,959 [INFO] ApiDb:427 - User favorites Boards=[]
2024-06-17 20:16:58,959 [INFO] DbBoards:198 - Set 0 / 0 favorites Boards
2024-06-17 20:16:58,959 [INFO] McuFinderGlobals:76 - Set McuFinderConnectedMode to true
2024-06-17 20:16:58,967 [INFO] MultiScanPanel:200 - Auto-refresh data requested => check proxy status ongoing
2024-06-17 20:16:58,970 [INFO] FinderPluginLoader:95 - Searching for filters in installed packs
2024-06-17 20:17:00,935 [INFO] LoadUrlFilesThread:185 - End of LoadServerUrlFiles without Thread
2024-06-17 20:17:01,017 [INFO] DetailPanel:341 - Set advertising image to C:/Users/srira/STM32Cube/Repository/\en.prom-stm32h7rs-mcu-finder.jpg
2024-06-17 20:17:10,531 [ERROR] LogOutputStream:75 - [STDERR_REDIRECT] SLF4J: Failed to load class "org.slf4j.impl.StaticLoggerBinder".
2024-06-17 20:17:10,532 [ERROR] LogOutputStream:75 - [STDERR_REDIRECT] SLF4J: Defaulting to no-operation (NOP) logger implementation
2024-06-17 20:17:10,533 [ERROR] LogOutputStream:75 - [STDERR_REDIRECT] SLF4J: See http://www.slf4j.org/codes.html#StaticLoggerBinder for further details.
2024-06-17 20:17:47,761 [INFO] MainUpdater:2873 - connection check result : 10
2024-06-17 20:17:47,762 [INFO] MainUpdater:2873 - connection check result : 10
2024-06-17 20:17:47,929 [INFO] MicroXplorer:468 - Change Database Path : 
2024-06-17 20:17:47,930 [INFO] MicroXplorer:498 - Change Database Version : DB.6.0.100
2024-06-17 20:17:47,975 [WARN] ThirdParty:871 - waiting for thirdparty lock release [close project]
2024-06-17 20:17:47,975 [INFO] ThirdParty:873 - entering critical section [close project]
2024-06-17 20:17:47,980 [INFO] ThirdParty:883 - exiting critical section [close project]
2024-06-17 20:17:47,994 [INFO] PinOutPanel:1499 - setPackage(No Configuration,No Configuration)
2024-06-17 20:17:48,001 [INFO] UtilMem:75 - Begin LoadConfig() Used Memory: 503698568 Bytes (764411904)
2024-06-17 20:17:48,010 [INFO] MicroXplorer:468 - Change Database Path : 
2024-06-17 20:17:48,010 [INFO] MicroXplorer:498 - Change Database Version : DB.6.0.100
2024-06-17 20:17:48,010 [INFO] OpenFileManager:312 - Change cursor
2024-06-17 20:17:49,333 [INFO] Mcu:2016 - Initializing MCU STM32F407VGTx STM32F407VGTx STM32F407VGT6
2024-06-17 20:17:54,103 [INFO] Context:659 - Trying to add GPIOservice into a context  which must be forbidden
2024-06-17 20:17:55,140 [INFO] ImportTextPane:194 - (OptionalMessage_ERROR) Unable to find key (Mcu.ThirdPartyNb) in loaded IOC file
2024-06-17 20:17:55,140 [INFO] ImportTextPane:194 - (OptionalMessage_ERROR) Unable to find key (Mcu.PinsNb) in loaded IOC file
2024-06-17 20:17:55,140 [INFO] ImportTextPane:194 - (OptionalMessage_ERROR) Unable to find key (Mcu.IPNb) in loaded IOC file
2024-06-17 20:17:55,334 [INFO] RtosManager:555 - Registered RTOS mode: class=CMSIS, group=RTOS, mode=CMSIS_V1, owner=FREERTOS
2024-06-17 20:17:55,335 [INFO] RtosManager:555 - Registered RTOS mode: class=CMSIS, group=RTOS2, mode=CMSIS_V2, owner=FREERTOS
2024-06-17 20:17:55,335 [INFO] RtosManager:555 - Registered RTOS mode: class=RTOS, group=Core, mode=CMSIS_V1, owner=FREERTOS
2024-06-17 20:17:55,335 [INFO] RtosManager:555 - Registered RTOS mode: class=RTOS, group=Core, mode=CMSIS_V2, owner=FREERTOS
2024-06-17 20:17:55,335 [WARN] ModelIntegratedComponent:184 - Missing modes for component STMicroelectronics:FreeRTOS:0.0.1:STMicroelectronics:RTOS:FreeRTOS:Core:::10.2.0:
2024-06-17 20:17:55,359 [WARN] ModelIntegratedComponent:63 - No mode defined for component null
2024-06-17 20:17:55,360 [WARN] ModelIntegratedComponent:63 - No mode defined for component null
2024-06-17 20:17:55,360 [WARN] ModelIntegratedComponent:63 - No mode defined for component null
2024-06-17 20:17:55,360 [WARN] ModelIntegratedComponent:63 - No mode defined for component null
2024-06-17 20:17:55,360 [WARN] ModelIntegratedComponent:63 - No mode defined for component null
2024-06-17 20:17:55,360 [WARN] ModelIntegratedComponent:63 - No mode defined for component null
2024-06-17 20:17:55,360 [WARN] ModelIntegratedComponent:63 - No mode defined for component null
2024-06-17 20:17:55,360 [WARN] ModelIntegratedComponent:63 - No mode defined for component null
2024-06-17 20:17:55,360 [WARN] ModelIntegratedComponent:63 - No mode defined for component null
2024-06-17 20:17:55,360 [WARN] ModelIntegratedComponent:63 - No mode defined for component null
2024-06-17 20:17:55,360 [WARN] ModelIntegratedComponent:63 - No mode defined for component null
2024-06-17 20:17:55,360 [WARN] ModelIntegratedComponent:63 - No mode defined for component null
2024-06-17 20:17:55,360 [WARN] ModelIntegratedComponent:63 - No mode defined for component null
2024-06-17 20:17:55,360 [WARN] ModelIntegratedComponent:63 - No mode defined for component null
2024-06-17 20:17:55,360 [WARN] ModelIntegratedComponent:63 - No mode defined for component null
2024-06-17 20:17:55,360 [WARN] ModelIntegratedComponent:63 - No mode defined for component null
2024-06-17 20:17:55,360 [WARN] ModelIntegratedComponent:63 - No mode defined for component null
2024-06-17 20:17:55,360 [WARN] ModelIntegratedComponent:63 - No mode defined for component null
2024-06-17 20:17:55,360 [WARN] ModelIntegratedComponent:63 - No mode defined for component null
2024-06-17 20:17:55,360 [WARN] ModelIntegratedComponent:63 - No mode defined for component null
2024-06-17 20:17:55,360 [WARN] ModelIntegratedComponent:63 - No mode defined for component null
2024-06-17 20:17:55,360 [WARN] ModelIntegratedComponent:63 - No mode defined for component null
2024-06-17 20:17:55,360 [WARN] ModelIntegratedComponent:63 - No mode defined for component null
2024-06-17 20:17:55,360 [WARN] ModelIntegratedComponent:63 - No mode defined for component null
2024-06-17 20:17:55,361 [WARN] ModelIntegratedComponent:63 - No mode defined for component null
2024-06-17 20:17:55,361 [WARN] ModelIntegratedComponent:63 - No mode defined for component null
2024-06-17 20:17:55,361 [WARN] ModelIntegratedComponent:63 - No mode defined for component null
2024-06-17 20:17:55,361 [WARN] ModelIntegratedComponent:63 - No mode defined for component null
2024-06-17 20:17:55,361 [WARN] ModelIntegratedComponent:63 - No mode defined for component null
2024-06-17 20:17:55,361 [WARN] ModelIntegratedComponent:63 - No mode defined for component null
2024-06-17 20:17:55,361 [WARN] ModelIntegratedComponent:63 - No mode defined for component null
2024-06-17 20:17:55,361 [WARN] ModelIntegratedComponent:63 - No mode defined for component null
2024-06-17 20:17:55,361 [WARN] ModelIntegratedComponent:63 - No mode defined for component null
2024-06-17 20:17:55,505 [INFO] ThirdPartyModel:298 - Start build external matchings
2024-06-17 20:17:56,007 [INFO] ThirdPartyModel:316 - End build external matchings
2024-06-17 20:17:56,658 [INFO] UtilMem:75 - End LoadConfig() Used Memory: 646879888 Bytes (984612864)
2024-06-17 20:17:56,785 [INFO] MicroXplorer:468 - Change Database Path : 
2024-06-17 20:17:56,785 [INFO] MicroXplorer:498 - Change Database Version : DB.6.0.100
2024-06-17 20:17:56,786 [WARN] ThirdParty:833 - waiting for thirdparty lock release [change project]
2024-06-17 20:17:56,787 [INFO] ThirdParty:835 - entering critical section [change project]
2024-06-17 20:17:56,787 [INFO] ThirdParty:1030 - CMSIS Pack Vendor :STMicroelectronics USBPD 4.1
2024-06-17 20:17:56,788 [INFO] ThirdParty:1030 - CMSIS Pack Vendor :STMicroelectronics X-CUBE-GNSS1 6.0.0
2024-06-17 20:17:56,788 [INFO] ThirdParty:1030 - CMSIS Pack Vendor :STMicroelectronics USB_HOST 2.0.0
2024-06-17 20:17:56,788 [INFO] ThirdParty:1030 - CMSIS Pack Vendor :STMicroelectronics FP-SNS-MOTENVWB1 1.4.0
2024-06-17 20:17:56,788 [INFO] ThirdParty:1030 - CMSIS Pack Vendor :STMicroelectronics X-CUBE-AZRTOS-F4 1.1.0
2024-06-17 20:17:56,789 [INFO] ThirdParty:1030 - CMSIS Pack Vendor :STMicroelectronics LIBJPEG 8.0.0
2024-06-17 20:17:56,789 [INFO] ThirdParty:1030 - CMSIS Pack Vendor :STMicroelectronics X-CUBE-SMBUS 2.1.0
2024-06-17 20:17:56,789 [INFO] ThirdParty:1030 - CMSIS Pack Vendor :STMicroelectronics USB_DEVICE 3.0.0
2024-06-17 20:17:56,789 [INFO] ThirdParty:1030 - CMSIS Pack Vendor :STMicroelectronics X-CUBE-TCPP 4.1.0
2024-06-17 20:17:56,789 [INFO] ThirdParty:1030 - CMSIS Pack Vendor :STMicroelectronics X-CUBE-FREERTOS 1.2.0
2024-06-17 20:17:56,789 [INFO] ThirdParty:1030 - CMSIS Pack Vendor :STMicroelectronics X-CUBE-AZRTOS-WB 2.0.0
2024-06-17 20:17:56,790 [INFO] ThirdParty:1030 - CMSIS Pack Vendor :wolfSSL I-CUBE-wolfSSL 5.6.6
2024-06-17 20:17:56,790 [INFO] ThirdParty:1030 - CMSIS Pack Vendor :STMicroelectronics X-CUBE-TOUCHGFX 4.23.0
2024-06-17 20:17:56,790 [INFO] ThirdParty:1030 - CMSIS Pack Vendor :STMicroelectronics X-CUBE-TOUCHGFX 4.23.2
2024-06-17 20:17:56,790 [INFO] ThirdParty:1030 - CMSIS Pack Vendor :STMicroelectronics X-CUBE-AZRTOS-F7 1.1.0
2024-06-17 20:17:56,790 [INFO] ThirdParty:1030 - CMSIS Pack Vendor :STMicroelectronics X-CUBE-AZRTOS-L5 2.0.0
2024-06-17 20:17:56,790 [INFO] ThirdParty:1030 - CMSIS Pack Vendor :STMicroelectronics USB_DEVICE 2.0.0
2024-06-17 20:17:56,791 [INFO] ThirdParty:1030 - CMSIS Pack Vendor :STMicroelectronics X-CUBE-NFC6 3.1.0
2024-06-17 20:17:56,791 [INFO] ThirdParty:1030 - CMSIS Pack Vendor :ITTIA_DB I-CUBE-ITTIADB 8.8.0
2024-06-17 20:17:56,791 [INFO] ThirdParty:1030 - CMSIS Pack Vendor :STMicroelectronics FP-SNS-MOTENV1 4.3.2
2024-06-17 20:17:56,792 [INFO] ThirdParty:1030 - CMSIS Pack Vendor :STMicroelectronics X-CUBE-ALGOBUILD 1.3.0
2024-06-17 20:17:56,792 [INFO] ThirdParty:1030 - CMSIS Pack Vendor :STMicroelectronics FreeRTOS 0.0.1
2024-06-17 20:17:56,792 [INFO] ThirdParty:1030 - CMSIS Pack Vendor :STMicroelectronics X-CUBE-AZRTOS-G0 1.1.0
2024-06-17 20:17:56,793 [INFO] ThirdParty:1030 - CMSIS Pack Vendor :STMicroelectronics X-CUBE-SAFEA1 1.2.2
2024-06-17 20:17:56,793 [INFO] ThirdParty:1030 - CMSIS Pack Vendor :STMicroelectronics X-CUBE-NFC4 3.0.0
2024-06-17 20:17:56,793 [INFO] ThirdParty:1030 - CMSIS Pack Vendor :STMicroelectronics X-CUBE-SUBG2 5.0.0
2024-06-17 20:17:56,793 [INFO] ThirdParty:1030 - CMSIS Pack Vendor :STMicroelectronics STM32_WPAN 1.0.0
2024-06-17 20:17:56,793 [INFO] ThirdParty:1030 - CMSIS Pack Vendor :STMicroelectronics lwIP 2.0.3
2024-06-17 20:17:56,793 [INFO] ThirdParty:1030 - CMSIS Pack Vendor :STMicroelectronics FP-SNS-FLIGHT1 5.0.2
2024-06-17 20:17:56,793 [INFO] ThirdParty:1030 - CMSIS Pack Vendor :Cesanta I-CUBE-Mongoose 7.13.0
2024-06-17 20:17:56,793 [INFO] ThirdParty:1030 - CMSIS Pack Vendor :STMicroelectronics USB_HOST 1.0.0
2024-06-17 20:17:56,793 [INFO] ThirdParty:1030 - CMSIS Pack Vendor :STMicroelectronics X-CUBE-AI 9.0.0
2024-06-17 20:17:56,793 [INFO] ThirdParty:1030 - CMSIS Pack Vendor :STMicroelectronics X-CUBE-AZRTOS-G4 2.0.0
2024-06-17 20:17:56,794 [INFO] ThirdParty:1030 - CMSIS Pack Vendor :STMicroelectronics PDM2PCM 3.1.0
2024-06-17 20:17:56,794 [INFO] ThirdParty:1030 - CMSIS Pack Vendor :Infineon AIROC-Wi-Fi-Bluetooth-STM32 1.5.1
2024-06-17 20:17:56,794 [INFO] ThirdParty:1030 - CMSIS Pack Vendor :STMicroelectronics PDM2PCM 3.3.0
2024-06-17 20:17:56,794 [INFO] ThirdParty:1030 - CMSIS Pack Vendor :STMicroelectronics X-CUBE-DISPLAY 3.0.0
2024-06-17 20:17:56,794 [INFO] ThirdParty:1030 - CMSIS Pack Vendor :STMicroelectronics FP-SNS-MOTENVWB1 1.3.1
2024-06-17 20:17:56,794 [INFO] ThirdParty:1030 - CMSIS Pack Vendor :STMicroelectronics X-CUBE-BLE1 7.0.0
2024-06-17 20:17:56,794 [INFO] ThirdParty:1030 - CMSIS Pack Vendor :STMicroelectronics FP-ATR-SIGFOX1 3.2.0
2024-06-17 20:17:56,794 [INFO] ThirdParty:1030 - CMSIS Pack Vendor :STMicroelectronics X-CUBE-ISPU 2.0.0
2024-06-17 20:17:56,794 [INFO] ThirdParty:1030 - CMSIS Pack Vendor :STMicroelectronics X-CUBE-EEPRMA1 5.1.0
2024-06-17 20:17:56,794 [INFO] ThirdParty:1030 - CMSIS Pack Vendor :STMicroelectronics HAL Drivers 0.0.0
2024-06-17 20:17:56,794 [INFO] ThirdParty:1030 - CMSIS Pack Vendor :STMicroelectronics MBEDTLS 2.16.2
2024-06-17 20:17:56,795 [INFO] ThirdParty:1030 - CMSIS Pack Vendor :STMicroelectronics X-CUBE-ALS 1.0.2
2024-06-17 20:17:56,795 [INFO] ThirdParty:1030 - CMSIS Pack Vendor :emotas I-CUBE-CANOPEN 1.3.0
2024-06-17 20:17:56,795 [INFO] ThirdParty:1030 - CMSIS Pack Vendor :STMicroelectronics X-CUBE-MEMS1 10.0.0
2024-06-17 20:17:56,795 [INFO] ThirdParty:1030 - CMSIS Pack Vendor :STMicroelectronics X-CUBE-FREERTOS 1.1.0
2024-06-17 20:17:56,795 [INFO] ThirdParty:1030 - CMSIS Pack Vendor :STMicroelectronics X-CUBE-NFC7 1.0.1
2024-06-17 20:17:56,795 [INFO] ThirdParty:1030 - CMSIS Pack Vendor :STMicroelectronics MBEDTLS 2.14.1
2024-06-17 20:17:56,795 [INFO] ThirdParty:1030 - CMSIS Pack Vendor :STMicroelectronics X-CUBE-NFC6 3.0.0
2024-06-17 20:17:56,796 [INFO] ThirdParty:1030 - CMSIS Pack Vendor :portGmbH I-Cube-SoM-uGOAL 1.1.0
2024-06-17 20:17:56,796 [INFO] ThirdParty:1030 - CMSIS Pack Vendor :STMicroelectronics X-CUBE-ALS 1.0.1
2024-06-17 20:17:56,796 [INFO] ThirdParty:1030 - CMSIS Pack Vendor :STMicroelectronics X-CUBE-BLEMGR 3.1.0
2024-06-17 20:17:56,796 [INFO] ThirdParty:1030 - CMSIS Pack Vendor :STMicroelectronics ThreadX 1.0.0
2024-06-17 20:17:56,796 [INFO] ThirdParty:1030 - CMSIS Pack Vendor :STMicroelectronics FP-SNS-SMARTAG2 1.2.0
2024-06-17 20:17:56,796 [INFO] ThirdParty:1030 - CMSIS Pack Vendor :STMicroelectronics X-CUBE-AZRTOS-WL 2.0.0
2024-06-17 20:17:56,796 [INFO] ThirdParty:1030 - CMSIS Pack Vendor :SEGGER I-CUBE-embOS 1.3.1
2024-06-17 20:17:56,797 [INFO] ThirdParty:1030 - CMSIS Pack Vendor :STMicroelectronics X-CUBE-ALGOBUILD 1.4.0
2024-06-17 20:17:56,797 [INFO] ThirdParty:1030 - CMSIS Pack Vendor :STMicroelectronics FP-SNS-MOTENV1 5.0.0
2024-06-17 20:17:56,797 [INFO] ThirdParty:1030 - CMSIS Pack Vendor :STMicroelectronics USB_DEVICE 1.0.0
2024-06-17 20:17:56,797 [INFO] ThirdParty:1030 - CMSIS Pack Vendor :STMicroelectronics X-CUBE-AI 8.1.0
2024-06-17 20:17:56,797 [INFO] ThirdParty:1030 - CMSIS Pack Vendor :STMicroelectronics X-CUBE-AZRTOS-H7RS 1.0.0
2024-06-17 20:17:56,797 [INFO] ThirdParty:1030 - CMSIS Pack Vendor :wolfSSL I-CUBE-wolfMQTT 1.19.0
2024-06-17 20:17:56,797 [INFO] ThirdParty:1030 - CMSIS Pack Vendor :STMicroelectronics X-CUBE-AZRTOS-L4 2.0.0
2024-06-17 20:17:56,797 [INFO] ThirdParty:1030 - CMSIS Pack Vendor :STMicroelectronics ThreadX 0.0.2
2024-06-17 20:17:56,797 [INFO] ThirdParty:1030 - CMSIS Pack Vendor :WES I-CUBE-Cesium 1.3.0
2024-06-17 20:17:56,797 [INFO] ThirdParty:1030 - CMSIS Pack Vendor :STMicroelectronics FP-ATR-ASTRA1 2.0.0
2024-06-17 20:17:56,798 [INFO] ThirdParty:1030 - CMSIS Pack Vendor :STMicroelectronics lwIP 2.1.2
2024-06-17 20:17:56,798 [INFO] ThirdParty:1030 - CMSIS Pack Vendor :STMicroelectronics X-CUBE-SFXS2LP1 4.0.0
2024-06-17 20:17:56,798 [INFO] ThirdParty:1030 - CMSIS Pack Vendor :STMicroelectronics X-CUBE-BLE2 3.3.0
2024-06-17 20:17:56,798 [INFO] ThirdParty:1030 - CMSIS Pack Vendor :STMicroelectronics X-CUBE-TOF1 3.4.0
2024-06-17 20:17:56,798 [INFO] ThirdParty:1030 - CMSIS Pack Vendor :STMicroelectronics X-CUBE-TOF1 3.4.1
2024-06-17 20:17:56,798 [INFO] ThirdParty:1030 - CMSIS Pack Vendor :STMicroelectronics X-CUBE-AZRTOS-H7 3.2.0
2024-06-17 20:17:56,798 [INFO] ThirdParty:1030 - CMSIS Pack Vendor :STMicroelectronics PDM2PCM 3.2.0
2024-06-17 20:17:56,799 [INFO] ThirdParty:841 - exiting critical section [change project]
2024-06-17 20:17:57,588 [INFO] PinOutPanel:1499 - setPackage(No Configuration,No Configuration)
2024-06-17 20:17:57,590 [INFO] PinOutPanel:1499 - setPackage(STM32F407VGTx,LQFP100)
2024-06-17 20:17:58,408 [INFO] UtilMem:75 - Before build in PCC Used Memory: 419338752 Bytes (984612864)
2024-06-17 20:17:59,935 [INFO] UtilMem:75 - After build in PCC Used Memory: 541439936 Bytes (984612864)
2024-06-17 20:17:59,971 [INFO] IPUIPlugin:80 - create IPUIPlugin
2024-06-17 20:17:59,972 [INFO] IPUIPlugin:80 - create IPUIPlugin
2024-06-17 20:17:59,972 [INFO] IPUIPlugin:80 - create IPUIPlugin
2024-06-17 20:17:59,972 [INFO] IPUIPlugin:80 - create IPUIPlugin
2024-06-17 20:17:59,972 [INFO] IPUIPlugin:80 - create IPUIPlugin
2024-06-17 20:17:59,972 [INFO] IPUIPlugin:80 - create IPUIPlugin
2024-06-17 20:17:59,973 [INFO] IPUIPlugin:80 - create IPUIPlugin
2024-06-17 20:17:59,973 [INFO] IPUIPlugin:80 - create IPUIPlugin
2024-06-17 20:17:59,973 [INFO] IPUIPlugin:80 - create IPUIPlugin
2024-06-17 20:17:59,973 [INFO] IPUIPlugin:80 - create IPUIPlugin
2024-06-17 20:17:59,973 [INFO] IPUIPlugin:80 - create IPUIPlugin
2024-06-17 20:17:59,974 [INFO] IPUIPlugin:80 - create IPUIPlugin
2024-06-17 20:17:59,974 [INFO] IPUIPlugin:80 - create IPUIPlugin
2024-06-17 20:17:59,974 [INFO] IPUIPlugin:80 - create IPUIPlugin
2024-06-17 20:17:59,974 [INFO] IPUIPlugin:80 - create IPUIPlugin
2024-06-17 20:17:59,974 [INFO] IPUIPlugin:80 - create IPUIPlugin
2024-06-17 20:17:59,975 [INFO] IPUIPlugin:80 - create IPUIPlugin
2024-06-17 20:17:59,975 [INFO] IPUIPlugin:80 - create IPUIPlugin
2024-06-17 20:17:59,975 [INFO] IPUIPlugin:80 - create IPUIPlugin
2024-06-17 20:17:59,975 [INFO] IPUIPlugin:80 - create IPUIPlugin
2024-06-17 20:17:59,975 [INFO] IPUIPlugin:80 - create IPUIPlugin
2024-06-17 20:17:59,976 [INFO] IPUIPlugin:80 - create IPUIPlugin
2024-06-17 20:17:59,976 [INFO] IPUIPlugin:80 - create IPUIPlugin
2024-06-17 20:17:59,976 [INFO] IPUIPlugin:80 - create IPUIPlugin
2024-06-17 20:17:59,977 [INFO] IPUIPlugin:80 - create IPUIPlugin
2024-06-17 20:17:59,977 [INFO] IPUIPlugin:80 - create IPUIPlugin
2024-06-17 20:17:59,977 [INFO] IPUIPlugin:80 - create IPUIPlugin
2024-06-17 20:17:59,977 [INFO] IPUIPlugin:80 - create IPUIPlugin
2024-06-17 20:17:59,978 [INFO] IPUIPlugin:80 - create IPUIPlugin
2024-06-17 20:17:59,978 [INFO] IPUIPlugin:80 - create IPUIPlugin
2024-06-17 20:17:59,978 [INFO] IPUIPlugin:80 - create IPUIPlugin
2024-06-17 20:17:59,979 [INFO] IPUIPlugin:80 - create IPUIPlugin
2024-06-17 20:17:59,979 [INFO] IPUIPlugin:80 - create IPUIPlugin
2024-06-17 20:17:59,979 [INFO] IPUIPlugin:80 - create IPUIPlugin
2024-06-17 20:17:59,980 [INFO] IPUIPlugin:80 - create IPUIPlugin
2024-06-17 20:17:59,980 [INFO] IPUIPlugin:80 - create IPUIPlugin
2024-06-17 20:17:59,980 [INFO] IPUIPlugin:80 - create IPUIPlugin
2024-06-17 20:17:59,980 [INFO] IPUIPlugin:80 - create IPUIPlugin
2024-06-17 20:17:59,980 [INFO] IPUIPlugin:80 - create IPUIPlugin
2024-06-17 20:17:59,981 [INFO] IPUIPlugin:80 - create IPUIPlugin
2024-06-17 20:17:59,981 [INFO] IPUIPlugin:80 - create IPUIPlugin
2024-06-17 20:17:59,981 [INFO] IPUIPlugin:80 - create IPUIPlugin
2024-06-17 20:17:59,981 [INFO] IPUIPlugin:80 - create IPUIPlugin
2024-06-17 20:17:59,982 [INFO] IPUIPlugin:80 - create IPUIPlugin
2024-06-17 20:17:59,982 [INFO] IPUIPlugin:80 - create IPUIPlugin
2024-06-17 20:17:59,982 [INFO] IPUIPlugin:80 - create IPUIPlugin
2024-06-17 20:17:59,983 [INFO] IPUIPlugin:80 - create IPUIPlugin
2024-06-17 20:17:59,983 [INFO] IPUIPlugin:80 - create IPUIPlugin
2024-06-17 20:17:59,983 [INFO] IPUIPlugin:80 - create IPUIPlugin
2024-06-17 20:17:59,984 [INFO] IPUIPlugin:80 - create IPUIPlugin
2024-06-17 20:17:59,984 [INFO] IPUIPlugin:80 - create IPUIPlugin
2024-06-17 20:17:59,985 [INFO] IPUIPlugin:80 - create IPUIPlugin
2024-06-17 20:17:59,985 [INFO] IPUIPlugin:80 - create IPUIPlugin
2024-06-17 20:17:59,986 [INFO] IPUIPlugin:80 - create IPUIPlugin
2024-06-17 20:17:59,989 [INFO] IPUIPlugin:80 - create IPUIPlugin
2024-06-17 20:17:59,989 [INFO] IPUIPlugin:80 - create IPUIPlugin
2024-06-17 20:17:59,989 [INFO] IPUIPlugin:80 - create IPUIPlugin
2024-06-17 20:17:59,991 [INFO] IPUIPlugin:80 - create IPUIPlugin
2024-06-17 20:18:00,208 [INFO] ApiDbMcu:508 - Load IP Config File for PDM2PCM
2024-06-17 20:18:00,572 [INFO] CADModel:165 - CPN selected for project levelSTM32F407VGT6
2024-06-17 20:18:00,572 [INFO] CADModel:114 - Register for checkConnection events
2024-06-17 20:18:00,624 [INFO] OpenFileManager:343 - Restore cursor
2024-06-17 20:18:02,233 [INFO] UtilMem:75 - End SaveConfig() Used Memory: 531958784 Bytes (984612864)
2024-06-17 20:18:02,369 [INFO] UtilMem:75 - End SaveConfig() Used Memory: 555027456 Bytes (984612864)
2024-06-17 20:18:02,912 [INFO] BlockDiagram:2759 - set Specific Code input for plugin: RCC
2024-06-17 20:18:02,912 [INFO] BlockDiagram:2759 - set Specific Code input for plugin: NVIC
2024-06-17 20:18:02,914 [INFO] CodeGenerator:807 - code generatio: config db path: D:\stm32\STM32CubeIDE_1.14.1\STM32CubeIDE\plugins\com.st.stm32cube.common.mx_6.10.0.202311202037\\db\
2024-06-17 20:18:03,557 [INFO] CodeEngine:255 - oldGeneratedFile, D:\stm32\projects\i2c\I2C\MXTmpFiles\license.tmp_save
2024-06-17 20:18:04,380 [INFO] CodeEngine:279 - Generated code: D:\stm32\projects\i2c\I2C\MXTmpFiles\license.tmp
2024-06-17 20:18:04,512 [INFO] CodeEngine:255 - oldGeneratedFile, D:\stm32\projects\i2c\I2C\Core\Src\stm32f4xx_it.c_save
2024-06-17 20:18:04,879 [INFO] CodeEngine:279 - Generated code: D:\stm32\projects\i2c\I2C\Core\Src\stm32f4xx_it.c
2024-06-17 20:18:04,913 [INFO] CodeEngine:255 - oldGeneratedFile, D:\stm32\projects\i2c\I2C\Core\Inc\stm32f4xx_it.h_save
2024-06-17 20:18:05,104 [INFO] CodeEngine:279 - Generated code: D:\stm32\projects\i2c\I2C\Core\Inc\stm32f4xx_it.h
2024-06-17 20:18:05,634 [INFO] CodeEngine:255 - oldGeneratedFile, D:\stm32\projects\i2c\I2C\Core\Src\stm32f4xx_hal_msp.c_save
2024-06-17 20:18:05,879 [INFO] CodeEngine:279 - Generated code: D:\stm32\projects\i2c\I2C\Core\Src\stm32f4xx_hal_msp.c
2024-06-17 20:18:05,916 [INFO] CodeEngine:255 - oldGeneratedFile, D:\stm32\projects\i2c\I2C\MXTmpFiles\system.tmp_save
2024-06-17 20:18:06,042 [INFO] CodeEngine:279 - Generated code: D:\stm32\projects\i2c\I2C\MXTmpFiles\system.tmp
2024-06-17 20:18:06,130 [INFO] CodeEngine:311 - oldGeneratedFile, D:\stm32\projects\i2c\I2C\Core\Inc\stm32f4xx_hal_conf.h_save
2024-06-17 20:18:06,296 [INFO] CodeEngine:335 - Generated code: D:\stm32\projects\i2c\I2C\Core\Inc\stm32f4xx_hal_conf.h
2024-06-17 20:18:06,679 [INFO] CodeEngine:255 - oldGeneratedFile, D:\stm32\projects\i2c\I2C\Core\Inc\main.h_save
2024-06-17 20:18:06,871 [INFO] CodeEngine:279 - Generated code: D:\stm32\projects\i2c\I2C\Core\Inc\main.h
2024-06-17 20:18:06,909 [INFO] CodeEngine:255 - oldGeneratedFile, D:\stm32\projects\i2c\I2C\Core\Src\main.c_save
2024-06-17 20:18:07,108 [INFO] CodeEngine:279 - Generated code: D:\stm32\projects\i2c\I2C\Core\Src\main.c
2024-06-17 20:18:07,764 [INFO] ProjectBuilder:3076 - Time for Copy HAL[1] : 236mS.
2024-06-17 20:18:07,796 [INFO] ProjectBuilder:4485 - Project Generator version: 4.2.0-B44
2024-06-17 20:18:08,459 [INFO] ConfigFileManager:1495 - The Die is : DIE413
2024-06-17 20:18:08,939 [INFO] ApiDbMcu:508 - Load IP Config File for FATFS
2024-06-17 20:18:09,508 [INFO] ApiDbMcu:508 - Load IP Config File for FREERTOS
2024-06-17 20:18:10,681 [INFO] ApiDbMcu:508 - Load IP Config File for LIBJPEG
2024-06-17 20:18:10,745 [INFO] ApiDbMcu:508 - Load IP Config File for LWIP
2024-06-17 20:18:11,168 [INFO] ApiDbMcu:508 - Load IP Config File for MBEDTLS
2024-06-17 20:18:11,278 [INFO] ApiDbMcu:508 - Load IP Config File for USB_DEVICE
2024-06-17 20:18:11,315 [INFO] ApiDbMcu:508 - Load IP Config File for USB_HOST
2024-06-17 20:18:13,736 [INFO] LogOutputStream:77 - [STDOUT_REDIRECT] 
2024-06-17 20:18:25,498 [INFO] ProjectBuilder:4747 - Time for Generating toolchain IDE Files: 17701mS.
2024-06-17 20:18:25,499 [INFO] ProjectBuilder:2947 - Time for Copy CMSIS : 0mS.
2024-06-17 20:18:25,500 [INFO] ProjectBuilder:2947 - Time for Copy CMSIS : 0mS.
2024-06-17 20:18:28,885 [INFO] McuFinderGlobals:76 - Set McuFinderConnectedMode to true
2024-06-17 20:18:28,905 [INFO] ApiDb:448 - Save user favorites file C:\Users\srira/.stm32cubeide/favorites.mcus.txt: 0 item(s)
2024-06-17 20:18:28,905 [INFO] ApiDb:452 - User favorites MCUs=[]
2024-06-17 20:18:53,859 [WARN] IP:2119 - I2C_Coeff_DF not found: check if there is a RefParameter without a condition.
2024-06-17 20:18:53,859 [WARN] IP:2119 - Analog_Filter not found: check if there is a RefParameter without a condition.
2024-06-17 20:18:53,861 [WARN] IP:2119 - I2C_Coeff_DF not found: check if there is a RefParameter without a condition.
2024-06-17 20:18:53,861 [WARN] IP:2119 - Analog_Filter not found: check if there is a RefParameter without a condition.
2024-06-17 20:18:53,862 [WARN] IP:2119 - I2C_Coeff_DF not found: check if there is a RefParameter without a condition.
2024-06-17 20:18:53,862 [WARN] IP:2119 - Analog_Filter not found: check if there is a RefParameter without a condition.
2024-06-17 20:18:54,280 [WARN] IP:2119 - I2C_Coeff_DF not found: check if there is a RefParameter without a condition.
2024-06-17 20:18:54,281 [WARN] IP:2119 - Analog_Filter not found: check if there is a RefParameter without a condition.
2024-06-17 20:18:54,284 [WARN] IP:2119 - I2C_Coeff_DF not found: check if there is a RefParameter without a condition.
2024-06-17 20:18:54,284 [WARN] IP:2119 - Analog_Filter not found: check if there is a RefParameter without a condition.
2024-06-17 20:18:54,461 [WARN] IP:2119 - I2C_Coeff_DF not found: check if there is a RefParameter without a condition.
2024-06-17 20:18:54,461 [WARN] IP:2119 - Analog_Filter not found: check if there is a RefParameter without a condition.
2024-06-17 20:18:54,462 [WARN] IP:2119 - I2C_Coeff_DF not found: check if there is a RefParameter without a condition.
2024-06-17 20:18:54,462 [WARN] IP:2119 - Analog_Filter not found: check if there is a RefParameter without a condition.
2024-06-17 20:18:54,573 [WARN] IP:2119 - I2C_Coeff_DF not found: check if there is a RefParameter without a condition.
2024-06-17 20:18:54,573 [WARN] IP:2119 - Analog_Filter not found: check if there is a RefParameter without a condition.
2024-06-17 20:27:37,148 [WARN] IP:2119 - I2C_Coeff_DF not found: check if there is a RefParameter without a condition.
2024-06-17 20:27:37,178 [WARN] IP:2119 - Analog_Filter not found: check if there is a RefParameter without a condition.
2024-06-17 20:27:37,181 [WARN] IP:2119 - I2C_Coeff_DF not found: check if there is a RefParameter without a condition.
2024-06-17 20:27:37,181 [WARN] IP:2119 - Analog_Filter not found: check if there is a RefParameter without a condition.
2024-06-17 20:27:37,852 [WARN] IP:2119 - I2C_Coeff_DF not found: check if there is a RefParameter without a condition.
2024-06-17 20:27:37,852 [WARN] IP:2119 - Analog_Filter not found: check if there is a RefParameter without a condition.
2024-06-17 20:27:37,936 [WARN] IP:2119 - I2C_Coeff_DF not found: check if there is a RefParameter without a condition.
2024-06-17 20:27:37,936 [WARN] IP:2119 - Analog_Filter not found: check if there is a RefParameter without a condition.
2024-06-17 20:27:42,714 [WARN] IP:2119 - I2C_Coeff_DF not found: check if there is a RefParameter without a condition.
2024-06-17 20:27:42,714 [WARN] IP:2119 - Analog_Filter not found: check if there is a RefParameter without a condition.
2024-06-17 20:27:42,715 [WARN] IP:2119 - I2C_Coeff_DF not found: check if there is a RefParameter without a condition.
2024-06-17 20:27:42,715 [WARN] IP:2119 - Analog_Filter not found: check if there is a RefParameter without a condition.
2024-06-17 20:27:42,736 [WARN] IP:2119 - I2C_Coeff_DF not found: check if there is a RefParameter without a condition.
2024-06-17 20:27:42,736 [WARN] IP:2119 - Analog_Filter not found: check if there is a RefParameter without a condition.
2024-06-17 20:27:42,755 [WARN] IP:2119 - I2C_Coeff_DF not found: check if there is a RefParameter without a condition.
2024-06-17 20:27:42,755 [WARN] IP:2119 - Analog_Filter not found: check if there is a RefParameter without a condition.
2024-06-17 20:32:31,318 [WARN] IP:2119 - I2C_Coeff_DF not found: check if there is a RefParameter without a condition.
2024-06-17 20:32:31,318 [WARN] IP:2119 - Analog_Filter not found: check if there is a RefParameter without a condition.
2024-06-17 20:32:31,318 [WARN] IP:2119 - I2C_Coeff_DF not found: check if there is a RefParameter without a condition.
2024-06-17 20:32:31,318 [WARN] IP:2119 - Analog_Filter not found: check if there is a RefParameter without a condition.
2024-06-17 20:32:31,350 [WARN] IP:2119 - I2C_Coeff_DF not found: check if there is a RefParameter without a condition.
2024-06-17 20:32:31,350 [WARN] IP:2119 - Analog_Filter not found: check if there is a RefParameter without a condition.
2024-06-17 20:32:31,365 [WARN] IP:2119 - I2C_Coeff_DF not found: check if there is a RefParameter without a condition.
2024-06-17 20:32:31,365 [WARN] IP:2119 - Analog_Filter not found: check if there is a RefParameter without a condition.
2024-06-17 20:32:34,086 [WARN] IP:2119 - I2C_Coeff_DF not found: check if there is a RefParameter without a condition.
2024-06-17 20:32:34,086 [WARN] IP:2119 - Analog_Filter not found: check if there is a RefParameter without a condition.
2024-06-17 20:32:34,086 [WARN] IP:2119 - I2C_Coeff_DF not found: check if there is a RefParameter without a condition.
2024-06-17 20:32:34,086 [WARN] IP:2119 - Analog_Filter not found: check if there is a RefParameter without a condition.
2024-06-17 20:32:34,094 [WARN] IP:2119 - I2C_Coeff_DF not found: check if there is a RefParameter without a condition.
2024-06-17 20:32:34,094 [WARN] IP:2119 - Analog_Filter not found: check if there is a RefParameter without a condition.
2024-06-17 20:32:34,102 [WARN] IP:2119 - I2C_Coeff_DF not found: check if there is a RefParameter without a condition.
2024-06-17 20:32:34,102 [WARN] IP:2119 - Analog_Filter not found: check if there is a RefParameter without a condition.
2024-06-17 20:32:37,029 [WARN] IP:2119 - I2C_Coeff_DF not found: check if there is a RefParameter without a condition.
2024-06-17 20:32:37,029 [WARN] IP:2119 - Analog_Filter not found: check if there is a RefParameter without a condition.
2024-06-17 20:32:37,029 [WARN] IP:2119 - I2C_Coeff_DF not found: check if there is a RefParameter without a condition.
2024-06-17 20:32:37,029 [WARN] IP:2119 - Analog_Filter not found: check if there is a RefParameter without a condition.
2024-06-17 20:32:37,044 [WARN] IP:2119 - I2C_Coeff_DF not found: check if there is a RefParameter without a condition.
2024-06-17 20:32:37,044 [WARN] IP:2119 - Analog_Filter not found: check if there is a RefParameter without a condition.
2024-06-17 20:32:37,060 [WARN] IP:2119 - I2C_Coeff_DF not found: check if there is a RefParameter without a condition.
2024-06-17 20:32:37,060 [WARN] IP:2119 - Analog_Filter not found: check if there is a RefParameter without a condition.
2024-06-17 20:32:39,994 [WARN] IP:2119 - I2C_Coeff_DF not found: check if there is a RefParameter without a condition.
2024-06-17 20:32:39,994 [WARN] IP:2119 - Analog_Filter not found: check if there is a RefParameter without a condition.
2024-06-17 20:32:39,995 [WARN] IP:2119 - I2C_Coeff_DF not found: check if there is a RefParameter without a condition.
2024-06-17 20:32:39,995 [WARN] IP:2119 - Analog_Filter not found: check if there is a RefParameter without a condition.
2024-06-17 20:32:40,018 [WARN] IP:2119 - I2C_Coeff_DF not found: check if there is a RefParameter without a condition.
2024-06-17 20:32:40,019 [WARN] IP:2119 - Analog_Filter not found: check if there is a RefParameter without a condition.
2024-06-17 20:32:40,042 [WARN] IP:2119 - I2C_Coeff_DF not found: check if there is a RefParameter without a condition.
2024-06-17 20:32:40,043 [WARN] IP:2119 - Analog_Filter not found: check if there is a RefParameter without a condition.
2024-06-17 20:32:44,791 [WARN] IP:2119 - I2C_Coeff_DF not found: check if there is a RefParameter without a condition.
2024-06-17 20:32:44,791 [WARN] IP:2119 - Analog_Filter not found: check if there is a RefParameter without a condition.
2024-06-17 20:32:44,791 [WARN] IP:2119 - I2C_Coeff_DF not found: check if there is a RefParameter without a condition.
2024-06-17 20:32:44,791 [WARN] IP:2119 - Analog_Filter not found: check if there is a RefParameter without a condition.
2024-06-17 20:32:44,808 [WARN] IP:2119 - I2C_Coeff_DF not found: check if there is a RefParameter without a condition.
2024-06-17 20:32:44,808 [WARN] IP:2119 - Analog_Filter not found: check if there is a RefParameter without a condition.
2024-06-17 20:32:44,823 [WARN] IP:2119 - I2C_Coeff_DF not found: check if there is a RefParameter without a condition.
2024-06-17 20:32:44,823 [WARN] IP:2119 - Analog_Filter not found: check if there is a RefParameter without a condition.
2024-06-17 20:32:48,908 [WARN] IP:2119 - I2C_Coeff_DF not found: check if there is a RefParameter without a condition.
2024-06-17 20:32:48,909 [WARN] IP:2119 - Analog_Filter not found: check if there is a RefParameter without a condition.
2024-06-17 20:32:48,909 [WARN] IP:2119 - I2C_Coeff_DF not found: check if there is a RefParameter without a condition.
2024-06-17 20:32:48,909 [WARN] IP:2119 - Analog_Filter not found: check if there is a RefParameter without a condition.
2024-06-17 20:32:48,921 [WARN] IP:2119 - I2C_Coeff_DF not found: check if there is a RefParameter without a condition.
2024-06-17 20:32:48,921 [WARN] IP:2119 - Analog_Filter not found: check if there is a RefParameter without a condition.
2024-06-17 20:32:48,935 [WARN] IP:2119 - I2C_Coeff_DF not found: check if there is a RefParameter without a condition.
2024-06-17 20:32:48,937 [WARN] IP:2119 - Analog_Filter not found: check if there is a RefParameter without a condition.
2024-06-17 20:32:53,270 [WARN] IP:2119 - I2C_Coeff_DF not found: check if there is a RefParameter without a condition.
2024-06-17 20:32:53,270 [WARN] IP:2119 - Analog_Filter not found: check if there is a RefParameter without a condition.
2024-06-17 20:32:53,271 [WARN] IP:2119 - I2C_Coeff_DF not found: check if there is a RefParameter without a condition.
2024-06-17 20:32:53,271 [WARN] IP:2119 - Analog_Filter not found: check if there is a RefParameter without a condition.
2024-06-17 20:32:53,285 [WARN] IP:2119 - I2C_Coeff_DF not found: check if there is a RefParameter without a condition.
2024-06-17 20:32:53,285 [WARN] IP:2119 - Analog_Filter not found: check if there is a RefParameter without a condition.
2024-06-17 20:32:53,299 [WARN] IP:2119 - I2C_Coeff_DF not found: check if there is a RefParameter without a condition.
2024-06-17 20:32:53,299 [WARN] IP:2119 - Analog_Filter not found: check if there is a RefParameter without a condition.
2024-06-17 20:33:18,227 [WARN] IP:2119 - I2C_Coeff_DF not found: check if there is a RefParameter without a condition.
2024-06-17 20:33:18,227 [WARN] IP:2119 - Analog_Filter not found: check if there is a RefParameter without a condition.
2024-06-17 20:33:18,227 [WARN] IP:2119 - I2C_Coeff_DF not found: check if there is a RefParameter without a condition.
2024-06-17 20:33:18,227 [WARN] IP:2119 - Analog_Filter not found: check if there is a RefParameter without a condition.
2024-06-17 20:33:18,243 [WARN] IP:2119 - I2C_Coeff_DF not found: check if there is a RefParameter without a condition.
2024-06-17 20:33:18,243 [WARN] IP:2119 - Analog_Filter not found: check if there is a RefParameter without a condition.
2024-06-17 20:33:18,261 [WARN] IP:2119 - I2C_Coeff_DF not found: check if there is a RefParameter without a condition.
2024-06-17 20:33:18,261 [WARN] IP:2119 - Analog_Filter not found: check if there is a RefParameter without a condition.
2024-06-17 20:35:23,468 [INFO] UtilMem:75 - End SaveConfig() Used Memory: 663987600 Bytes (1073741824)
2024-06-17 20:35:29,142 [INFO] UtilMem:75 - End SaveConfig() Used Memory: 696329768 Bytes (1073741824)
2024-06-17 20:35:29,678 [INFO] BlockDiagram:2759 - set Specific Code input for plugin: SYS
2024-06-17 20:35:29,678 [INFO] BlockDiagram:2759 - set Specific Code input for plugin: RCC
2024-06-17 20:35:29,678 [INFO] BlockDiagram:2759 - set Specific Code input for plugin: I2C
2024-06-17 20:35:29,678 [INFO] BlockDiagram:2759 - set Specific Code input for plugin: NVIC
2024-06-17 20:35:29,679 [INFO] BlockDiagram:2759 - set Specific Code input for plugin: GPIO
2024-06-17 20:35:29,696 [INFO] CodeGenerator:807 - code generatio: config db path: D:\stm32\STM32CubeIDE_1.14.1\STM32CubeIDE\plugins\com.st.stm32cube.common.mx_6.10.0.202311202037\\db\
2024-06-17 20:35:29,697 [WARN] IP:2119 - I2C_Coeff_DF not found: check if there is a RefParameter without a condition.
2024-06-17 20:35:29,697 [WARN] IP:2119 - Analog_Filter not found: check if there is a RefParameter without a condition.
2024-06-17 20:35:30,201 [INFO] CodeEngine:255 - oldGeneratedFile, D:\stm32\projects\i2c\I2C\MXTmpFiles\license.tmp_save
2024-06-17 20:35:30,947 [INFO] CodeEngine:279 - Generated code: D:\stm32\projects\i2c\I2C\MXTmpFiles\license.tmp
2024-06-17 20:35:31,281 [INFO] CodeEngine:255 - oldGeneratedFile, D:\stm32\projects\i2c\I2C\MXTmpFiles\gpio.tmp_save
2024-06-17 20:35:31,413 [INFO] CodeEngine:279 - Generated code: D:\stm32\projects\i2c\I2C\MXTmpFiles\gpio.tmp
2024-06-17 20:35:31,921 [INFO] CodeEngine:255 - oldGeneratedFile, D:\stm32\projects\i2c\I2C\Core\Src\stm32f4xx_it.c_save
2024-06-17 20:35:32,348 [INFO] CodeEngine:279 - Generated code: D:\stm32\projects\i2c\I2C\Core\Src\stm32f4xx_it.c
2024-06-17 20:35:32,389 [INFO] CodeEngine:255 - oldGeneratedFile, D:\stm32\projects\i2c\I2C\Core\Inc\stm32f4xx_it.h_save
2024-06-17 20:35:32,502 [INFO] CodeEngine:279 - Generated code: D:\stm32\projects\i2c\I2C\Core\Inc\stm32f4xx_it.h
2024-06-17 20:35:32,553 [INFO] CodeEngine:255 - oldGeneratedFile, D:\stm32\projects\i2c\I2C\Core\Src\stm32f4xx_hal_msp.c_save
2024-06-17 20:35:32,722 [INFO] CodeEngine:279 - Generated code: D:\stm32\projects\i2c\I2C\Core\Src\stm32f4xx_hal_msp.c
2024-06-17 20:35:32,750 [INFO] CodeEngine:255 - oldGeneratedFile, D:\stm32\projects\i2c\I2C\MXTmpFiles\system.tmp_save
2024-06-17 20:35:32,839 [INFO] CodeEngine:279 - Generated code: D:\stm32\projects\i2c\I2C\MXTmpFiles\system.tmp
2024-06-17 20:35:32,920 [INFO] CodeEngine:311 - oldGeneratedFile, D:\stm32\projects\i2c\I2C\Core\Inc\stm32f4xx_hal_conf.h_save
2024-06-17 20:35:33,076 [INFO] CodeEngine:335 - Generated code: D:\stm32\projects\i2c\I2C\Core\Inc\stm32f4xx_hal_conf.h
2024-06-17 20:35:33,198 [INFO] CodeEngine:255 - oldGeneratedFile, D:\stm32\projects\i2c\I2C\Core\Inc\main.h_save
2024-06-17 20:35:33,354 [INFO] CodeEngine:279 - Generated code: D:\stm32\projects\i2c\I2C\Core\Inc\main.h
2024-06-17 20:35:33,418 [INFO] CodeEngine:255 - oldGeneratedFile, D:\stm32\projects\i2c\I2C\Core\Src\main.c_save
2024-06-17 20:35:33,604 [INFO] CodeEngine:279 - Generated code: D:\stm32\projects\i2c\I2C\Core\Src\main.c
2024-06-17 20:35:34,422 [INFO] ProjectBuilder:3076 - Time for Copy HAL[1] : 383mS.
2024-06-17 20:35:34,426 [INFO] ProjectBuilder:4485 - Project Generator version: 4.2.0-B44
2024-06-17 20:35:34,814 [INFO] ConfigFileManager:1495 - The Die is : DIE413
2024-06-17 20:35:40,807 [INFO] ProjectBuilder:4747 - Time for Generating toolchain IDE Files: 6380mS.
2024-06-17 20:35:40,808 [INFO] ProjectBuilder:2947 - Time for Copy CMSIS : 1mS.
2024-06-17 20:35:40,809 [INFO] ProjectBuilder:2947 - Time for Copy CMSIS : 0mS.
2024-06-17 20:36:15,580 [INFO] Gpio:277 - dependency for GPIO [I2C1]
2024-06-17 22:06:42,679 [ERROR] ConfigurationRetriever:142 - IOException on connection: sw-center.st.com
2024-06-17 22:06:42,705 [ERROR] ConfigurationRetriever:142 - IOException on connection: sw-center.st.com
2024-06-17 22:06:42,706 [ERROR] ConfigurationRetriever:142 - IOException on connection: sw-center.st.com
2024-06-17 22:06:45,928 [ERROR] LogOutputStream:75 - [STDERR_REDIRECT] 
2024-06-17 22:06:45,928 [ERROR] LogOutputStream:75 - [STDERR_REDIRECT] 
