2024-06-20 20:49:01,024 [INFO] Activator:176 - 


2024-06-20 20:49:01,030 [INFO] Activator:177 - !SESSION log4j initialized
2024-06-20 20:49:13,744 [INFO] LogOutputStream:77 - [STDOUT_REDIRECT] 
2024-06-20 20:49:20,260 [INFO] ApplicationProperties:184 - Using Application install path: D:\stm32\STM32CubeIDE_1.14.1\STM32CubeIDE\plugins\com.st.stm32cube.common.mx_6.10.0.202311202037
2024-06-20 20:49:20,325 [INFO] DbMcusXml:78 - Set database path to: D:\stm32\STM32CubeIDE_1.14.1\STM32CubeIDE\plugins\com.st.stm32cube.common.mx_6.10.0.202311202037\\db\/mcu/
2024-06-20 20:49:20,325 [INFO] ApiDb:274 - Set plugin database path to: D:\stm32\STM32CubeIDE_1.14.1\STM32CubeIDE\plugins\com.st.stm32cube.common.mx_6.10.0.202311202037\\db\/plugins/boardmanager/
2024-06-20 20:49:20,326 [WARN] ApiDb:259 - Overriding images path with different value:  => D:\stm32\STM32CubeIDE_1.14.1\STM32CubeIDE\plugins\com.st.stm32cube.common.mx_6.10.0.202311202037\\db\/plugins/mcufinder/images/
2024-06-20 20:49:20,369 [INFO] ApiDb:250 - Set database path to: C:\Users\srira\.stmcufinder\plugins\mcufinder//mcu/
2024-06-20 20:49:20,372 [INFO] DbMcusAds:125 - Set database path to: C:\Users\srira\.stmcufinder\plugins\mcufinder//mcu/
2024-06-20 20:49:20,374 [INFO] CrossReferenceDbSqlite:203 - Set database path to: C:\Users\srira\.stmcufinder\plugins\mcufinder//mcu/cs/
2024-06-20 20:49:20,616 [INFO] RulesReader:64 - Compatibility file has been processed (297 Rules)
2024-06-20 20:49:20,688 [INFO] McuFinderGlobals:63 - Set McuFinder mode to 2 (CubeIDE integrated)
2024-06-20 20:49:20,890 [INFO] DbMcusXml:78 - Set database path to: D:\stm32\STM32CubeIDE_1.14.1\STM32CubeIDE\plugins\com.st.stm32cube.common.mx_6.10.0.202311202037\\db\/mcu/
2024-06-20 20:49:20,890 [INFO] ApiDb:274 - Set plugin database path to: D:\stm32\STM32CubeIDE_1.14.1\STM32CubeIDE\plugins\com.st.stm32cube.common.mx_6.10.0.202311202037\\db\/plugins/boardmanager/
2024-06-20 20:49:20,890 [INFO] ApiDb:261 - Set plugin images path to: D:\stm32\STM32CubeIDE_1.14.1\STM32CubeIDE\plugins\com.st.stm32cube.common.mx_6.10.0.202311202037\\db\/plugins/mcufinder/images/
2024-06-20 20:49:20,891 [WARN] DbFile:41 - Overriding database path with different value: C:\Users\srira\.stmcufinder\plugins\mcufinder/ => C:\Users\srira\.stmcufinder\plugins\mcufinder
2024-06-20 20:49:20,891 [INFO] ApiDb:250 - Set database path to: C:\Users\srira\.stmcufinder\plugins\mcufinder//mcu/
2024-06-20 20:49:20,891 [WARN] DbFile:41 - Overriding database path with different value: C:\Users\srira\.stmcufinder\plugins\mcufinder/ => C:\Users\srira\.stmcufinder\plugins\mcufinder
2024-06-20 20:49:20,891 [INFO] DbMcusAds:125 - Set database path to: C:\Users\srira\.stmcufinder\plugins\mcufinder//mcu/
2024-06-20 20:49:20,891 [WARN] DbFile:41 - Overriding database path with different value: C:\Users\srira\.stmcufinder\plugins\mcufinder/ => C:\Users\srira\.stmcufinder\plugins\mcufinder
2024-06-20 20:49:20,891 [WARN] DbFile:41 - Overriding database path with different value: C:\Users\srira\.stmcufinder\plugins\mcufinder/ => C:\Users\srira\.stmcufinder\plugins\mcufinder
2024-06-20 20:49:20,891 [INFO] CrossReferenceDbSqlite:203 - Set database path to: C:\Users\srira\.stmcufinder\plugins\mcufinder//mcu/cs/
2024-06-20 20:49:21,129 [INFO] MainPanel:264 - HeapMemory: 268435456
2024-06-20 20:49:21,345 [INFO] DbMcusXml:78 - Set database path to: D:\stm32\STM32CubeIDE_1.14.1\STM32CubeIDE\plugins\com.st.stm32cube.common.mx_6.10.0.202311202037\\db\/mcu/
2024-06-20 20:49:21,346 [INFO] ApiDb:274 - Set plugin database path to: D:\stm32\STM32CubeIDE_1.14.1\STM32CubeIDE\plugins\com.st.stm32cube.common.mx_6.10.0.202311202037\\db\/plugins/boardmanager/
2024-06-20 20:49:21,346 [INFO] ApiDb:261 - Set plugin images path to: D:\stm32\STM32CubeIDE_1.14.1\STM32CubeIDE\plugins\com.st.stm32cube.common.mx_6.10.0.202311202037\\db\/plugins/mcufinder/images/
2024-06-20 20:49:21,346 [WARN] DbFile:41 - Overriding database path with different value: C:\Users\srira\.stmcufinder\plugins\mcufinder/ => C:\Users\srira\.stmcufinder\plugins\mcufinder
2024-06-20 20:49:21,346 [INFO] ApiDb:250 - Set database path to: C:\Users\srira\.stmcufinder\plugins\mcufinder//mcu/
2024-06-20 20:49:21,365 [WARN] DbFile:41 - Overriding database path with different value: C:\Users\srira\.stmcufinder\plugins\mcufinder/ => C:\Users\srira\.stmcufinder\plugins\mcufinder
2024-06-20 20:49:21,365 [INFO] DbMcusAds:125 - Set database path to: C:\Users\srira\.stmcufinder\plugins\mcufinder//mcu/
2024-06-20 20:49:21,365 [WARN] DbFile:41 - Overriding database path with different value: C:\Users\srira\.stmcufinder\plugins\mcufinder/ => C:\Users\srira\.stmcufinder\plugins\mcufinder
2024-06-20 20:49:21,365 [WARN] DbFile:41 - Overriding database path with different value: C:\Users\srira\.stmcufinder\plugins\mcufinder/ => C:\Users\srira\.stmcufinder\plugins\mcufinder
2024-06-20 20:49:21,365 [INFO] CrossReferenceDbSqlite:203 - Set database path to: C:\Users\srira\.stmcufinder\plugins\mcufinder//mcu/cs/
2024-06-20 20:49:21,390 [INFO] ApplicationProperties:184 - Using Application install path: D:\stm32\STM32CubeIDE_1.14.1\STM32CubeIDE\plugins\com.st.stm32cube.common.mx_6.10.0.202311202037
2024-06-20 20:49:21,393 [INFO] PluginManage:196 - Search for loadable plugins [exclusion list=, ]
2024-06-20 20:49:21,404 [INFO] PluginManage:310 - Check plugin analytics
2024-06-20 20:49:21,695 [INFO] AnalyticsPlugin:253 - Accepted Software Licenses: STM32CubeMX.6.10.0
2024-06-20 20:49:21,695 [INFO] AnalyticsPlugin:255 - Accepted CMSIS Pack Licenses: 
2024-06-20 20:49:21,696 [INFO] AnalyticsPlugin:257 - Accepted Firmware Licenses: FW.G0.1.6.0,FW.F4.1.28.0
2024-06-20 20:49:21,699 [INFO] PluginManage:359 - Loaded plugin analytics (category:tool,tabindex:-1)
2024-06-20 20:49:21,700 [INFO] PluginManage:310 - Check plugin cadmodel
2024-06-20 20:49:21,730 [INFO] CADModel:105 - Init CAD model plugin
2024-06-20 20:49:21,730 [INFO] PluginManage:359 - Loaded plugin cadmodel (category:power,tabindex:5)
2024-06-20 20:49:21,731 [INFO] PluginManage:310 - Check plugin clock
2024-06-20 20:49:21,788 [INFO] PluginManage:359 - Loaded plugin clock (category:base,tabindex:2)
2024-06-20 20:49:21,789 [INFO] PluginManage:310 - Check plugin ddr
2024-06-20 20:49:21,793 [INFO] PluginManage:359 - Loaded plugin ddr (category:tool,tabindex:6)
2024-06-20 20:49:21,793 [INFO] PluginManage:310 - Check plugin filemanager
2024-06-20 20:49:22,048 [INFO] PluginManage:359 - Loaded plugin filemanager (category:base,tabindex:10)
2024-06-20 20:49:22,048 [INFO] PluginManage:310 - Check plugin ipmanager
2024-06-20 20:49:22,057 [INFO] PluginManage:359 - Loaded plugin ipmanager (category:base,tabindex:5)
2024-06-20 20:49:22,058 [INFO] PluginManage:310 - Check plugin lpbam
2024-06-20 20:49:22,074 [INFO] PluginManage:359 - Loaded plugin lpbam (category:base,tabindex:0)
2024-06-20 20:49:22,074 [INFO] PluginManage:310 - Check plugin memorymap
2024-06-20 20:49:22,144 [INFO] PluginManage:359 - Loaded plugin memorymap (category:base,tabindex:4)
2024-06-20 20:49:22,144 [INFO] PluginManage:310 - Check plugin pinoutandconfiguration
2024-06-20 20:49:22,172 [INFO] PluginManage:359 - Loaded plugin pinoutandconfiguration (category:base,tabindex:1)
2024-06-20 20:49:22,172 [INFO] PluginManage:310 - Check plugin pinoutconfig
2024-06-20 20:49:22,315 [WARN] SupportedApi:132 - Cannot load RTOS API schema: s4s-elt-must-match.1: The content of 'definitions' must match (annotation?, (simpleType | complexType)?, (unique | key | keyref)*)). A problem was found starting at: attribute.
2024-06-20 20:49:22,602 [INFO] PluginManage:359 - Loaded plugin pinoutconfig (category:base,tabindex:0)
2024-06-20 20:49:22,603 [INFO] PluginManage:310 - Check plugin power
2024-06-20 20:49:22,654 [INFO] PluginManage:359 - Loaded plugin power (category:power,tabindex:4)
2024-06-20 20:49:22,654 [INFO] PluginManage:310 - Check plugin projectmanager
2024-06-20 20:49:22,687 [INFO] PluginManage:359 - Loaded plugin projectmanager (category:projectmanager,tabindex:3)
2024-06-20 20:49:22,688 [INFO] PluginManage:310 - Check plugin thirdparty
2024-06-20 20:49:23,013 [INFO] PluginManage:359 - Loaded plugin thirdparty (category:base,tabindex:-1)
2024-06-20 20:49:23,014 [INFO] PluginManage:310 - Check plugin tools
2024-06-20 20:49:23,014 [WARN] IntegrityCheckThread:84 - waiting for thirdparty lock release [integrity check]
2024-06-20 20:49:23,014 [INFO] IntegrityCheckThread:86 - entering critical section [integrity check]
2024-06-20 20:49:23,015 [INFO] ThirdPartyUpdaterWithRetryManager:70 - Updater plugin not ready yet. [1/15]
2024-06-20 20:49:23,026 [INFO] PluginManage:359 - Loaded plugin tools (category:base,tabindex:7)
2024-06-20 20:49:23,026 [INFO] PluginManage:310 - Check plugin tutovideos
2024-06-20 20:49:23,414 [INFO] PluginManage:359 - Loaded plugin tutovideos (category:base,tabindex:-1)
2024-06-20 20:49:23,414 [INFO] PluginManage:310 - Check plugin updater
2024-06-20 20:49:23,451 [INFO] PluginManage:359 - Loaded plugin updater (category:base,tabindex:12)
2024-06-20 20:49:23,451 [INFO] PluginManage:310 - Check plugin userauth
2024-06-20 20:49:23,459 [INFO] UserAuth:114 - Init User Auth plugin
2024-06-20 20:49:23,459 [INFO] PluginManage:359 - Loaded plugin userauth (category:base,tabindex:14)
2024-06-20 20:49:23,459 [INFO] PluginManage:283 - PluginManage : Loaded plugins [17]
2024-06-20 20:49:24,069 [INFO] PinOutPanel:1499 - setPackage(No Configuration,No Configuration)
2024-06-20 20:49:24,218 [INFO] CADModel:165 - CPN selected for project level
2024-06-20 20:49:24,218 [INFO] CADModel:114 - Register for checkConnection events
2024-06-20 20:49:24,236 [INFO] IPUIPlugin:80 - create IPUIPlugin
2024-06-20 20:49:24,236 [INFO] PluginManager:220 - loadIPPluginJar : add adc
2024-06-20 20:49:24,247 [INFO] IPUIPlugin:80 - create IPUIPlugin
2024-06-20 20:49:24,247 [INFO] PluginManager:220 - loadIPPluginJar : add aes
2024-06-20 20:49:24,275 [INFO] IPUIPlugin:80 - create IPUIPlugin
2024-06-20 20:49:24,275 [INFO] PluginManager:220 - loadIPPluginJar : add can
2024-06-20 20:49:24,285 [INFO] IPUIPlugin:80 - create IPUIPlugin
2024-06-20 20:49:24,285 [INFO] PluginManager:220 - loadIPPluginJar : add comp
2024-06-20 20:49:24,304 [INFO] IPUIPlugin:80 - create IPUIPlugin
2024-06-20 20:49:24,304 [INFO] PluginManager:220 - loadIPPluginJar : add cryp
2024-06-20 20:49:24,307 [INFO] IPUIPlugin:80 - create IPUIPlugin
2024-06-20 20:49:24,307 [INFO] PluginManager:220 - loadIPPluginJar : add dfsdm
2024-06-20 20:49:24,321 [INFO] IPUIPlugin:80 - create IPUIPlugin
2024-06-20 20:49:24,322 [INFO] PluginManager:220 - loadIPPluginJar : add dma
2024-06-20 20:49:24,324 [INFO] IPUIPlugin:80 - create IPUIPlugin
2024-06-20 20:49:24,324 [INFO] PluginManager:220 - loadIPPluginJar : add dma3
2024-06-20 20:49:24,337 [INFO] IPUIPlugin:80 - create IPUIPlugin
2024-06-20 20:49:24,337 [INFO] PluginManager:220 - loadIPPluginJar : add fatfs
2024-06-20 20:49:24,365 [INFO] IPUIPlugin:80 - create IPUIPlugin
2024-06-20 20:49:24,365 [INFO] PluginManager:220 - loadIPPluginJar : add fmc
2024-06-20 20:49:24,379 [INFO] IPUIPlugin:80 - create IPUIPlugin
2024-06-20 20:49:24,380 [INFO] PluginManager:220 - loadIPPluginJar : add freertos
2024-06-20 20:49:24,389 [INFO] IPUIPlugin:80 - create IPUIPlugin
2024-06-20 20:49:24,389 [INFO] PluginManager:220 - loadIPPluginJar : add genericplugin
2024-06-20 20:49:24,390 [INFO] IPUIPlugin:80 - create IPUIPlugin
2024-06-20 20:49:24,391 [INFO] PluginManager:220 - loadIPPluginJar : add gfxmmu
2024-06-20 20:49:24,407 [INFO] IPUIPlugin:80 - create IPUIPlugin
2024-06-20 20:49:24,407 [INFO] PluginManager:220 - loadIPPluginJar : add gic
2024-06-20 20:49:24,418 [INFO] IPUIPlugin:80 - create IPUIPlugin
2024-06-20 20:49:24,418 [INFO] PluginManager:220 - loadIPPluginJar : add gpio
2024-06-20 20:49:24,432 [INFO] IPUIPlugin:80 - create IPUIPlugin
2024-06-20 20:49:24,432 [INFO] PluginManager:220 - loadIPPluginJar : add gtzc
2024-06-20 20:49:24,451 [INFO] IPUIPlugin:80 - create IPUIPlugin
2024-06-20 20:49:24,451 [INFO] PluginManager:220 - loadIPPluginJar : add hash
2024-06-20 20:49:24,473 [INFO] IPUIPlugin:80 - create IPUIPlugin
2024-06-20 20:49:24,473 [INFO] PluginManager:220 - loadIPPluginJar : add i2c
2024-06-20 20:49:24,476 [INFO] IPUIPlugin:80 - create IPUIPlugin
2024-06-20 20:49:24,476 [INFO] PluginManager:220 - loadIPPluginJar : add i2s
2024-06-20 20:49:24,478 [INFO] IPUIPlugin:80 - create IPUIPlugin
2024-06-20 20:49:24,478 [INFO] PluginManager:220 - loadIPPluginJar : add i3c
2024-06-20 20:49:24,505 [INFO] IPUIPlugin:80 - create IPUIPlugin
2024-06-20 20:49:24,505 [INFO] PluginManager:220 - loadIPPluginJar : add ipddr
2024-06-20 20:49:24,528 [INFO] IPUIPlugin:80 - create IPUIPlugin
2024-06-20 20:49:24,529 [INFO] PluginManager:220 - loadIPPluginJar : add linkedlist
2024-06-20 20:49:24,555 [INFO] IPUIPlugin:80 - create IPUIPlugin
2024-06-20 20:49:24,555 [INFO] PluginManager:220 - loadIPPluginJar : add lorawan
2024-06-20 20:49:24,557 [INFO] IPUIPlugin:80 - create IPUIPlugin
2024-06-20 20:49:24,557 [INFO] PluginManager:220 - loadIPPluginJar : add ltdc
2024-06-20 20:49:24,582 [INFO] IPUIPlugin:80 - create IPUIPlugin
2024-06-20 20:49:24,582 [INFO] PluginManager:220 - loadIPPluginJar : add mdma
2024-06-20 20:49:24,586 [INFO] IPUIPlugin:80 - create IPUIPlugin
2024-06-20 20:49:24,586 [INFO] PluginManager:220 - loadIPPluginJar : add nvic
2024-06-20 20:49:24,590 [INFO] IPUIPlugin:80 - create IPUIPlugin
2024-06-20 20:49:24,590 [INFO] PluginManager:220 - loadIPPluginJar : add opamp
2024-06-20 20:49:24,593 [INFO] IPUIPlugin:80 - create IPUIPlugin
2024-06-20 20:49:24,593 [INFO] PluginManager:220 - loadIPPluginJar : add openamp
2024-06-20 20:49:24,596 [INFO] IPUIPlugin:80 - create IPUIPlugin
2024-06-20 20:49:24,596 [INFO] PluginManager:220 - loadIPPluginJar : add pdm2pcm
2024-06-20 20:49:24,611 [INFO] IPUIPlugin:80 - create IPUIPlugin
2024-06-20 20:49:24,614 [INFO] PluginManager:220 - loadIPPluginJar : add plateformsettings
2024-06-20 20:49:24,625 [INFO] IPUIPlugin:80 - create IPUIPlugin
2024-06-20 20:49:24,625 [INFO] PluginManager:220 - loadIPPluginJar : add quadspi
2024-06-20 20:49:24,629 [INFO] IPUIPlugin:80 - create IPUIPlugin
2024-06-20 20:49:24,629 [INFO] PluginManager:220 - loadIPPluginJar : add resmgrutility
2024-06-20 20:49:24,632 [INFO] IPUIPlugin:80 - create IPUIPlugin
2024-06-20 20:49:24,632 [INFO] PluginManager:220 - loadIPPluginJar : add sai
2024-06-20 20:49:24,653 [INFO] IPUIPlugin:80 - create IPUIPlugin
2024-06-20 20:49:24,653 [INFO] PluginManager:220 - loadIPPluginJar : add spi
2024-06-20 20:49:24,676 [INFO] IPUIPlugin:80 - create IPUIPlugin
2024-06-20 20:49:24,676 [INFO] PluginManager:220 - loadIPPluginJar : add stm32_wpan
2024-06-20 20:49:24,678 [INFO] IPUIPlugin:80 - create IPUIPlugin
2024-06-20 20:49:24,678 [INFO] PluginManager:220 - loadIPPluginJar : add tim
2024-06-20 20:49:24,695 [INFO] IPUIPlugin:80 - create IPUIPlugin
2024-06-20 20:49:24,695 [INFO] PluginManager:220 - loadIPPluginJar : add touchsensing
2024-06-20 20:49:24,717 [INFO] IPUIPlugin:80 - create IPUIPlugin
2024-06-20 20:49:24,718 [INFO] PluginManager:220 - loadIPPluginJar : add tracer_emb
2024-06-20 20:49:24,740 [INFO] IPUIPlugin:80 - create IPUIPlugin
2024-06-20 20:49:24,740 [INFO] PluginManager:220 - loadIPPluginJar : add ts
2024-06-20 20:49:24,741 [INFO] IPUIPlugin:80 - create IPUIPlugin
2024-06-20 20:49:24,742 [INFO] PluginManager:220 - loadIPPluginJar : add tsc
2024-06-20 20:49:24,762 [INFO] IPUIPlugin:80 - create IPUIPlugin
2024-06-20 20:49:24,762 [INFO] PluginManager:220 - loadIPPluginJar : add ucpd
2024-06-20 20:49:24,764 [INFO] IPUIPlugin:80 - create IPUIPlugin
2024-06-20 20:49:24,765 [INFO] PluginManager:220 - loadIPPluginJar : add usart
2024-06-20 20:49:24,789 [INFO] IPUIPlugin:80 - create IPUIPlugin
2024-06-20 20:49:24,789 [INFO] PluginManager:220 - loadIPPluginJar : add usbx
2024-06-20 20:49:24,929 [INFO] CADModel:165 - CPN selected for project level
2024-06-20 20:49:24,929 [INFO] CADModel:114 - Register for checkConnection events
2024-06-20 20:49:24,929 [FATAL] Updater:308 - Updater called before beeing initialized
2024-06-20 20:49:24,929 [ERROR] CADModel:125 - Updater not yet initialized, retry later 
2024-06-20 20:49:25,194 [INFO] CADModel:165 - CPN selected for project level
2024-06-20 20:49:25,194 [INFO] CADModel:114 - Register for checkConnection events
2024-06-20 20:49:25,194 [FATAL] Updater:308 - Updater called before beeing initialized
2024-06-20 20:49:25,195 [ERROR] CADModel:125 - Updater not yet initialized, retry later 
2024-06-20 20:49:25,199 [FATAL] Updater:308 - Updater called before beeing initialized
2024-06-20 20:49:25,329 [FATAL] Updater:308 - Updater called before beeing initialized
2024-06-20 20:49:25,335 [INFO] DbMcusAds:53 - JSON generation date=Thu May 16 14:52:00 IST 2024 (1715851320852)
2024-06-20 20:49:25,336 [FATAL] Updater:308 - Updater called before beeing initialized
2024-06-20 20:49:25,521 [WARN] DetailPanel:346 - Failed to get advertising image, set to default
2024-06-20 20:49:25,637 [FATAL] Updater:308 - Updater called before beeing initialized
2024-06-20 20:49:25,641 [FATAL] Updater:308 - Updater called before beeing initialized
2024-06-20 20:49:25,642 [FATAL] Updater:308 - Updater called before beeing initialized
2024-06-20 20:49:25,642 [WARN] DetailPanel:346 - Failed to get advertising image, set to default
2024-06-20 20:49:25,642 [FATAL] Updater:308 - Updater called before beeing initialized
2024-06-20 20:49:25,723 [ERROR] Updater:1120 - MainUpdater not yet initialized. External WinMGr cannot be set.
2024-06-20 20:49:25,732 [INFO] Updater:1056 - Updater Version found : 6.10.0
2024-06-20 20:49:25,779 [INFO] ApplicationProperties:184 - Using Application install path: D:\stm32\STM32CubeIDE_1.14.1\STM32CubeIDE\plugins\com.st.stm32cube.common.mx_6.10.0.202311202037
2024-06-20 20:49:26,017 [INFO] ThirdPartyUpdaterWithRetryManager:70 - Updater plugin not ready yet. [2/15]
2024-06-20 20:49:27,377 [ERROR] LogOutputStream:75 - [STDERR_REDIRECT] Jun 20, 2024 8:49:27 PM java.util.prefs.WindowsPreferences <init>
2024-06-20 20:49:27,378 [ERROR] LogOutputStream:75 - [STDERR_REDIRECT] WARNING: Could not open/create prefs root node Software\JavaSoft\Prefs at root 0xffffffff80000002. Windows RegCreateKeyEx(...) returned error code 5.
2024-06-20 20:49:27,379 [ERROR] LogOutputStream:75 - [STDERR_REDIRECT] 
2024-06-20 20:49:27,843 [INFO] MainUpdater:2873 - connection check result : 10
2024-06-20 20:49:27,844 [INFO] MainUpdater:290 - Updater Check For Update Now.
2024-06-20 20:49:27,844 [INFO] MicroXplorer:498 - Change Database Version : DB.6.0.100
2024-06-20 20:49:27,853 [INFO] McuFinderGlobals:63 - Set McuFinder mode to 2 (CubeIDE integrated)
2024-06-20 20:49:28,056 [INFO] CheckServerUpdateThread:120 - End of CheckServer Thread
2024-06-20 20:49:28,070 [INFO] MainUpdater:2873 - connection check result : 10
2024-06-20 20:49:28,108 [INFO] MainUpdater:2873 - connection check result : 10
2024-06-20 20:49:28,326 [INFO] MicroXplorer:468 - Change Database Path : 
2024-06-20 20:49:28,327 [INFO] MicroXplorer:498 - Change Database Version : DB.6.0.100
2024-06-20 20:49:28,332 [WARN] ThirdParty:871 - waiting for thirdparty lock release [close project]
2024-06-20 20:49:28,854 [INFO] UserAuth:404 - Internet connection configuration mode: 1
2024-06-20 20:49:28,932 [INFO] JxBrowserEngine:152 - Initiate JxBrowser Engine with user profile folder
2024-06-20 20:49:29,254 [WARN] PackLoader:240 - Cannot read IP mode file for STMicroelectronics.FP-SNS-MOTENVWB1.1.4.0
2024-06-20 20:49:29,277 [WARN] PackLoader:240 - Cannot read IP mode file for STMicroelectronics.X-CUBE-SMBUS.2.1.0
2024-06-20 20:49:29,284 [WARN] PackLoader:240 - Cannot read IP mode file for STMicroelectronics.X-CUBE-TOUCHGFX.4.23.0
2024-06-20 20:49:29,288 [WARN] PackLoader:240 - Cannot read IP mode file for STMicroelectronics.X-CUBE-TOUCHGFX.4.23.2
2024-06-20 20:49:29,325 [WARN] PackLoader:240 - Cannot read IP mode file for STMicroelectronics.X-CUBE-AZRTOS-F7.1.1.0
2024-06-20 20:49:29,337 [WARN] PackLoader:240 - Cannot read IP mode file for STMicroelectronics.FP-SNS-MOTENV1.4.3.2
2024-06-20 20:49:29,345 [WARN] PackLoader:240 - Cannot read IP mode file for STMicroelectronics.FP-SNS-FLIGHT1.5.0.2
2024-06-20 20:49:29,356 [WARN] PackLoader:240 - Cannot read IP mode file for STMicroelectronics.X-CUBE-DISPLAY.3.0.0
2024-06-20 20:49:29,371 [WARN] PackLoader:240 - Cannot read IP mode file for STMicroelectronics.X-CUBE-BLE1.7.0.0
2024-06-20 20:49:29,378 [WARN] PackLoader:240 - Cannot read IP mode file for emotas.I-CUBE-CANOPEN.1.3.0
2024-06-20 20:49:29,392 [WARN] PackLoader:240 - Cannot read IP mode file for STMicroelectronics.X-CUBE-BLEMGR.3.1.0
2024-06-20 20:49:29,405 [WARN] PackLoader:240 - Cannot read IP mode file for STMicroelectronics.FP-SNS-SMARTAG2.1.2.0
2024-06-20 20:49:29,421 [INFO] LogOutputStream:77 - [STDOUT_REDIRECT] 1 : Invalid condition id : UX_CORESTACK_Condition cause : null
2024-06-20 20:49:29,423 [INFO] LogOutputStream:77 - [STDOUT_REDIRECT] 1 : Invalid condition id : UX_CORESTACK_Condition cause : null
2024-06-20 20:49:29,424 [INFO] LogOutputStream:77 - [STDOUT_REDIRECT] 1 : Invalid condition id : UX_CORESTACK_Condition cause : null
2024-06-20 20:49:29,425 [INFO] LogOutputStream:77 - [STDOUT_REDIRECT] 1 : Invalid condition id : UX_CORESTACK_Condition cause : null
2024-06-20 20:49:29,427 [INFO] LogOutputStream:77 - [STDOUT_REDIRECT] 1 : Invalid condition id : UX_CORESTACK_Condition cause : null
2024-06-20 20:49:29,432 [WARN] PackLoader:240 - Cannot read IP mode file for STMicroelectronics.X-CUBE-AZRTOS-WL.2.0.0
2024-06-20 20:49:29,439 [WARN] PackLoader:240 - Cannot read IP mode file for STMicroelectronics.FP-SNS-MOTENV1.5.0.0
2024-06-20 20:49:29,446 [WARN] PackLoader:240 - Cannot read IP mode file for wolfSSL.I-CUBE-wolfMQTT.1.19.0
2024-06-20 20:49:29,455 [WARN] PackLoader:240 - Cannot read IP mode file for WES.I-CUBE-Cesium.1.3.0
2024-06-20 20:49:29,461 [WARN] PackLoader:240 - Cannot read IP mode file for STMicroelectronics.X-CUBE-BLE2.3.3.0
2024-06-20 20:49:29,469 [WARN] PackLoader:240 - Cannot read IP mode file for STMicroelectronics.X-CUBE-TCPP.4.1.0
2024-06-20 20:49:29,482 [WARN] PackLoader:240 - Cannot read IP mode file for STMicroelectronics.X-CUBE-ALGOBUILD.1.3.0
2024-06-20 20:49:29,520 [WARN] PackLoader:240 - Cannot read IP mode file for STMicroelectronics.X-CUBE-AZRTOS-G0.1.1.0
2024-06-20 20:49:29,533 [WARN] PackLoader:240 - Cannot read IP mode file for STMicroelectronics.X-CUBE-SAFEA1.1.2.2
2024-06-20 20:49:29,542 [WARN] PackLoader:240 - Cannot read IP mode file for STMicroelectronics.X-CUBE-NFC4.3.0.0
2024-06-20 20:49:29,549 [WARN] PackLoader:240 - Cannot read IP mode file for STMicroelectronics.FP-ATR-SIGFOX1.3.2.0
2024-06-20 20:49:29,558 [WARN] PackLoader:240 - Cannot read IP mode file for STMicroelectronics.X-CUBE-EEPRMA1.5.1.0
2024-06-20 20:49:29,609 [WARN] PackLoader:240 - Cannot read IP mode file for SEGGER.I-CUBE-embOS.1.3.1
2024-06-20 20:49:29,706 [WARN] PackLoader:240 - Cannot read IP mode file for STMicroelectronics.X-CUBE-ALGOBUILD.1.4.0
2024-06-20 20:49:29,746 [WARN] PackLoader:240 - Cannot read IP mode file for STMicroelectronics.X-CUBE-GNSS1.6.0.0
2024-06-20 20:49:29,780 [WARN] PackLoader:240 - Cannot read IP mode file for STMicroelectronics.X-CUBE-AZRTOS-F4.1.1.0
2024-06-20 20:49:29,791 [WARN] PackLoader:240 - Cannot read IP mode file for STMicroelectronics.X-CUBE-FREERTOS.1.2.0
2024-06-20 20:49:29,796 [WARN] PackLoader:240 - Cannot read IP mode file for wolfSSL.I-CUBE-wolfSSL.5.6.6
2024-06-20 20:49:29,818 [WARN] PackLoader:240 - Cannot read IP mode file for STMicroelectronics.X-CUBE-AZRTOS-L5.2.0.0
2024-06-20 20:49:29,830 [WARN] PackLoader:240 - Cannot read IP mode file for STMicroelectronics.X-CUBE-NFC6.3.1.0
2024-06-20 20:49:29,840 [WARN] PackLoader:240 - Cannot read IP mode file for ITTIA_DB.I-CUBE-ITTIADB.8.8.0
2024-06-20 20:49:29,845 [WARN] PackLoader:240 - Cannot read IP mode file for STMicroelectronics.X-CUBE-AI.9.0.0
2024-06-20 20:49:29,852 [WARN] PackLoader:240 - Cannot read IP mode file for STMicroelectronics.X-CUBE-NFC7.1.0.1
2024-06-20 20:49:29,869 [WARN] PackLoader:240 - Cannot read IP mode file for STMicroelectronics.X-CUBE-NFC6.3.0.0
2024-06-20 20:49:29,877 [WARN] PackLoader:240 - Cannot read IP mode file for STMicroelectronics.X-CUBE-AI.8.1.0
2024-06-20 20:49:29,898 [WARN] ConditionMgr:438 - getConditionDescription Invalid condition id : LAN8742 Phy interface Condition cause : null
2024-06-20 20:49:29,899 [WARN] PackLoader:240 - Cannot read IP mode file for STMicroelectronics.X-CUBE-AZRTOS-L4.2.0.0
2024-06-20 20:49:29,910 [WARN] ConditionMgr:1039 - genDependencies : Invalid condition id : LAN8742 Phy interface Condition cause : null
2024-06-20 20:49:29,912 [WARN] ConditionMgr:1039 - genDependencies : Invalid condition id : LAN8742 Phy interface Condition cause : null
2024-06-20 20:49:29,912 [WARN] ConditionMgr:1039 - genDependencies : Invalid condition id : LAN8742 Phy interface Condition cause : null
2024-06-20 20:49:29,922 [WARN] PackLoader:240 - Cannot read IP mode file for STMicroelectronics.X-CUBE-SFXS2LP1.4.0.0
2024-06-20 20:49:29,938 [WARN] ConditionMgr:438 - getConditionDescription Invalid condition id : UX DEVICE CLASS RTOS Condition cause : null
2024-06-20 20:49:29,939 [WARN] ConditionMgr:438 - getConditionDescription Invalid condition id : UX DEVICE CLASS RTOS Condition cause : null
2024-06-20 20:49:29,942 [WARN] PackLoader:240 - Cannot read IP mode file for STMicroelectronics.X-CUBE-AZRTOS-WB.2.0.0
2024-06-20 20:49:29,943 [WARN] ConditionMgr:1039 - genDependencies : Invalid condition id : UX DEVICE CLASS RTOS Condition cause : null
2024-06-20 20:49:29,943 [WARN] ConditionMgr:1039 - genDependencies : Invalid condition id : UX DEVICE CLASS RTOS Condition cause : null
2024-06-20 20:49:29,943 [WARN] ConditionMgr:1039 - genDependencies : Invalid condition id : UX DEVICE CLASS RTOS Condition cause : null
2024-06-20 20:49:29,944 [WARN] ConditionMgr:1039 - genDependencies : Invalid condition id : UX DEVICE CLASS RTOS Condition cause : null
2024-06-20 20:49:29,944 [WARN] ConditionMgr:1039 - genDependencies : Invalid condition id : UX DEVICE CLASS RTOS Condition cause : null
2024-06-20 20:49:29,957 [WARN] PackLoader:240 - Cannot read IP mode file for STMicroelectronics.X-CUBE-SUBG2.5.0.0
2024-06-20 20:49:29,968 [WARN] PackLoader:240 - Cannot read IP mode file for Cesanta.I-CUBE-Mongoose.7.13.0
2024-06-20 20:49:29,987 [WARN] PackLoader:240 - Cannot read IP mode file for STMicroelectronics.X-CUBE-AZRTOS-G4.2.0.0
2024-06-20 20:49:30,007 [WARN] PackLoader:240 - Cannot read IP mode file for Infineon.AIROC-Wi-Fi-Bluetooth-STM32.1.5.1
2024-06-20 20:49:30,014 [WARN] PackLoader:240 - Cannot read IP mode file for STMicroelectronics.FP-SNS-MOTENVWB1.1.3.1
2024-06-20 20:49:30,021 [WARN] PackLoader:240 - Cannot read IP mode file for STMicroelectronics.X-CUBE-ISPU.2.0.0
2024-06-20 20:49:30,026 [WARN] PackLoader:240 - Cannot read IP mode file for STMicroelectronics.X-CUBE-ALS.1.0.2
2024-06-20 20:49:30,085 [WARN] PackLoader:240 - Cannot read IP mode file for STMicroelectronics.X-CUBE-MEMS1.10.0.0
2024-06-20 20:49:30,305 [WARN] PackLoader:240 - Cannot read IP mode file for STMicroelectronics.X-CUBE-FREERTOS.1.1.0
2024-06-20 20:49:30,312 [WARN] PackLoader:240 - Cannot read IP mode file for portGmbH.I-Cube-SoM-uGOAL.1.1.0
2024-06-20 20:49:30,318 [WARN] PackLoader:240 - Cannot read IP mode file for STMicroelectronics.X-CUBE-ALS.1.0.1
2024-06-20 20:49:30,341 [WARN] PackLoader:240 - Cannot read IP mode file for STMicroelectronics.X-CUBE-AZRTOS-H7RS.1.0.0
2024-06-20 20:49:30,350 [WARN] PackLoader:240 - Cannot read IP mode file for STMicroelectronics.FP-ATR-ASTRA1.2.0.0
2024-06-20 20:49:30,366 [WARN] PackLoader:240 - Cannot read IP mode file for STMicroelectronics.X-CUBE-TOF1.3.4.0
2024-06-20 20:49:30,398 [WARN] PackLoader:240 - Cannot read IP mode file for STMicroelectronics.X-CUBE-TOF1.3.4.1
2024-06-20 20:49:30,441 [WARN] PackLoader:240 - Cannot read IP mode file for STMicroelectronics.X-CUBE-AZRTOS-H7.3.2.0
2024-06-20 20:49:30,445 [INFO] ThirdParty:978 - Integrity check success = true
2024-06-20 20:49:30,446 [INFO] IntegrityCheckThread:100 - exiting critical section [integrity check]
2024-06-20 20:49:30,446 [INFO] IntegrityCheckThread:103 - End integrity checks thread
2024-06-20 20:49:30,446 [INFO] ThirdParty:873 - entering critical section [close project]
2024-06-20 20:49:30,447 [INFO] ThirdParty:883 - exiting critical section [close project]
2024-06-20 20:49:30,449 [INFO] PinOutPanel:1499 - setPackage(No Configuration,No Configuration)
2024-06-20 20:49:30,452 [INFO] UtilMem:75 - Begin LoadConfig() Used Memory: 189570544 Bytes (298844160)
2024-06-20 20:49:30,454 [INFO] MicroXplorer:468 - Change Database Path : 
2024-06-20 20:49:30,454 [INFO] MicroXplorer:498 - Change Database Version : DB.6.0.100
2024-06-20 20:49:30,454 [INFO] OpenFileManager:312 - Change cursor
2024-06-20 20:49:30,543 [INFO] Mcu:2016 - Initializing MCU STM32G070RBTx STM32G070RBTx STM32G070RBT6
2024-06-20 20:49:32,982 [INFO] WebApp:161 - Instantiating new browser for Auth
2024-06-20 20:49:33,599 [INFO] Context:659 - Trying to add GPIOservice into a context  which must be forbidden
2024-06-20 20:49:34,712 [INFO] RtosManager:555 - Registered RTOS mode: class=CMSIS, group=RTOS, mode=CMSIS_V1, owner=FREERTOS
2024-06-20 20:49:34,712 [INFO] RtosManager:555 - Registered RTOS mode: class=CMSIS, group=RTOS2, mode=CMSIS_V2, owner=FREERTOS
2024-06-20 20:49:34,712 [INFO] RtosManager:555 - Registered RTOS mode: class=RTOS, group=Core, mode=CMSIS_V1, owner=FREERTOS
2024-06-20 20:49:34,712 [INFO] RtosManager:555 - Registered RTOS mode: class=RTOS, group=Core, mode=CMSIS_V2, owner=FREERTOS
2024-06-20 20:49:34,712 [WARN] ModelIntegratedComponent:184 - Missing modes for component STMicroelectronics:FreeRTOS:0.0.1:STMicroelectronics:RTOS:FreeRTOS:Core:::10.2.0:
2024-06-20 20:49:34,731 [WARN] ModelIntegratedComponent:63 - No mode defined for component null
2024-06-20 20:49:34,731 [WARN] ModelIntegratedComponent:63 - No mode defined for component null
2024-06-20 20:49:34,731 [WARN] ModelIntegratedComponent:63 - No mode defined for component null
2024-06-20 20:49:34,731 [WARN] ModelIntegratedComponent:63 - No mode defined for component null
2024-06-20 20:49:34,731 [WARN] ModelIntegratedComponent:63 - No mode defined for component null
2024-06-20 20:49:34,733 [WARN] ModelIntegratedComponent:63 - No mode defined for component null
2024-06-20 20:49:34,733 [WARN] ModelIntegratedComponent:63 - No mode defined for component null
2024-06-20 20:49:34,733 [WARN] ModelIntegratedComponent:63 - No mode defined for component null
2024-06-20 20:49:34,733 [WARN] ModelIntegratedComponent:63 - No mode defined for component null
2024-06-20 20:49:34,733 [WARN] ModelIntegratedComponent:63 - No mode defined for component null
2024-06-20 20:49:34,733 [WARN] ModelIntegratedComponent:63 - No mode defined for component null
2024-06-20 20:49:34,733 [WARN] ModelIntegratedComponent:63 - No mode defined for component null
2024-06-20 20:49:34,733 [WARN] ModelIntegratedComponent:63 - No mode defined for component null
2024-06-20 20:49:34,733 [WARN] ModelIntegratedComponent:63 - No mode defined for component null
2024-06-20 20:49:34,733 [WARN] ModelIntegratedComponent:63 - No mode defined for component null
2024-06-20 20:49:34,733 [WARN] ModelIntegratedComponent:63 - No mode defined for component null
2024-06-20 20:49:34,733 [WARN] ModelIntegratedComponent:63 - No mode defined for component null
2024-06-20 20:49:34,733 [WARN] ModelIntegratedComponent:63 - No mode defined for component null
2024-06-20 20:49:34,733 [WARN] ModelIntegratedComponent:63 - No mode defined for component null
2024-06-20 20:49:34,733 [WARN] ModelIntegratedComponent:63 - No mode defined for component null
2024-06-20 20:49:34,733 [WARN] ModelIntegratedComponent:63 - No mode defined for component null
2024-06-20 20:49:34,733 [WARN] ModelIntegratedComponent:63 - No mode defined for component null
2024-06-20 20:49:34,733 [WARN] ModelIntegratedComponent:63 - No mode defined for component null
2024-06-20 20:49:34,734 [WARN] ModelIntegratedComponent:63 - No mode defined for component null
2024-06-20 20:49:34,734 [WARN] ModelIntegratedComponent:63 - No mode defined for component null
2024-06-20 20:49:34,734 [WARN] ModelIntegratedComponent:63 - No mode defined for component null
2024-06-20 20:49:34,734 [WARN] ModelIntegratedComponent:63 - No mode defined for component null
2024-06-20 20:49:34,734 [WARN] ModelIntegratedComponent:63 - No mode defined for component null
2024-06-20 20:49:34,734 [WARN] ModelIntegratedComponent:63 - No mode defined for component null
2024-06-20 20:49:34,734 [WARN] ModelIntegratedComponent:63 - No mode defined for component null
2024-06-20 20:49:34,734 [WARN] ModelIntegratedComponent:63 - No mode defined for component null
2024-06-20 20:49:34,735 [WARN] ModelIntegratedComponent:63 - No mode defined for component null
2024-06-20 20:49:34,735 [WARN] ModelIntegratedComponent:63 - No mode defined for component null
2024-06-20 20:49:34,968 [INFO] ThirdPartyModel:298 - Start build external matchings
2024-06-20 20:49:35,497 [INFO] ThirdPartyModel:316 - End build external matchings
2024-06-20 20:49:35,524 [INFO] ImportTextPane:194 - (OptionalMessage_ERROR) IP (RCC) : Invalid parameter (FamilyName)
2024-06-20 20:49:36,378 [INFO] UtilMem:75 - End LoadConfig() Used Memory: 179681584 Bytes (397410304)
2024-06-20 20:49:36,900 [INFO] ApiDb:581 - Connected to CubeFinder SQLite database (C:\Users\srira\.stmcufinder\plugins\mcufinder\mcu\cube-finder-db.db)
2024-06-20 20:49:37,031 [INFO] ApiDb:668 - CubeFinder database Data Model version=2.1
2024-06-20 20:49:37,031 [INFO] ApiDb:669 - CubeFinder database Configuration version=3.0.39
2024-06-20 20:49:37,032 [INFO] ApiDb:670 - CubeFinder database generation date=2024-06-06 (1717689626)
2024-06-20 20:49:37,032 [INFO] ApiDb:671 - CubeFinder database FW Pack versions=[FP-ATR-ASTRA1_V2.0.0, FP-SNS-FLIGHT1_V5.0.2, FP-SNS-MOTENV1_V5.0.0, FP-SNS-MOTENVWB1_V1.4.0, FP-SNS-SMARTAG2_V1.2.0, STM32Cube_FW_C0_V1.2.0, STM32Cube_FW_F4_V1.28.0, STM32Cube_FW_F7_V1.17.2, STM32Cube_FW_G0_V1.6.2, STM32Cube_FW_G4_V1.6.0, STM32Cube_FW_H5_V1.3.0, STM32Cube_FW_H7RS_V1.1.0, STM32Cube_FW_H7_V1.11.2, STM32Cube_FW_L0_V1.12.2, STM32Cube_FW_L5_V1.5.1, STM32Cube_FW_U0_V1.1.0, STM32Cube_FW_U5_V1.6.0, STM32Cube_FW_WB0_V1.0.0, STM32Cube_FW_WBA_V1.4.0, STM32Cube_FW_WB_V1.20.0, STM32Cube_FW_WL_V1.3.0, X-CUBE-ALGOBUILD_V1.4.0, X-CUBE-ALS_V1.0.2, X-CUBE-AZRTOS-F4_V1.1.0, X-CUBE-AZRTOS-F7_V1.1.0, X-CUBE-AZRTOS-G0_V1.1.0, X-CUBE-AZRTOS-G4_V2.0.0, X-CUBE-AZRTOS-H7RS_V1.0.0, X-CUBE-AZRTOS-H7_V3.2.0, X-CUBE-AZRTOS-L4_V2.0.0, X-CUBE-AZRTOS-L5_V1.1.0, X-CUBE-AZRTOS-WB_V2.0.0, X-CUBE-AZRTOS-WL_V2.0.0, X-CUBE-BLE1_V7.0.0, X-CUBE-BLE2_V3.3.0, X-CUBE-BLEMGR_V3.1.0, X-CUBE-EEPRMA1_V5.1.0, X-CUBE-FREERTOS_V1.2.0, X-CUBE-GNSS1_V6.0.0, X-CUBE-MEMS1_V10.0.0, X-CUBE-NFC4_V3.0.0, X-CUBE-NFC7_V1.0.1, X-CUBE-SFXS2LP1_V4.0.0, X-CUBE-SUBG2_V5.0.0, X-CUBE-TOF1_V3.4.1]
2024-06-20 20:49:37,482 [INFO] WebApp:780 - Register for checkConnection events
2024-06-20 20:49:37,483 [INFO] WebApp:414 - Apply proxy settings
2024-06-20 20:49:37,483 [INFO] WebApp:499 - Chromium requires no authentication
2024-06-20 20:49:37,497 [INFO] WebApp:442 - Direct internet connection detected
2024-06-20 20:49:37,844 [INFO] WebApp:192 - Starting web application
2024-06-20 20:49:37,844 [INFO] WebApp:544 - Web application path used D:\stm32\STM32CubeIDE_1.14.1\STM32CubeIDE\plugins\com.st.stm32cube.common.mx_6.10.0.202311202037\db\plugins\mcufinder\reactClient1\index.html
2024-06-20 20:49:40,885 [INFO] ApiDb:240 - Found 371 in-development CPN: [B-G473E-ZEST1S, B-WB1M-WPAN1, B-WL5M-SUBG1, NUCLEO-C031C6, NUCLEO-H503RB, NUCLEO-H563ZI, NUCLEO-U545RE-Q, NUCLEO-U5A5ZJ-Q, NUCLEO-WBA52CG, NUCLEO-WBA55CG, STEVAL-MKBOXPRO, STEVAL-PROTEUS1, STEVAL-STWINBX1, STM320518-EVAL, STM32C0116-DK, STM32C011D6Y3TR, STM32C011D6Y6TR, STM32C011F4P3, STM32C011F4P6, STM32C011F4U3, STM32C011F4U6TR, STM32C011F6P3, STM32C011F6P6, STM32C011F6U3, STM32C011F6U6TR, STM32C011J4M3, STM32C011J4M6, STM32C011J6M3, STM32C011J6M6, STM32C0316-DK, STM32C031C4T3, STM32C031C4T6, STM32C031C4U3, STM32C031C4U6, STM32C031C6T3, STM32C031C6T6, STM32C031C6U3, STM32C031C6U6, STM32C031F4P3, STM32C031F4P6, STM32C031F6P3, STM32C031F6P6, STM32C031G4U3, STM32C031G4U6, STM32C031G6U3, STM32C031G6U6, STM32C031K4T3, STM32C031K4T6, STM32C031K4U3, STM32C031K4U6, STM32C031K6T3, STM32C031K6T6, STM32C031K6U3, STM32C031K6U6, STM32G071K8TXN, STM32G071K8UXN, STM32G081GBU6N, STM32G081KBT6N, STM32G081KBUXN, STM32G0B1CCT6N, STM32G0B1KCT6, STM32G0B1NEY6TR, STM32G0B1RCT6N, STM32G0C1CCT6, STM32G0C1CCT6N, STM32G0C1CCU6N, STM32G0C1CET6N, STM32G0C1CEU6N, STM32G0C1KCT6, STM32G0C1NEY6TR, STM32G0C1RCI6N, STM32G0C1RCT6N, STM32G0C1REI6N, STM32G0C1RET6N, STM32G0C1VCI6, STM32G0C1VEI6, STM32G471CCT6, STM32G471CCU6, STM32G471CET3, STM32G471CET6, STM32G471CEU3, STM32G471CEU6, STM32G471MCT6, STM32G471MET3, STM32G471MET6, STM32G471MEY6TR, STM32G471QCT6, STM32G471QET3, STM32G471RCT6, STM32G471RET3, STM32G471RET6, STM32G471VCH6, STM32G471VCI6, STM32G471VCT6, STM32G471VEH3, STM32G471VEH6, STM32G471VEI3, STM32G471VEI6, STM32G471VET3, STM32G471VET6, STM32G474CCT6, STM32H503CBT6, STM32H503CBU6, STM32H503EBY6TR, STM32H503KBU6, STM32H503RBT6, STM32H562AGI6, STM32H562AII6, STM32H562IGK6, STM32H562IGT6, STM32H562IIK6, STM32H562IIT6, STM32H562RGT6, STM32H562RGV6, STM32H562RIT6, STM32H562RIV6, STM32H562VGT6, STM32H562VIT6, STM32H562ZGT6, STM32H562ZIT6, STM32H563AGI6, STM32H563AII3Q, STM32H563AII6, STM32H563IGK6, STM32H563IGT6, STM32H563IIK3Q, STM32H563IIK6, STM32H563IIT3Q, STM32H563IIT6, STM32H563MIY3QTR, STM32H563RGT6, STM32H563RGV6, STM32H563RIT6, STM32H563RIV6, STM32H563VGT6, STM32H563VIT3Q, STM32H563VIT6, STM32H563ZGT6, STM32H563ZIT3Q, STM32H563ZIT6, STM32H573AII3Q, STM32H573AII6, STM32H573I-DK, STM32H573IIK3Q, STM32H573IIK6, STM32H573IIT3Q, STM32H573IIT6, STM32H573MIY3QTR, STM32H573RIT6, STM32H573RIV6, STM32H573VIT3Q, STM32H573VIT6, STM32H573ZIT3Q, STM32H573ZIT6, STM32L4R5QGI6STR, STM32MP131AAE3, STM32MP131AAF3, STM32MP131AAG3, STM32MP131CAE3, STM32MP131CAF3, STM32MP131CAG3, STM32MP131DAE7, STM32MP131DAF7, STM32MP131DAG7, STM32MP131FAE7, STM32MP131FAF7, STM32MP131FAG7, STM32MP133AAE3, STM32MP133AAF3, STM32MP133AAG3, STM32MP133CAE3, STM32MP133CAF3, STM32MP133CAG3, STM32MP133DAE7, STM32MP133DAF7, STM32MP133DAG7, STM32MP133FAE7, STM32MP133FAF7, STM32MP133FAG7, STM32MP135AAE3, STM32MP135AAF3, STM32MP135AAG3, STM32MP135CAE3, STM32MP135CAF3, STM32MP135CAG3, STM32MP135DAE7, STM32MP135DAF7, STM32MP135DAG7, STM32MP135F-DK, STM32MP135FAE7, STM32MP135FAF7, STM32MP135FAF7T, STM32MP135FAF7U, STM32MP135FAG7, STM32U535CBT6, STM32U535CBT6Q, STM32U535CBU6, STM32U535CBU6Q, STM32U535CCT6, STM32U535CCT6Q, STM32U535CCU6, STM32U535CCU6Q, STM32U535CET6, STM32U535CET6Q, STM32U535CEU6, STM32U535CEU6Q, STM32U535JEY6QTR, STM32U535NCY6QTR, STM32U535NEY6QTR, STM32U535RBI6, STM32U535RBI6Q, STM32U535RBT6, STM32U535RBT6Q, STM32U535RCI6, STM32U535RCI6Q, STM32U535RCT6, STM32U535RCT6Q, STM32U535REI6, STM32U535REI6Q, STM32U535RET6, STM32U535RET6Q, STM32U535VCI6, STM32U535VCI6Q, STM32U535VCT6, STM32U535VCT6Q, STM32U535VEI6, STM32U535VEI6Q, STM32U535VET6, STM32U535VET6Q, STM32U545CET6, STM32U545CET6Q, STM32U545CEU6, STM32U545CEU6Q, STM32U545JEY6QTR, STM32U545NEY6QTR, STM32U545REI6, STM32U545REI6Q, STM32U545RET6, STM32U545RET6Q, STM32U545VEI6, STM32U545VEI6Q, STM32U545VET6, STM32U545VET6Q, STM32U595AIH6, STM32U595AIH6Q, STM32U595AJH6, STM32U595AJH6Q, STM32U595QII6, STM32U595QII6Q, STM32U595QJI6, STM32U595QJI6Q, STM32U595RIT6, STM32U595RIT6Q, STM32U595RJT6, STM32U595RJT6Q, STM32U595VIT6, STM32U595VIT6Q, STM32U595VJT6, STM32U595VJT6Q, STM32U595ZIT6, STM32U595ZIT6Q, STM32U595ZIY6QTR, STM32U595ZJT6, STM32U595ZJT6Q, STM32U595ZJY6QTR, STM32U599BJY6QTR, STM32U599NIH6Q, STM32U599NJH6Q, STM32U599VIT6Q, STM32U599VJT6, STM32U599VJT6Q, STM32U599ZIT6Q, STM32U599ZIY6QTR, STM32U599ZJT6Q, STM32U599ZJY6QTR, STM32U5A5AJH6, STM32U5A5AJH6Q, STM32U5A5QJI6, STM32U5A5QJI6Q, STM32U5A5RJT6, STM32U5A5RJT6Q, STM32U5A5VJT6, STM32U5A5VJT6Q, STM32U5A5ZJT6, STM32U5A5ZJT6Q, STM32U5A5ZJY6QTR, STM32U5A9BJY6QTR, STM32U5A9J-DK, STM32U5A9NJH6Q, STM32U5A9VJT6Q, STM32U5A9ZJT6Q, STM32U5A9ZJY6QTR, STM32U5F7VIT6, STM32U5F7VIT6Q, STM32U5F7VJT6, STM32U5F7VJT6Q, STM32U5F9BJY6QTR, STM32U5F9NJH6Q, STM32U5F9VIT6Q, STM32U5F9VJT6Q, STM32U5F9ZIJ6QTR, STM32U5F9ZIT6Q, STM32U5F9ZJJ6QTR, STM32U5F9ZJT6Q, STM32U5G7VJT6, STM32U5G7VJT6Q, STM32U5G9BJY6QTR, STM32U5G9J-DK1, STM32U5G9J-DK2, STM32U5G9NJH6Q, STM32U5G9VJT6Q, STM32U5G9ZJJ6QTR, STM32U5G9ZJT6Q, STM32WB1MMCH6, STM32WBA50KEU6, STM32WBA50KEU6TR, STM32WBA50KGU6, STM32WBA50KGU6TR, STM32WBA52CEU6, STM32WBA52CEU6TR, STM32WBA52CEU7, STM32WBA52CEU7TR, STM32WBA52CGU6, STM32WBA52CGU6TR, STM32WBA52CGU6U, STM32WBA52CGU7, STM32WBA52CGU7TR, STM32WBA52KEU6, STM32WBA52KEU6TR, STM32WBA52KGU6, STM32WBA52KGU6TR, STM32WBA54CEU6, STM32WBA54CEU6TR, STM32WBA54CEU7, STM32WBA54CEU7TR, STM32WBA54CGU6, STM32WBA54CGU6TR, STM32WBA54CGU7, STM32WBA54CGU7TR, STM32WBA54KEU6, STM32WBA54KEU6TR, STM32WBA54KEU7, STM32WBA54KEU7TR, STM32WBA54KGU6, STM32WBA54KGU6TR, STM32WBA54KGU7, STM32WBA54KGU7TR, STM32WBA55CEU6, STM32WBA55CEU6TR, STM32WBA55CEU7, STM32WBA55CEU7TR, STM32WBA55CGU6, STM32WBA55CGU6TR, STM32WBA55CGU6U, STM32WBA55CGU7, STM32WBA55CGU7TR, STM32WBA55G-DK1, STM32WBA55HEF6, STM32WBA55HEF7, STM32WBA55HGF6, STM32WBA55HGF7, STM32WBA55UEI6, STM32WBA55UEI6TR, STM32WBA55UEI7, STM32WBA55UEI7TR, STM32WBA55UGI6, STM32WBA55UGI6TR, STM32WBA55UGI7, STM32WBA55UGI7TR, STM32WL5MOCH6, STM32WL5MOCH6TR]
2024-06-20 20:49:40,896 [INFO] DbMcus:218 - Found 4229 MCUs, 4229 are supported
2024-06-20 20:49:40,897 [INFO] ApiDb:423 - Load user favorites file C:\Users\srira/.stm32cubeide/favorites.mcus.txt: 0 item(s)
2024-06-20 20:49:40,897 [INFO] ApiDb:427 - User favorites MCUs=[]
2024-06-20 20:49:40,898 [INFO] DbMcus:224 - Set 0 / 0 favorites MCUs
2024-06-20 20:49:42,478 [INFO] MicroXplorer:468 - Change Database Path : 
2024-06-20 20:49:42,478 [INFO] MicroXplorer:498 - Change Database Version : DB.6.0.100
2024-06-20 20:49:42,479 [WARN] ThirdParty:833 - waiting for thirdparty lock release [change project]
2024-06-20 20:49:42,479 [INFO] ThirdParty:835 - entering critical section [change project]
2024-06-20 20:49:42,479 [INFO] ThirdParty:1030 - CMSIS Pack Vendor :STMicroelectronics USBPD 4.1
2024-06-20 20:49:42,480 [INFO] ThirdParty:1030 - CMSIS Pack Vendor :STMicroelectronics X-CUBE-GNSS1 6.0.0
2024-06-20 20:49:42,480 [INFO] ThirdParty:1030 - CMSIS Pack Vendor :STMicroelectronics USB_HOST 2.0.0
2024-06-20 20:49:42,480 [INFO] ThirdParty:1030 - CMSIS Pack Vendor :STMicroelectronics FP-SNS-MOTENVWB1 1.4.0
2024-06-20 20:49:42,480 [INFO] ThirdParty:1030 - CMSIS Pack Vendor :STMicroelectronics X-CUBE-AZRTOS-F4 1.1.0
2024-06-20 20:49:42,480 [INFO] ThirdParty:1030 - CMSIS Pack Vendor :STMicroelectronics LIBJPEG 8.0.0
2024-06-20 20:49:42,480 [INFO] ThirdParty:1030 - CMSIS Pack Vendor :STMicroelectronics X-CUBE-SMBUS 2.1.0
2024-06-20 20:49:42,480 [INFO] ThirdParty:1030 - CMSIS Pack Vendor :STMicroelectronics USB_DEVICE 3.0.0
2024-06-20 20:49:42,480 [INFO] ThirdParty:1030 - CMSIS Pack Vendor :STMicroelectronics X-CUBE-TCPP 4.1.0
2024-06-20 20:49:42,480 [INFO] ThirdParty:1030 - CMSIS Pack Vendor :STMicroelectronics X-CUBE-FREERTOS 1.2.0
2024-06-20 20:49:42,480 [INFO] ThirdParty:1030 - CMSIS Pack Vendor :STMicroelectronics X-CUBE-AZRTOS-WB 2.0.0
2024-06-20 20:49:42,480 [INFO] ThirdParty:1030 - CMSIS Pack Vendor :wolfSSL I-CUBE-wolfSSL 5.6.6
2024-06-20 20:49:42,480 [INFO] ThirdParty:1030 - CMSIS Pack Vendor :STMicroelectronics X-CUBE-TOUCHGFX 4.23.0
2024-06-20 20:49:42,480 [INFO] ThirdParty:1030 - CMSIS Pack Vendor :STMicroelectronics X-CUBE-TOUCHGFX 4.23.2
2024-06-20 20:49:42,480 [INFO] ThirdParty:1030 - CMSIS Pack Vendor :STMicroelectronics X-CUBE-AZRTOS-F7 1.1.0
2024-06-20 20:49:42,480 [INFO] ThirdParty:1030 - CMSIS Pack Vendor :STMicroelectronics X-CUBE-AZRTOS-L5 2.0.0
2024-06-20 20:49:42,480 [INFO] ThirdParty:1030 - CMSIS Pack Vendor :STMicroelectronics USB_DEVICE 2.0.0
2024-06-20 20:49:42,480 [INFO] ThirdParty:1030 - CMSIS Pack Vendor :STMicroelectronics X-CUBE-NFC6 3.1.0
2024-06-20 20:49:42,480 [INFO] ThirdParty:1030 - CMSIS Pack Vendor :ITTIA_DB I-CUBE-ITTIADB 8.8.0
2024-06-20 20:49:42,480 [INFO] ThirdParty:1030 - CMSIS Pack Vendor :STMicroelectronics FP-SNS-MOTENV1 4.3.2
2024-06-20 20:49:42,480 [INFO] ThirdParty:1030 - CMSIS Pack Vendor :STMicroelectronics X-CUBE-ALGOBUILD 1.3.0
2024-06-20 20:49:42,480 [INFO] ThirdParty:1030 - CMSIS Pack Vendor :STMicroelectronics FreeRTOS 0.0.1
2024-06-20 20:49:42,480 [INFO] ThirdParty:1030 - CMSIS Pack Vendor :STMicroelectronics X-CUBE-AZRTOS-G0 1.1.0
2024-06-20 20:49:42,480 [INFO] ThirdParty:1030 - CMSIS Pack Vendor :STMicroelectronics X-CUBE-SAFEA1 1.2.2
2024-06-20 20:49:42,480 [INFO] ThirdParty:1030 - CMSIS Pack Vendor :STMicroelectronics X-CUBE-NFC4 3.0.0
2024-06-20 20:49:42,480 [INFO] ThirdParty:1030 - CMSIS Pack Vendor :STMicroelectronics X-CUBE-SUBG2 5.0.0
2024-06-20 20:49:42,480 [INFO] ThirdParty:1030 - CMSIS Pack Vendor :STMicroelectronics STM32_WPAN 1.0.0
2024-06-20 20:49:42,480 [INFO] ThirdParty:1030 - CMSIS Pack Vendor :STMicroelectronics lwIP 2.0.3
2024-06-20 20:49:42,481 [INFO] ThirdParty:1030 - CMSIS Pack Vendor :STMicroelectronics FP-SNS-FLIGHT1 5.0.2
2024-06-20 20:49:42,481 [INFO] ThirdParty:1030 - CMSIS Pack Vendor :Cesanta I-CUBE-Mongoose 7.13.0
2024-06-20 20:49:42,481 [INFO] ThirdParty:1030 - CMSIS Pack Vendor :STMicroelectronics USB_HOST 1.0.0
2024-06-20 20:49:42,481 [INFO] ThirdParty:1030 - CMSIS Pack Vendor :STMicroelectronics X-CUBE-AI 9.0.0
2024-06-20 20:49:42,481 [INFO] ThirdParty:1030 - CMSIS Pack Vendor :STMicroelectronics X-CUBE-AZRTOS-G4 2.0.0
2024-06-20 20:49:42,481 [INFO] ThirdParty:1030 - CMSIS Pack Vendor :STMicroelectronics PDM2PCM 3.1.0
2024-06-20 20:49:42,481 [INFO] ThirdParty:1030 - CMSIS Pack Vendor :Infineon AIROC-Wi-Fi-Bluetooth-STM32 1.5.1
2024-06-20 20:49:42,481 [INFO] ThirdParty:1030 - CMSIS Pack Vendor :STMicroelectronics PDM2PCM 3.3.0
2024-06-20 20:49:42,481 [INFO] ThirdParty:1030 - CMSIS Pack Vendor :STMicroelectronics X-CUBE-DISPLAY 3.0.0
2024-06-20 20:49:42,481 [INFO] ThirdParty:1030 - CMSIS Pack Vendor :STMicroelectronics FP-SNS-MOTENVWB1 1.3.1
2024-06-20 20:49:42,481 [INFO] ThirdParty:1030 - CMSIS Pack Vendor :STMicroelectronics X-CUBE-BLE1 7.0.0
2024-06-20 20:49:42,481 [INFO] ThirdParty:1030 - CMSIS Pack Vendor :STMicroelectronics FP-ATR-SIGFOX1 3.2.0
2024-06-20 20:49:42,481 [INFO] ThirdParty:1030 - CMSIS Pack Vendor :STMicroelectronics X-CUBE-ISPU 2.0.0
2024-06-20 20:49:42,482 [INFO] ThirdParty:1030 - CMSIS Pack Vendor :STMicroelectronics X-CUBE-EEPRMA1 5.1.0
2024-06-20 20:49:42,482 [INFO] ThirdParty:1030 - CMSIS Pack Vendor :STMicroelectronics HAL Drivers 0.0.0
2024-06-20 20:49:42,482 [INFO] ThirdParty:1030 - CMSIS Pack Vendor :STMicroelectronics MBEDTLS 2.16.2
2024-06-20 20:49:42,482 [INFO] ThirdParty:1030 - CMSIS Pack Vendor :STMicroelectronics X-CUBE-ALS 1.0.2
2024-06-20 20:49:42,482 [INFO] ThirdParty:1030 - CMSIS Pack Vendor :emotas I-CUBE-CANOPEN 1.3.0
2024-06-20 20:49:42,482 [INFO] ThirdParty:1030 - CMSIS Pack Vendor :STMicroelectronics X-CUBE-MEMS1 10.0.0
2024-06-20 20:49:42,482 [INFO] ThirdParty:1030 - CMSIS Pack Vendor :STMicroelectronics X-CUBE-FREERTOS 1.1.0
2024-06-20 20:49:42,482 [INFO] ThirdParty:1030 - CMSIS Pack Vendor :STMicroelectronics X-CUBE-NFC7 1.0.1
2024-06-20 20:49:42,482 [INFO] ThirdParty:1030 - CMSIS Pack Vendor :STMicroelectronics MBEDTLS 2.14.1
2024-06-20 20:49:42,482 [INFO] ThirdParty:1030 - CMSIS Pack Vendor :STMicroelectronics X-CUBE-NFC6 3.0.0
2024-06-20 20:49:42,482 [INFO] ThirdParty:1030 - CMSIS Pack Vendor :portGmbH I-Cube-SoM-uGOAL 1.1.0
2024-06-20 20:49:42,482 [INFO] ThirdParty:1030 - CMSIS Pack Vendor :STMicroelectronics X-CUBE-ALS 1.0.1
2024-06-20 20:49:42,482 [INFO] ThirdParty:1030 - CMSIS Pack Vendor :STMicroelectronics X-CUBE-BLEMGR 3.1.0
2024-06-20 20:49:42,482 [INFO] ThirdParty:1030 - CMSIS Pack Vendor :STMicroelectronics ThreadX 1.0.0
2024-06-20 20:49:42,482 [INFO] ThirdParty:1030 - CMSIS Pack Vendor :STMicroelectronics FP-SNS-SMARTAG2 1.2.0
2024-06-20 20:49:42,482 [INFO] ThirdParty:1030 - CMSIS Pack Vendor :STMicroelectronics X-CUBE-AZRTOS-WL 2.0.0
2024-06-20 20:49:42,482 [INFO] ThirdParty:1030 - CMSIS Pack Vendor :SEGGER I-CUBE-embOS 1.3.1
2024-06-20 20:49:42,482 [INFO] ThirdParty:1030 - CMSIS Pack Vendor :STMicroelectronics X-CUBE-ALGOBUILD 1.4.0
2024-06-20 20:49:42,482 [INFO] ThirdParty:1030 - CMSIS Pack Vendor :STMicroelectronics FP-SNS-MOTENV1 5.0.0
2024-06-20 20:49:42,483 [INFO] ThirdParty:1030 - CMSIS Pack Vendor :STMicroelectronics USB_DEVICE 1.0.0
2024-06-20 20:49:42,483 [INFO] ThirdParty:1030 - CMSIS Pack Vendor :STMicroelectronics X-CUBE-AI 8.1.0
2024-06-20 20:49:42,483 [INFO] ThirdParty:1030 - CMSIS Pack Vendor :STMicroelectronics X-CUBE-AZRTOS-H7RS 1.0.0
2024-06-20 20:49:42,483 [INFO] ThirdParty:1030 - CMSIS Pack Vendor :wolfSSL I-CUBE-wolfMQTT 1.19.0
2024-06-20 20:49:42,483 [INFO] ThirdParty:1030 - CMSIS Pack Vendor :STMicroelectronics X-CUBE-AZRTOS-L4 2.0.0
2024-06-20 20:49:42,483 [INFO] ThirdParty:1030 - CMSIS Pack Vendor :STMicroelectronics ThreadX 0.0.2
2024-06-20 20:49:42,483 [INFO] ThirdParty:1030 - CMSIS Pack Vendor :WES I-CUBE-Cesium 1.3.0
2024-06-20 20:49:42,483 [INFO] ThirdParty:1030 - CMSIS Pack Vendor :STMicroelectronics FP-ATR-ASTRA1 2.0.0
2024-06-20 20:49:42,483 [INFO] ThirdParty:1030 - CMSIS Pack Vendor :STMicroelectronics lwIP 2.1.2
2024-06-20 20:49:42,483 [INFO] ThirdParty:1030 - CMSIS Pack Vendor :STMicroelectronics X-CUBE-SFXS2LP1 4.0.0
2024-06-20 20:49:42,483 [INFO] ThirdParty:1030 - CMSIS Pack Vendor :STMicroelectronics X-CUBE-BLE2 3.3.0
2024-06-20 20:49:42,483 [INFO] ThirdParty:1030 - CMSIS Pack Vendor :STMicroelectronics X-CUBE-TOF1 3.4.0
2024-06-20 20:49:42,483 [INFO] ThirdParty:1030 - CMSIS Pack Vendor :STMicroelectronics X-CUBE-TOF1 3.4.1
2024-06-20 20:49:42,483 [INFO] ThirdParty:1030 - CMSIS Pack Vendor :STMicroelectronics X-CUBE-AZRTOS-H7 3.2.0
2024-06-20 20:49:42,483 [INFO] ThirdParty:1030 - CMSIS Pack Vendor :STMicroelectronics PDM2PCM 3.2.0
2024-06-20 20:49:42,486 [INFO] ThirdParty:841 - exiting critical section [change project]
2024-06-20 20:49:43,866 [INFO] PinOutPanel:1499 - setPackage(No Configuration,No Configuration)
2024-06-20 20:49:43,871 [INFO] PinOutPanel:1499 - setPackage(STM32G070RBTx,LQFP64)
2024-06-20 20:49:45,270 [INFO] UtilMem:75 - Before build in PCC Used Memory: 229031936 Bytes (397410304)
2024-06-20 20:49:46,869 [INFO] UtilMem:75 - After build in PCC Used Memory: 239511232 Bytes (397410304)
2024-06-20 20:49:46,909 [INFO] IPUIPlugin:80 - create IPUIPlugin
2024-06-20 20:49:46,909 [INFO] IPUIPlugin:80 - create IPUIPlugin
2024-06-20 20:49:46,910 [INFO] IPUIPlugin:80 - create IPUIPlugin
2024-06-20 20:49:46,910 [INFO] IPUIPlugin:80 - create IPUIPlugin
2024-06-20 20:49:46,911 [INFO] IPUIPlugin:80 - create IPUIPlugin
2024-06-20 20:49:46,911 [INFO] IPUIPlugin:80 - create IPUIPlugin
2024-06-20 20:49:46,911 [INFO] IPUIPlugin:80 - create IPUIPlugin
2024-06-20 20:49:46,911 [INFO] IPUIPlugin:80 - create IPUIPlugin
2024-06-20 20:49:46,911 [INFO] IPUIPlugin:80 - create IPUIPlugin
2024-06-20 20:49:46,912 [INFO] IPUIPlugin:80 - create IPUIPlugin
2024-06-20 20:49:46,912 [INFO] IPUIPlugin:80 - create IPUIPlugin
2024-06-20 20:49:46,912 [INFO] IPUIPlugin:80 - create IPUIPlugin
2024-06-20 20:49:46,912 [INFO] IPUIPlugin:80 - create IPUIPlugin
2024-06-20 20:49:46,913 [INFO] IPUIPlugin:80 - create IPUIPlugin
2024-06-20 20:49:46,913 [INFO] IPUIPlugin:80 - create IPUIPlugin
2024-06-20 20:49:46,913 [INFO] IPUIPlugin:80 - create IPUIPlugin
2024-06-20 20:49:46,914 [INFO] IPUIPlugin:80 - create IPUIPlugin
2024-06-20 20:49:46,914 [INFO] IPUIPlugin:80 - create IPUIPlugin
2024-06-20 20:49:46,915 [INFO] IPUIPlugin:80 - create IPUIPlugin
2024-06-20 20:49:46,915 [INFO] IPUIPlugin:80 - create IPUIPlugin
2024-06-20 20:49:46,915 [INFO] IPUIPlugin:80 - create IPUIPlugin
2024-06-20 20:49:46,915 [INFO] IPUIPlugin:80 - create IPUIPlugin
2024-06-20 20:49:46,916 [INFO] IPUIPlugin:80 - create IPUIPlugin
2024-06-20 20:49:46,916 [INFO] IPUIPlugin:80 - create IPUIPlugin
2024-06-20 20:49:46,916 [INFO] IPUIPlugin:80 - create IPUIPlugin
2024-06-20 20:49:46,917 [INFO] IPUIPlugin:80 - create IPUIPlugin
2024-06-20 20:49:46,919 [INFO] IPUIPlugin:80 - create IPUIPlugin
2024-06-20 20:49:46,920 [INFO] IPUIPlugin:80 - create IPUIPlugin
2024-06-20 20:49:46,921 [INFO] IPUIPlugin:80 - create IPUIPlugin
2024-06-20 20:49:46,921 [INFO] IPUIPlugin:80 - create IPUIPlugin
2024-06-20 20:49:47,345 [INFO] CADModel:165 - CPN selected for project levelSTM32G070RBT6
2024-06-20 20:49:47,345 [INFO] CADModel:114 - Register for checkConnection events
2024-06-20 20:49:47,453 [INFO] OpenFileManager:343 - Restore cursor
2024-06-20 20:50:00,294 [ERROR] LogOutputStream:75 - [STDERR_REDIRECT] SLF4J: Failed to load class "org.slf4j.impl.StaticLoggerBinder".
2024-06-20 20:50:00,299 [ERROR] LogOutputStream:75 - [STDERR_REDIRECT] SLF4J: Defaulting to no-operation (NOP) logger implementation
2024-06-20 20:50:00,300 [ERROR] LogOutputStream:75 - [STDERR_REDIRECT] SLF4J: See http://www.slf4j.org/codes.html#StaticLoggerBinder for further details.
2024-06-20 21:57:31,219 [ERROR] LogOutputStream:75 - [STDERR_REDIRECT] 
