2024-06-23 09:23:11,046 [INFO] Activator:176 - 


2024-06-23 09:23:11,051 [INFO] Activator:177 - !SESSION log4j initialized
2024-06-23 09:23:26,063 [INFO] LogOutputStream:77 - [STDOUT_REDIRECT] 
2024-06-23 09:23:33,228 [INFO] ApplicationProperties:184 - Using Application install path: D:\stm32\STM32CubeIDE_1.14.1\STM32CubeIDE\plugins\com.st.stm32cube.common.mx_6.10.0.202311202037
2024-06-23 09:23:33,321 [INFO] DbMcusXml:78 - Set database path to: D:\stm32\STM32CubeIDE_1.14.1\STM32CubeIDE\plugins\com.st.stm32cube.common.mx_6.10.0.202311202037\\db\/mcu/
2024-06-23 09:23:33,322 [INFO] ApiDb:274 - Set plugin database path to: D:\stm32\STM32CubeIDE_1.14.1\STM32CubeIDE\plugins\com.st.stm32cube.common.mx_6.10.0.202311202037\\db\/plugins/boardmanager/
2024-06-23 09:23:33,343 [WARN] ApiDb:259 - Overriding images path with different value:  => D:\stm32\STM32CubeIDE_1.14.1\STM32CubeIDE\plugins\com.st.stm32cube.common.mx_6.10.0.202311202037\\db\/plugins/mcufinder/images/
2024-06-23 09:23:33,604 [INFO] ApiDb:250 - Set database path to: C:\Users\srira\.stmcufinder\plugins\mcufinder//mcu/
2024-06-23 09:23:33,607 [INFO] DbMcusAds:125 - Set database path to: C:\Users\srira\.stmcufinder\plugins\mcufinder//mcu/
2024-06-23 09:23:33,608 [INFO] CrossReferenceDbSqlite:203 - Set database path to: C:\Users\srira\.stmcufinder\plugins\mcufinder//mcu/cs/
2024-06-23 09:23:33,889 [INFO] RulesReader:64 - Compatibility file has been processed (297 Rules)
2024-06-23 09:23:34,053 [INFO] DbMcusXml:78 - Set database path to: D:\stm32\STM32CubeIDE_1.14.1\STM32CubeIDE\plugins\com.st.stm32cube.common.mx_6.10.0.202311202037\\db\/mcu/
2024-06-23 09:23:34,054 [INFO] ApiDb:274 - Set plugin database path to: D:\stm32\STM32CubeIDE_1.14.1\STM32CubeIDE\plugins\com.st.stm32cube.common.mx_6.10.0.202311202037\\db\/plugins/boardmanager/
2024-06-23 09:23:34,054 [INFO] ApiDb:261 - Set plugin images path to: D:\stm32\STM32CubeIDE_1.14.1\STM32CubeIDE\plugins\com.st.stm32cube.common.mx_6.10.0.202311202037\\db\/plugins/mcufinder/images/
2024-06-23 09:23:34,054 [WARN] DbFile:41 - Overriding database path with different value: C:\Users\srira\.stmcufinder\plugins\mcufinder/ => C:\Users\srira\.stmcufinder\plugins\mcufinder
2024-06-23 09:23:34,054 [INFO] ApiDb:250 - Set database path to: C:\Users\srira\.stmcufinder\plugins\mcufinder//mcu/
2024-06-23 09:23:34,054 [WARN] DbFile:41 - Overriding database path with different value: C:\Users\srira\.stmcufinder\plugins\mcufinder/ => C:\Users\srira\.stmcufinder\plugins\mcufinder
2024-06-23 09:23:34,055 [INFO] DbMcusAds:125 - Set database path to: C:\Users\srira\.stmcufinder\plugins\mcufinder//mcu/
2024-06-23 09:23:34,055 [WARN] DbFile:41 - Overriding database path with different value: C:\Users\srira\.stmcufinder\plugins\mcufinder/ => C:\Users\srira\.stmcufinder\plugins\mcufinder
2024-06-23 09:23:34,055 [WARN] DbFile:41 - Overriding database path with different value: C:\Users\srira\.stmcufinder\plugins\mcufinder/ => C:\Users\srira\.stmcufinder\plugins\mcufinder
2024-06-23 09:23:34,055 [INFO] CrossReferenceDbSqlite:203 - Set database path to: C:\Users\srira\.stmcufinder\plugins\mcufinder//mcu/cs/
2024-06-23 09:23:34,191 [INFO] MainPanel:264 - HeapMemory: 268435456
2024-06-23 09:23:34,382 [INFO] DbMcusXml:78 - Set database path to: D:\stm32\STM32CubeIDE_1.14.1\STM32CubeIDE\plugins\com.st.stm32cube.common.mx_6.10.0.202311202037\\db\/mcu/
2024-06-23 09:23:34,382 [INFO] ApiDb:274 - Set plugin database path to: D:\stm32\STM32CubeIDE_1.14.1\STM32CubeIDE\plugins\com.st.stm32cube.common.mx_6.10.0.202311202037\\db\/plugins/boardmanager/
2024-06-23 09:23:34,382 [INFO] ApiDb:261 - Set plugin images path to: D:\stm32\STM32CubeIDE_1.14.1\STM32CubeIDE\plugins\com.st.stm32cube.common.mx_6.10.0.202311202037\\db\/plugins/mcufinder/images/
2024-06-23 09:23:34,383 [WARN] DbFile:41 - Overriding database path with different value: C:\Users\srira\.stmcufinder\plugins\mcufinder/ => C:\Users\srira\.stmcufinder\plugins\mcufinder
2024-06-23 09:23:34,383 [INFO] ApiDb:250 - Set database path to: C:\Users\srira\.stmcufinder\plugins\mcufinder//mcu/
2024-06-23 09:23:34,384 [WARN] DbFile:41 - Overriding database path with different value: C:\Users\srira\.stmcufinder\plugins\mcufinder/ => C:\Users\srira\.stmcufinder\plugins\mcufinder
2024-06-23 09:23:34,384 [INFO] DbMcusAds:125 - Set database path to: C:\Users\srira\.stmcufinder\plugins\mcufinder//mcu/
2024-06-23 09:23:34,384 [WARN] DbFile:41 - Overriding database path with different value: C:\Users\srira\.stmcufinder\plugins\mcufinder/ => C:\Users\srira\.stmcufinder\plugins\mcufinder
2024-06-23 09:23:34,384 [WARN] DbFile:41 - Overriding database path with different value: C:\Users\srira\.stmcufinder\plugins\mcufinder/ => C:\Users\srira\.stmcufinder\plugins\mcufinder
2024-06-23 09:23:34,384 [INFO] CrossReferenceDbSqlite:203 - Set database path to: C:\Users\srira\.stmcufinder\plugins\mcufinder//mcu/cs/
2024-06-23 09:23:34,407 [INFO] ApplicationProperties:184 - Using Application install path: D:\stm32\STM32CubeIDE_1.14.1\STM32CubeIDE\plugins\com.st.stm32cube.common.mx_6.10.0.202311202037
2024-06-23 09:23:34,410 [INFO] PluginManage:196 - Search for loadable plugins [exclusion list=, ]
2024-06-23 09:23:34,412 [INFO] PluginManage:310 - Check plugin analytics
2024-06-23 09:23:34,763 [INFO] AnalyticsPlugin:253 - Accepted Software Licenses: STM32CubeMX.6.10.0
2024-06-23 09:23:34,763 [INFO] AnalyticsPlugin:255 - Accepted CMSIS Pack Licenses: 
2024-06-23 09:23:34,763 [INFO] AnalyticsPlugin:257 - Accepted Firmware Licenses: FW.G0.1.6.0,FW.F4.1.28.0
2024-06-23 09:23:34,765 [INFO] PluginManage:359 - Loaded plugin analytics (category:tool,tabindex:-1)
2024-06-23 09:23:34,765 [INFO] PluginManage:310 - Check plugin cadmodel
2024-06-23 09:23:34,799 [INFO] CADModel:105 - Init CAD model plugin
2024-06-23 09:23:34,800 [INFO] PluginManage:359 - Loaded plugin cadmodel (category:power,tabindex:5)
2024-06-23 09:23:34,800 [INFO] PluginManage:310 - Check plugin clock
2024-06-23 09:23:34,877 [INFO] PluginManage:359 - Loaded plugin clock (category:base,tabindex:2)
2024-06-23 09:23:34,877 [INFO] PluginManage:310 - Check plugin ddr
2024-06-23 09:23:34,891 [INFO] PluginManage:359 - Loaded plugin ddr (category:tool,tabindex:6)
2024-06-23 09:23:34,891 [INFO] PluginManage:310 - Check plugin filemanager
2024-06-23 09:23:35,173 [INFO] PluginManage:359 - Loaded plugin filemanager (category:base,tabindex:10)
2024-06-23 09:23:35,173 [INFO] PluginManage:310 - Check plugin ipmanager
2024-06-23 09:23:35,193 [INFO] PluginManage:359 - Loaded plugin ipmanager (category:base,tabindex:5)
2024-06-23 09:23:35,193 [INFO] PluginManage:310 - Check plugin lpbam
2024-06-23 09:23:35,332 [INFO] PluginManage:359 - Loaded plugin lpbam (category:base,tabindex:0)
2024-06-23 09:23:35,332 [INFO] PluginManage:310 - Check plugin memorymap
2024-06-23 09:23:35,380 [INFO] PluginManage:359 - Loaded plugin memorymap (category:base,tabindex:4)
2024-06-23 09:23:35,380 [INFO] PluginManage:310 - Check plugin pinoutandconfiguration
2024-06-23 09:23:35,416 [INFO] PluginManage:359 - Loaded plugin pinoutandconfiguration (category:base,tabindex:1)
2024-06-23 09:23:35,416 [INFO] PluginManage:310 - Check plugin pinoutconfig
2024-06-23 09:23:35,576 [WARN] SupportedApi:132 - Cannot load RTOS API schema: s4s-elt-must-match.1: The content of 'definitions' must match (annotation?, (simpleType | complexType)?, (unique | key | keyref)*)). A problem was found starting at: attribute.
2024-06-23 09:23:35,802 [INFO] PluginManage:359 - Loaded plugin pinoutconfig (category:base,tabindex:0)
2024-06-23 09:23:35,803 [INFO] PluginManage:310 - Check plugin power
2024-06-23 09:23:35,888 [INFO] PluginManage:359 - Loaded plugin power (category:power,tabindex:4)
2024-06-23 09:23:35,888 [INFO] PluginManage:310 - Check plugin projectmanager
2024-06-23 09:23:35,964 [INFO] PluginManage:359 - Loaded plugin projectmanager (category:projectmanager,tabindex:3)
2024-06-23 09:23:35,964 [INFO] PluginManage:310 - Check plugin thirdparty
2024-06-23 09:23:36,570 [INFO] PluginManage:359 - Loaded plugin thirdparty (category:base,tabindex:-1)
2024-06-23 09:23:36,570 [INFO] PluginManage:310 - Check plugin tools
2024-06-23 09:23:36,570 [WARN] IntegrityCheckThread:84 - waiting for thirdparty lock release [integrity check]
2024-06-23 09:23:36,571 [INFO] IntegrityCheckThread:86 - entering critical section [integrity check]
2024-06-23 09:23:36,572 [INFO] ThirdPartyUpdaterWithRetryManager:70 - Updater plugin not ready yet. [1/15]
2024-06-23 09:23:36,619 [INFO] PluginManage:359 - Loaded plugin tools (category:base,tabindex:7)
2024-06-23 09:23:36,620 [INFO] PluginManage:310 - Check plugin tutovideos
2024-06-23 09:23:36,890 [INFO] PluginManage:359 - Loaded plugin tutovideos (category:base,tabindex:-1)
2024-06-23 09:23:36,890 [INFO] PluginManage:310 - Check plugin updater
2024-06-23 09:23:36,920 [INFO] PluginManage:359 - Loaded plugin updater (category:base,tabindex:12)
2024-06-23 09:23:36,921 [INFO] PluginManage:310 - Check plugin userauth
2024-06-23 09:23:36,955 [INFO] UserAuth:114 - Init User Auth plugin
2024-06-23 09:23:36,955 [INFO] PluginManage:359 - Loaded plugin userauth (category:base,tabindex:14)
2024-06-23 09:23:36,955 [INFO] PluginManage:283 - PluginManage : Loaded plugins [17]
2024-06-23 09:23:37,493 [INFO] PinOutPanel:1499 - setPackage(No Configuration,No Configuration)
2024-06-23 09:23:37,653 [INFO] CADModel:165 - CPN selected for project level
2024-06-23 09:23:37,653 [INFO] CADModel:114 - Register for checkConnection events
2024-06-23 09:23:37,804 [INFO] IPUIPlugin:80 - create IPUIPlugin
2024-06-23 09:23:37,805 [INFO] PluginManager:220 - loadIPPluginJar : add adc
2024-06-23 09:23:37,844 [INFO] IPUIPlugin:80 - create IPUIPlugin
2024-06-23 09:23:37,844 [INFO] PluginManager:220 - loadIPPluginJar : add aes
2024-06-23 09:23:37,886 [INFO] IPUIPlugin:80 - create IPUIPlugin
2024-06-23 09:23:37,886 [INFO] PluginManager:220 - loadIPPluginJar : add can
2024-06-23 09:23:37,917 [INFO] IPUIPlugin:80 - create IPUIPlugin
2024-06-23 09:23:37,917 [INFO] PluginManager:220 - loadIPPluginJar : add comp
2024-06-23 09:23:37,989 [INFO] IPUIPlugin:80 - create IPUIPlugin
2024-06-23 09:23:37,990 [INFO] PluginManager:220 - loadIPPluginJar : add cryp
2024-06-23 09:23:38,029 [INFO] IPUIPlugin:80 - create IPUIPlugin
2024-06-23 09:23:38,029 [INFO] PluginManager:220 - loadIPPluginJar : add dfsdm
2024-06-23 09:23:38,050 [INFO] IPUIPlugin:80 - create IPUIPlugin
2024-06-23 09:23:38,050 [INFO] PluginManager:220 - loadIPPluginJar : add dma
2024-06-23 09:23:38,096 [INFO] IPUIPlugin:80 - create IPUIPlugin
2024-06-23 09:23:38,096 [INFO] PluginManager:220 - loadIPPluginJar : add dma3
2024-06-23 09:23:38,156 [INFO] IPUIPlugin:80 - create IPUIPlugin
2024-06-23 09:23:38,156 [INFO] PluginManager:220 - loadIPPluginJar : add fatfs
2024-06-23 09:23:38,213 [INFO] IPUIPlugin:80 - create IPUIPlugin
2024-06-23 09:23:38,213 [INFO] PluginManager:220 - loadIPPluginJar : add fmc
2024-06-23 09:23:38,266 [INFO] IPUIPlugin:80 - create IPUIPlugin
2024-06-23 09:23:38,266 [INFO] PluginManager:220 - loadIPPluginJar : add freertos
2024-06-23 09:23:38,295 [INFO] IPUIPlugin:80 - create IPUIPlugin
2024-06-23 09:23:38,295 [INFO] PluginManager:220 - loadIPPluginJar : add genericplugin
2024-06-23 09:23:38,428 [INFO] IPUIPlugin:80 - create IPUIPlugin
2024-06-23 09:23:38,429 [INFO] PluginManager:220 - loadIPPluginJar : add gfxmmu
2024-06-23 09:23:38,564 [INFO] IPUIPlugin:80 - create IPUIPlugin
2024-06-23 09:23:38,565 [INFO] PluginManager:220 - loadIPPluginJar : add gic
2024-06-23 09:23:38,594 [INFO] IPUIPlugin:80 - create IPUIPlugin
2024-06-23 09:23:38,594 [INFO] PluginManager:220 - loadIPPluginJar : add gpio
2024-06-23 09:23:38,685 [INFO] IPUIPlugin:80 - create IPUIPlugin
2024-06-23 09:23:38,685 [INFO] PluginManager:220 - loadIPPluginJar : add gtzc
2024-06-23 09:23:38,743 [INFO] IPUIPlugin:80 - create IPUIPlugin
2024-06-23 09:23:38,744 [INFO] PluginManager:220 - loadIPPluginJar : add hash
2024-06-23 09:23:38,805 [INFO] IPUIPlugin:80 - create IPUIPlugin
2024-06-23 09:23:38,805 [INFO] PluginManager:220 - loadIPPluginJar : add i2c
2024-06-23 09:23:38,859 [INFO] IPUIPlugin:80 - create IPUIPlugin
2024-06-23 09:23:38,859 [INFO] PluginManager:220 - loadIPPluginJar : add i2s
2024-06-23 09:23:38,906 [INFO] IPUIPlugin:80 - create IPUIPlugin
2024-06-23 09:23:38,907 [INFO] PluginManager:220 - loadIPPluginJar : add i3c
2024-06-23 09:23:39,054 [INFO] IPUIPlugin:80 - create IPUIPlugin
2024-06-23 09:23:39,054 [INFO] PluginManager:220 - loadIPPluginJar : add ipddr
2024-06-23 09:23:39,146 [INFO] IPUIPlugin:80 - create IPUIPlugin
2024-06-23 09:23:39,147 [INFO] PluginManager:220 - loadIPPluginJar : add linkedlist
2024-06-23 09:23:39,192 [INFO] IPUIPlugin:80 - create IPUIPlugin
2024-06-23 09:23:39,192 [INFO] PluginManager:220 - loadIPPluginJar : add lorawan
2024-06-23 09:23:39,237 [INFO] IPUIPlugin:80 - create IPUIPlugin
2024-06-23 09:23:39,237 [INFO] PluginManager:220 - loadIPPluginJar : add ltdc
2024-06-23 09:23:39,301 [INFO] IPUIPlugin:80 - create IPUIPlugin
2024-06-23 09:23:39,301 [INFO] PluginManager:220 - loadIPPluginJar : add mdma
2024-06-23 09:23:39,325 [INFO] IPUIPlugin:80 - create IPUIPlugin
2024-06-23 09:23:39,325 [INFO] PluginManager:220 - loadIPPluginJar : add nvic
2024-06-23 09:23:39,369 [INFO] IPUIPlugin:80 - create IPUIPlugin
2024-06-23 09:23:39,369 [INFO] PluginManager:220 - loadIPPluginJar : add opamp
2024-06-23 09:23:39,434 [INFO] IPUIPlugin:80 - create IPUIPlugin
2024-06-23 09:23:39,434 [INFO] PluginManager:220 - loadIPPluginJar : add openamp
2024-06-23 09:23:39,530 [INFO] IPUIPlugin:80 - create IPUIPlugin
2024-06-23 09:23:39,530 [INFO] PluginManager:220 - loadIPPluginJar : add pdm2pcm
2024-06-23 09:23:39,555 [INFO] IPUIPlugin:80 - create IPUIPlugin
2024-06-23 09:23:39,557 [INFO] PluginManager:220 - loadIPPluginJar : add plateformsettings
2024-06-23 09:23:39,573 [INFO] ThirdPartyUpdaterWithRetryManager:70 - Updater plugin not ready yet. [2/15]
2024-06-23 09:23:39,583 [INFO] IPUIPlugin:80 - create IPUIPlugin
2024-06-23 09:23:39,583 [INFO] PluginManager:220 - loadIPPluginJar : add quadspi
2024-06-23 09:23:39,600 [INFO] IPUIPlugin:80 - create IPUIPlugin
2024-06-23 09:23:39,600 [INFO] PluginManager:220 - loadIPPluginJar : add resmgrutility
2024-06-23 09:23:39,687 [INFO] IPUIPlugin:80 - create IPUIPlugin
2024-06-23 09:23:39,687 [INFO] PluginManager:220 - loadIPPluginJar : add sai
2024-06-23 09:23:39,732 [INFO] IPUIPlugin:80 - create IPUIPlugin
2024-06-23 09:23:39,732 [INFO] PluginManager:220 - loadIPPluginJar : add spi
2024-06-23 09:23:39,802 [INFO] IPUIPlugin:80 - create IPUIPlugin
2024-06-23 09:23:39,802 [INFO] PluginManager:220 - loadIPPluginJar : add stm32_wpan
2024-06-23 09:23:39,831 [INFO] IPUIPlugin:80 - create IPUIPlugin
2024-06-23 09:23:39,831 [INFO] PluginManager:220 - loadIPPluginJar : add tim
2024-06-23 09:23:39,922 [INFO] IPUIPlugin:80 - create IPUIPlugin
2024-06-23 09:23:39,922 [INFO] PluginManager:220 - loadIPPluginJar : add touchsensing
2024-06-23 09:23:39,951 [INFO] IPUIPlugin:80 - create IPUIPlugin
2024-06-23 09:23:39,951 [INFO] PluginManager:220 - loadIPPluginJar : add tracer_emb
2024-06-23 09:23:39,988 [INFO] IPUIPlugin:80 - create IPUIPlugin
2024-06-23 09:23:39,989 [INFO] PluginManager:220 - loadIPPluginJar : add ts
2024-06-23 09:23:40,017 [INFO] IPUIPlugin:80 - create IPUIPlugin
2024-06-23 09:23:40,018 [INFO] PluginManager:220 - loadIPPluginJar : add tsc
2024-06-23 09:23:40,085 [INFO] IPUIPlugin:80 - create IPUIPlugin
2024-06-23 09:23:40,085 [INFO] PluginManager:220 - loadIPPluginJar : add ucpd
2024-06-23 09:23:40,135 [INFO] IPUIPlugin:80 - create IPUIPlugin
2024-06-23 09:23:40,135 [INFO] PluginManager:220 - loadIPPluginJar : add usart
2024-06-23 09:23:40,185 [INFO] IPUIPlugin:80 - create IPUIPlugin
2024-06-23 09:23:40,185 [INFO] PluginManager:220 - loadIPPluginJar : add usbx
2024-06-23 09:23:40,346 [INFO] CADModel:165 - CPN selected for project level
2024-06-23 09:23:40,346 [INFO] CADModel:114 - Register for checkConnection events
2024-06-23 09:23:40,346 [FATAL] Updater:308 - Updater called before beeing initialized
2024-06-23 09:23:40,347 [ERROR] CADModel:125 - Updater not yet initialized, retry later 
2024-06-23 09:23:40,717 [INFO] CADModel:165 - CPN selected for project level
2024-06-23 09:23:40,736 [INFO] CADModel:114 - Register for checkConnection events
2024-06-23 09:23:40,736 [FATAL] Updater:308 - Updater called before beeing initialized
2024-06-23 09:23:40,736 [ERROR] CADModel:125 - Updater not yet initialized, retry later 
2024-06-23 09:23:40,740 [FATAL] Updater:308 - Updater called before beeing initialized
2024-06-23 09:23:40,854 [FATAL] Updater:308 - Updater called before beeing initialized
2024-06-23 09:23:40,862 [INFO] DbMcusAds:53 - JSON generation date=Thu May 16 14:52:00 IST 2024 (1715851320852)
2024-06-23 09:23:40,862 [FATAL] Updater:308 - Updater called before beeing initialized
2024-06-23 09:23:40,986 [WARN] DetailPanel:346 - Failed to get advertising image, set to default
2024-06-23 09:23:41,085 [FATAL] Updater:308 - Updater called before beeing initialized
2024-06-23 09:23:41,088 [FATAL] Updater:308 - Updater called before beeing initialized
2024-06-23 09:23:41,088 [FATAL] Updater:308 - Updater called before beeing initialized
2024-06-23 09:23:41,088 [WARN] DetailPanel:346 - Failed to get advertising image, set to default
2024-06-23 09:23:41,088 [FATAL] Updater:308 - Updater called before beeing initialized
2024-06-23 09:23:41,262 [ERROR] Updater:1120 - MainUpdater not yet initialized. External WinMGr cannot be set.
2024-06-23 09:23:41,300 [INFO] Updater:1056 - Updater Version found : 6.10.0
2024-06-23 09:23:41,341 [INFO] ApplicationProperties:184 - Using Application install path: D:\stm32\STM32CubeIDE_1.14.1\STM32CubeIDE\plugins\com.st.stm32cube.common.mx_6.10.0.202311202037
2024-06-23 09:23:42,574 [INFO] ThirdPartyUpdaterWithRetryManager:70 - Updater plugin not ready yet. [3/15]
2024-06-23 09:23:42,959 [ERROR] LogOutputStream:75 - [STDERR_REDIRECT] Jun 23, 2024 9:23:42 AM java.util.prefs.WindowsPreferences <init>
2024-06-23 09:23:42,960 [ERROR] LogOutputStream:75 - [STDERR_REDIRECT] WARNING: Could not open/create prefs root node Software\JavaSoft\Prefs at root 0xffffffff80000002. Windows RegCreateKeyEx(...) returned error code 5.
2024-06-23 09:23:42,960 [ERROR] LogOutputStream:75 - [STDERR_REDIRECT] 
2024-06-23 09:23:43,678 [INFO] MainUpdater:2873 - connection check result : 10
2024-06-23 09:23:43,679 [INFO] MainUpdater:290 - Updater Check For Update Now.
2024-06-23 09:23:43,679 [INFO] MicroXplorer:498 - Change Database Version : DB.6.0.100
2024-06-23 09:23:43,726 [INFO] McuFinderGlobals:63 - Set McuFinder mode to 2 (CubeIDE integrated)
2024-06-23 09:23:43,900 [INFO] CheckServerUpdateThread:120 - End of CheckServer Thread
2024-06-23 09:23:44,956 [INFO] UserAuth:404 - Internet connection configuration mode: 1
2024-06-23 09:23:46,232 [INFO] JxBrowserEngine:152 - Initiate JxBrowser Engine with user profile folder
2024-06-23 09:23:46,438 [WARN] PackLoader:240 - Cannot read IP mode file for STMicroelectronics.FP-SNS-MOTENVWB1.1.4.0
2024-06-23 09:23:46,480 [WARN] PackLoader:240 - Cannot read IP mode file for STMicroelectronics.X-CUBE-SMBUS.2.1.0
2024-06-23 09:23:46,508 [WARN] PackLoader:240 - Cannot read IP mode file for STMicroelectronics.X-CUBE-TOUCHGFX.4.23.0
2024-06-23 09:23:46,521 [WARN] PackLoader:240 - Cannot read IP mode file for STMicroelectronics.X-CUBE-TOUCHGFX.4.23.2
2024-06-23 09:23:46,587 [WARN] PackLoader:240 - Cannot read IP mode file for STMicroelectronics.X-CUBE-AZRTOS-F7.1.1.0
2024-06-23 09:23:46,611 [WARN] PackLoader:240 - Cannot read IP mode file for STMicroelectronics.FP-SNS-MOTENV1.4.3.2
2024-06-23 09:23:46,633 [WARN] PackLoader:240 - Cannot read IP mode file for STMicroelectronics.FP-SNS-FLIGHT1.5.0.2
2024-06-23 09:23:46,652 [WARN] PackLoader:240 - Cannot read IP mode file for STMicroelectronics.X-CUBE-DISPLAY.3.0.0
2024-06-23 09:23:46,685 [WARN] PackLoader:240 - Cannot read IP mode file for STMicroelectronics.X-CUBE-BLE1.7.0.0
2024-06-23 09:23:46,705 [WARN] PackLoader:240 - Cannot read IP mode file for emotas.I-CUBE-CANOPEN.1.3.0
2024-06-23 09:23:46,732 [WARN] PackLoader:240 - Cannot read IP mode file for STMicroelectronics.X-CUBE-BLEMGR.3.1.0
2024-06-23 09:23:46,756 [WARN] PackLoader:240 - Cannot read IP mode file for STMicroelectronics.FP-SNS-SMARTAG2.1.2.0
2024-06-23 09:23:46,781 [INFO] LogOutputStream:77 - [STDOUT_REDIRECT] 1 : Invalid condition id : UX_CORESTACK_Condition cause : null
2024-06-23 09:23:46,782 [INFO] LogOutputStream:77 - [STDOUT_REDIRECT] 1 : Invalid condition id : UX_CORESTACK_Condition cause : null
2024-06-23 09:23:46,784 [INFO] LogOutputStream:77 - [STDOUT_REDIRECT] 1 : Invalid condition id : UX_CORESTACK_Condition cause : null
2024-06-23 09:23:46,785 [INFO] LogOutputStream:77 - [STDOUT_REDIRECT] 1 : Invalid condition id : UX_CORESTACK_Condition cause : null
2024-06-23 09:23:46,786 [INFO] LogOutputStream:77 - [STDOUT_REDIRECT] 1 : Invalid condition id : UX_CORESTACK_Condition cause : null
2024-06-23 09:23:46,791 [WARN] PackLoader:240 - Cannot read IP mode file for STMicroelectronics.X-CUBE-AZRTOS-WL.2.0.0
2024-06-23 09:23:46,805 [WARN] PackLoader:240 - Cannot read IP mode file for STMicroelectronics.FP-SNS-MOTENV1.5.0.0
2024-06-23 09:23:46,823 [WARN] PackLoader:240 - Cannot read IP mode file for wolfSSL.I-CUBE-wolfMQTT.1.19.0
2024-06-23 09:23:46,845 [WARN] PackLoader:240 - Cannot read IP mode file for WES.I-CUBE-Cesium.1.3.0
2024-06-23 09:23:46,862 [WARN] PackLoader:240 - Cannot read IP mode file for STMicroelectronics.X-CUBE-BLE2.3.3.0
2024-06-23 09:23:46,880 [WARN] PackLoader:240 - Cannot read IP mode file for STMicroelectronics.X-CUBE-TCPP.4.1.0
2024-06-23 09:23:46,904 [WARN] PackLoader:240 - Cannot read IP mode file for STMicroelectronics.X-CUBE-ALGOBUILD.1.3.0
2024-06-23 09:23:46,940 [WARN] PackLoader:240 - Cannot read IP mode file for STMicroelectronics.X-CUBE-AZRTOS-G0.1.1.0
2024-06-23 09:23:46,967 [WARN] PackLoader:240 - Cannot read IP mode file for STMicroelectronics.X-CUBE-SAFEA1.1.2.2
2024-06-23 09:23:46,992 [WARN] PackLoader:240 - Cannot read IP mode file for STMicroelectronics.X-CUBE-NFC4.3.0.0
2024-06-23 09:23:47,001 [WARN] PackLoader:240 - Cannot read IP mode file for STMicroelectronics.FP-ATR-SIGFOX1.3.2.0
2024-06-23 09:23:47,022 [WARN] PackLoader:240 - Cannot read IP mode file for STMicroelectronics.X-CUBE-EEPRMA1.5.1.0
2024-06-23 09:23:47,087 [WARN] PackLoader:240 - Cannot read IP mode file for SEGGER.I-CUBE-embOS.1.3.1
2024-06-23 09:23:47,149 [WARN] PackLoader:240 - Cannot read IP mode file for STMicroelectronics.X-CUBE-ALGOBUILD.1.4.0
2024-06-23 09:23:47,174 [WARN] PackLoader:240 - Cannot read IP mode file for STMicroelectronics.X-CUBE-GNSS1.6.0.0
2024-06-23 09:23:47,213 [WARN] PackLoader:240 - Cannot read IP mode file for STMicroelectronics.X-CUBE-AZRTOS-F4.1.1.0
2024-06-23 09:23:47,246 [WARN] PackLoader:240 - Cannot read IP mode file for STMicroelectronics.X-CUBE-FREERTOS.1.2.0
2024-06-23 09:23:47,272 [WARN] PackLoader:240 - Cannot read IP mode file for wolfSSL.I-CUBE-wolfSSL.5.6.6
2024-06-23 09:23:47,311 [WARN] PackLoader:240 - Cannot read IP mode file for STMicroelectronics.X-CUBE-AZRTOS-L5.2.0.0
2024-06-23 09:23:47,333 [WARN] PackLoader:240 - Cannot read IP mode file for STMicroelectronics.X-CUBE-NFC6.3.1.0
2024-06-23 09:23:47,351 [WARN] PackLoader:240 - Cannot read IP mode file for ITTIA_DB.I-CUBE-ITTIADB.8.8.0
2024-06-23 09:23:47,369 [WARN] PackLoader:240 - Cannot read IP mode file for STMicroelectronics.X-CUBE-AI.9.0.0
2024-06-23 09:23:47,385 [WARN] PackLoader:240 - Cannot read IP mode file for STMicroelectronics.X-CUBE-NFC7.1.0.1
2024-06-23 09:23:47,405 [WARN] PackLoader:240 - Cannot read IP mode file for STMicroelectronics.X-CUBE-NFC6.3.0.0
2024-06-23 09:23:47,427 [WARN] PackLoader:240 - Cannot read IP mode file for STMicroelectronics.X-CUBE-AI.8.1.0
2024-06-23 09:23:47,467 [WARN] ConditionMgr:438 - getConditionDescription Invalid condition id : LAN8742 Phy interface Condition cause : null
2024-06-23 09:23:47,468 [WARN] PackLoader:240 - Cannot read IP mode file for STMicroelectronics.X-CUBE-AZRTOS-L4.2.0.0
2024-06-23 09:23:47,470 [WARN] ConditionMgr:1039 - genDependencies : Invalid condition id : LAN8742 Phy interface Condition cause : null
2024-06-23 09:23:47,471 [WARN] ConditionMgr:1039 - genDependencies : Invalid condition id : LAN8742 Phy interface Condition cause : null
2024-06-23 09:23:47,472 [WARN] ConditionMgr:1039 - genDependencies : Invalid condition id : LAN8742 Phy interface Condition cause : null
2024-06-23 09:23:47,492 [WARN] PackLoader:240 - Cannot read IP mode file for STMicroelectronics.X-CUBE-SFXS2LP1.4.0.0
2024-06-23 09:23:47,526 [WARN] ConditionMgr:438 - getConditionDescription Invalid condition id : UX DEVICE CLASS RTOS Condition cause : null
2024-06-23 09:23:47,526 [WARN] ConditionMgr:438 - getConditionDescription Invalid condition id : UX DEVICE CLASS RTOS Condition cause : null
2024-06-23 09:23:47,528 [WARN] PackLoader:240 - Cannot read IP mode file for STMicroelectronics.X-CUBE-AZRTOS-WB.2.0.0
2024-06-23 09:23:47,529 [WARN] ConditionMgr:1039 - genDependencies : Invalid condition id : UX DEVICE CLASS RTOS Condition cause : null
2024-06-23 09:23:47,529 [WARN] ConditionMgr:1039 - genDependencies : Invalid condition id : UX DEVICE CLASS RTOS Condition cause : null
2024-06-23 09:23:47,530 [WARN] ConditionMgr:1039 - genDependencies : Invalid condition id : UX DEVICE CLASS RTOS Condition cause : null
2024-06-23 09:23:47,530 [WARN] ConditionMgr:1039 - genDependencies : Invalid condition id : UX DEVICE CLASS RTOS Condition cause : null
2024-06-23 09:23:47,531 [WARN] ConditionMgr:1039 - genDependencies : Invalid condition id : UX DEVICE CLASS RTOS Condition cause : null
2024-06-23 09:23:47,557 [WARN] PackLoader:240 - Cannot read IP mode file for STMicroelectronics.X-CUBE-SUBG2.5.0.0
2024-06-23 09:23:47,578 [WARN] PackLoader:240 - Cannot read IP mode file for Cesanta.I-CUBE-Mongoose.7.13.0
2024-06-23 09:23:47,610 [WARN] PackLoader:240 - Cannot read IP mode file for STMicroelectronics.X-CUBE-AZRTOS-G4.2.0.0
2024-06-23 09:23:47,641 [WARN] PackLoader:240 - Cannot read IP mode file for Infineon.AIROC-Wi-Fi-Bluetooth-STM32.1.5.1
2024-06-23 09:23:47,659 [WARN] PackLoader:240 - Cannot read IP mode file for STMicroelectronics.FP-SNS-MOTENVWB1.1.3.1
2024-06-23 09:23:47,676 [WARN] PackLoader:240 - Cannot read IP mode file for STMicroelectronics.X-CUBE-ISPU.2.0.0
2024-06-23 09:23:47,694 [WARN] PackLoader:240 - Cannot read IP mode file for STMicroelectronics.X-CUBE-ALS.1.0.2
2024-06-23 09:23:47,746 [WARN] PackLoader:240 - Cannot read IP mode file for STMicroelectronics.X-CUBE-MEMS1.10.0.0
2024-06-23 09:23:48,024 [WARN] PackLoader:240 - Cannot read IP mode file for STMicroelectronics.X-CUBE-FREERTOS.1.1.0
2024-06-23 09:23:48,096 [WARN] PackLoader:240 - Cannot read IP mode file for portGmbH.I-Cube-SoM-uGOAL.1.1.0
2024-06-23 09:23:48,134 [WARN] PackLoader:240 - Cannot read IP mode file for STMicroelectronics.X-CUBE-ALS.1.0.1
2024-06-23 09:23:48,181 [WARN] PackLoader:240 - Cannot read IP mode file for STMicroelectronics.X-CUBE-AZRTOS-H7RS.1.0.0
2024-06-23 09:23:48,201 [WARN] PackLoader:240 - Cannot read IP mode file for STMicroelectronics.FP-ATR-ASTRA1.2.0.0
2024-06-23 09:23:48,232 [WARN] PackLoader:240 - Cannot read IP mode file for STMicroelectronics.X-CUBE-TOF1.3.4.0
2024-06-23 09:23:48,263 [WARN] PackLoader:240 - Cannot read IP mode file for STMicroelectronics.X-CUBE-TOF1.3.4.1
2024-06-23 09:23:48,301 [WARN] PackLoader:240 - Cannot read IP mode file for STMicroelectronics.X-CUBE-AZRTOS-H7.3.2.0
2024-06-23 09:23:48,305 [INFO] ThirdParty:978 - Integrity check success = true
2024-06-23 09:23:48,305 [INFO] IntegrityCheckThread:100 - exiting critical section [integrity check]
2024-06-23 09:23:48,305 [INFO] IntegrityCheckThread:103 - End integrity checks thread
2024-06-23 09:23:50,531 [INFO] WebApp:161 - Instantiating new browser for Auth
2024-06-23 09:23:51,355 [INFO] WebApp:780 - Register for checkConnection events
2024-06-23 09:23:51,356 [INFO] WebApp:414 - Apply proxy settings
2024-06-23 09:23:51,356 [INFO] WebApp:499 - Chromium requires no authentication
2024-06-23 09:23:51,366 [INFO] WebApp:442 - Direct internet connection detected
2024-06-23 09:23:51,569 [INFO] WebApp:192 - Starting web application
2024-06-23 09:23:51,569 [INFO] WebApp:544 - Web application path used D:\stm32\STM32CubeIDE_1.14.1\STM32CubeIDE\plugins\com.st.stm32cube.common.mx_6.10.0.202311202037\db\plugins\mcufinder\reactClient1\index.html
2024-06-23 09:24:13,988 [ERROR] LogOutputStream:75 - [STDERR_REDIRECT] SLF4J: Failed to load class "org.slf4j.impl.StaticLoggerBinder".
2024-06-23 09:24:13,990 [ERROR] LogOutputStream:75 - [STDERR_REDIRECT] SLF4J: Defaulting to no-operation (NOP) logger implementation
2024-06-23 09:24:13,991 [ERROR] LogOutputStream:75 - [STDERR_REDIRECT] SLF4J: See http://www.slf4j.org/codes.html#StaticLoggerBinder for further details.
2024-06-23 10:38:55,613 [ERROR] LogOutputStream:75 - [STDERR_REDIRECT] 
